{"./src/App.tsx": {"path":"./src/App.tsx","statementMap":{"0":{"start":{"line":26,"column":64},"end":{"line":40,"column":1}},"1":{"start":{"line":27,"column":43},"end":{"line":27,"column":88}},"2":{"start":{"line":27,"column":77},"end":{"line":27,"column":87}},"3":{"start":{"line":30,"column":2},"end":{"line":32,"column":3}},"4":{"start":{"line":31,"column":4},"end":{"line":31,"column":47}},"5":{"start":{"line":35,"column":2},"end":{"line":37,"column":3}},"6":{"start":{"line":36,"column":4},"end":{"line":36,"column":44}},"7":{"start":{"line":39,"column":2},"end":{"line":39,"column":25}},"8":{"start":{"line":42,"column":29},"end":{"line":149,"column":1}},"9":{"start":{"line":43,"column":19},"end":{"line":43,"column":32}},"10":{"start":{"line":44,"column":23},"end":{"line":44,"column":69}},"11":{"start":{"line":44,"column":57},"end":{"line":44,"column":68}},"12":{"start":{"line":45,"column":30},"end":{"line":45,"column":75}},"13":{"start":{"line":45,"column":64},"end":{"line":45,"column":74}},"14":{"start":{"line":46,"column":16},"end":{"line":46,"column":49}},"15":{"start":{"line":49,"column":2},"end":{"line":49,"column":17}},"16":{"start":{"line":52,"column":2},"end":{"line":52,"column":16}},"17":{"start":{"line":55,"column":2},"end":{"line":61,"column":17}},"18":{"start":{"line":56,"column":4},"end":{"line":56,"column":78}},"19":{"start":{"line":57,"column":4},"end":{"line":57,"column":36}},"20":{"start":{"line":58,"column":4},"end":{"line":58,"column":47}},"21":{"start":{"line":60,"column":4},"end":{"line":60,"column":40}},"22":{"start":{"line":63,"column":2},"end":{"line":148,"column":4}},"23":{"start":{"line":151,"column":22},"end":{"line":159,"column":1}},"24":{"start":{"line":152,"column":2},"end":{"line":158,"column":4}}},"fnMap":{"0":{"name":"(anonymous_0)","decl":{"start":{"line":26,"column":64},"end":{"line":26,"column":65}},"loc":{"start":{"line":26,"column":82},"end":{"line":40,"column":1}},"line":26},"1":{"name":"(anonymous_1)","decl":{"start":{"line":27,"column":55},"end":{"line":27,"column":56}},"loc":{"start":{"line":27,"column":77},"end":{"line":27,"column":87}},"line":27},"2":{"name":"(anonymous_2)","decl":{"start":{"line":42,"column":29},"end":{"line":42,"column":30}},"loc":{"start":{"line":42,"column":35},"end":{"line":149,"column":1}},"line":42},"3":{"name":"(anonymous_3)","decl":{"start":{"line":44,"column":35},"end":{"line":44,"column":36}},"loc":{"start":{"line":44,"column":57},"end":{"line":44,"column":68}},"line":44},"4":{"name":"(anonymous_4)","decl":{"start":{"line":45,"column":42},"end":{"line":45,"column":43}},"loc":{"start":{"line":45,"column":64},"end":{"line":45,"column":74}},"line":45},"5":{"name":"(anonymous_5)","decl":{"start":{"line":55,"column":12},"end":{"line":55,"column":13}},"loc":{"start":{"line":55,"column":18},"end":{"line":61,"column":3}},"line":55},"6":{"name":"(anonymous_6)","decl":{"start":{"line":151,"column":22},"end":{"line":151,"column":23}},"loc":{"start":{"line":151,"column":28},"end":{"line":159,"column":1}},"line":151}},"branchMap":{"0":{"loc":{"start":{"line":30,"column":2},"end":{"line":32,"column":3}},"type":"if","locations":[{"start":{"line":30,"column":2},"end":{"line":32,"column":3}},{"start":{},"end":{}}],"line":30},"1":{"loc":{"start":{"line":35,"column":2},"end":{"line":37,"column":3}},"type":"if","locations":[{"start":{"line":35,"column":2},"end":{"line":37,"column":3}},{"start":{},"end":{}}],"line":35},"2":{"loc":{"start":{"line":46,"column":16},"end":{"line":46,"column":49}},"type":"cond-expr","locations":[{"start":{"line":46,"column":27},"end":{"line":46,"column":36}},{"start":{"line":46,"column":39},"end":{"line":46,"column":49}}],"line":46},"3":{"loc":{"start":{"line":144,"column":24},"end":{"line":144,"column":56}},"type":"cond-expr","locations":[{"start":{"line":144,"column":42},"end":{"line":144,"column":45}},{"start":{"line":144,"column":48},"end":{"line":144,"column":56}}],"line":144}},"s":{"0":1,"1":2,"2":5,"3":2,"4":2,"5":0,"6":0,"7":0,"8":1,"9":8,"10":7,"11":23,"12":7,"13":23,"14":7,"15":7,"16":7,"17":7,"18":5,"19":5,"20":5,"21":5,"22":7,"23":1,"24":6},"f":{"0":2,"1":5,"2":8,"3":23,"4":23,"5":5,"6":6},"b":{"0":[2,0],"1":[0,0],"2":[0,7],"3":[0,7]},"_coverageSchema":"1a1c01bbd47fc00a2c39e90264f33305004495a9","hash":"cf01caa1fff567b7a79570cc2683c79ebad6f1b7"}
,"./src/index.tsx": {"path":"./src/index.tsx","statementMap":{"0":{"start":{"line":7,"column":22},"end":{"line":7,"column":35}},"1":{"start":{"line":8,"column":0},"end":{"line":17,"column":2}},"2":{"start":{"line":9,"column":18},"end":{"line":9,"column":32}},"3":{"start":{"line":10,"column":2},"end":{"line":15,"column":3}},"4":{"start":{"line":13,"column":4},"end":{"line":13,"column":63}},"5":{"start":{"line":14,"column":4},"end":{"line":14,"column":11}},"6":{"start":{"line":16,"column":2},"end":{"line":16,"column":37}},"7":{"start":{"line":20,"column":24},"end":{"line":20,"column":38}},"8":{"start":{"line":21,"column":0},"end":{"line":30,"column":2}},"9":{"start":{"line":22,"column":2},"end":{"line":25,"column":3}},"10":{"start":{"line":23,"column":4},"end":{"line":23,"column":63}},"11":{"start":{"line":24,"column":4},"end":{"line":24,"column":16}},"12":{"start":{"line":26,"column":2},"end":{"line":28,"column":3}},"13":{"start":{"line":27,"column":4},"end":{"line":27,"column":66}},"14":{"start":{"line":29,"column":2},"end":{"line":29,"column":15}},"15":{"start":{"line":33,"column":0},"end":{"line":42,"column":3}},"16":{"start":{"line":34,"column":2},"end":{"line":41,"column":3}},"17":{"start":{"line":35,"column":20},"end":{"line":35,"column":40}},"18":{"start":{"line":36,"column":4},"end":{"line":40,"column":5}},"19":{"start":{"line":37,"column":6},"end":{"line":37,"column":75}},"20":{"start":{"line":38,"column":6},"end":{"line":38,"column":29}},"21":{"start":{"line":39,"column":6},"end":{"line":39,"column":13}},"22":{"start":{"line":45,"column":21},"end":{"line":45,"column":26}},"23":{"start":{"line":48,"column":22},"end":{"line":48,"column":27}},"24":{"start":{"line":49,"column":0},"end":{"line":63,"column":9}},"25":{"start":{"line":50,"column":2},"end":{"line":61,"column":3}},"26":{"start":{"line":51,"column":4},"end":{"line":51,"column":80}},"27":{"start":{"line":52,"column":4},"end":{"line":52,"column":26}},"28":{"start":{"line":54,"column":22},"end":{"line":59,"column":5}},"29":{"start":{"line":58,"column":22},"end":{"line":58,"column":63}},"30":{"start":{"line":60,"column":4},"end":{"line":60,"column":28}},"31":{"start":{"line":62,"column":2},"end":{"line":62,"column":36}},"32":{"start":{"line":66,"column":22},"end":{"line":66,"column":27}},"33":{"start":{"line":67,"column":21},"end":{"line":75,"column":1}},"34":{"start":{"line":68,"column":2},"end":{"line":73,"column":3}},"35":{"start":{"line":71,"column":4},"end":{"line":71,"column":73}},"36":{"start":{"line":72,"column":4},"end":{"line":72,"column":11}},"37":{"start":{"line":74,"column":2},"end":{"line":74,"column":14}},"38":{"start":{"line":78,"column":0},"end":{"line":78,"column":51}},"39":{"start":{"line":80,"column":13},"end":{"line":82,"column":1}},"40":{"start":{"line":84,"column":0},"end":{"line":90,"column":2}},"41":{"start":{"line":93,"column":0},"end":{"line":109,"column":1}},"42":{"start":{"line":94,"column":2},"end":{"line":108,"column":5}},"43":{"start":{"line":95,"column":4},"end":{"line":107,"column":9}},"44":{"start":{"line":98,"column":8},"end":{"line":98,"column":82}},"45":{"start":{"line":101,"column":8},"end":{"line":103,"column":18}},"46":{"start":{"line":102,"column":10},"end":{"line":102,"column":32}},"47":{"start":{"line":106,"column":8},"end":{"line":106,"column":63}}},"fnMap":{"0":{"name":"(anonymous_0)","decl":{"start":{"line":8,"column":16},"end":{"line":8,"column":17}},"loc":{"start":{"line":8,"column":36},"end":{"line":17,"column":1}},"line":8},"1":{"name":"(anonymous_1)","decl":{"start":{"line":21,"column":17},"end":{"line":21,"column":18}},"loc":{"start":{"line":21,"column":60},"end":{"line":30,"column":1}},"line":21},"2":{"name":"(anonymous_2)","decl":{"start":{"line":33,"column":46},"end":{"line":33,"column":47}},"loc":{"start":{"line":33,"column":57},"end":{"line":42,"column":1}},"line":33},"3":{"name":"(anonymous_3)","decl":{"start":{"line":49,"column":15},"end":{"line":49,"column":16}},"loc":{"start":{"line":49,"column":42},"end":{"line":63,"column":1}},"line":49},"4":{"name":"(anonymous_4)","decl":{"start":{"line":58,"column":16},"end":{"line":58,"column":17}},"loc":{"start":{"line":58,"column":22},"end":{"line":58,"column":63}},"line":58},"5":{"name":"(anonymous_5)","decl":{"start":{"line":67,"column":21},"end":{"line":67,"column":22}},"loc":{"start":{"line":67,"column":42},"end":{"line":75,"column":1}},"line":67},"6":{"name":"(anonymous_6)","decl":{"start":{"line":94,"column":34},"end":{"line":94,"column":35}},"loc":{"start":{"line":94,"column":40},"end":{"line":108,"column":3}},"line":94},"7":{"name":"(anonymous_7)","decl":{"start":{"line":97,"column":12},"end":{"line":97,"column":13}},"loc":{"start":{"line":97,"column":28},"end":{"line":104,"column":7}},"line":97},"8":{"name":"(anonymous_8)","decl":{"start":{"line":101,"column":20},"end":{"line":101,"column":21}},"loc":{"start":{"line":101,"column":26},"end":{"line":103,"column":9}},"line":101},"9":{"name":"(anonymous_9)","decl":{"start":{"line":105,"column":13},"end":{"line":105,"column":14}},"loc":{"start":{"line":105,"column":20},"end":{"line":107,"column":7}},"line":105}},"branchMap":{"0":{"loc":{"start":{"line":10,"column":2},"end":{"line":15,"column":3}},"type":"if","locations":[{"start":{"line":10,"column":2},"end":{"line":15,"column":3}},{"start":{},"end":{}}],"line":10},"1":{"loc":{"start":{"line":10,"column":6},"end":{"line":12,"column":36}},"type":"binary-expr","locations":[{"start":{"line":10,"column":6},"end":{"line":10,"column":41}},{"start":{"line":11,"column":7},"end":{"line":11,"column":66}},{"start":{"line":12,"column":7},"end":{"line":12,"column":35}}],"line":10},"2":{"loc":{"start":{"line":22,"column":2},"end":{"line":25,"column":3}},"type":"if","locations":[{"start":{"line":22,"column":2},"end":{"line":25,"column":3}},{"start":{},"end":{}}],"line":22},"3":{"loc":{"start":{"line":22,"column":6},"end":{"line":22,"column":72}},"type":"binary-expr","locations":[{"start":{"line":22,"column":6},"end":{"line":22,"column":33}},{"start":{"line":22,"column":37},"end":{"line":22,"column":72}}],"line":22},"4":{"loc":{"start":{"line":26,"column":2},"end":{"line":28,"column":3}},"type":"if","locations":[{"start":{"line":26,"column":2},"end":{"line":28,"column":3}},{"start":{},"end":{}}],"line":26},"5":{"loc":{"start":{"line":34,"column":2},"end":{"line":41,"column":3}},"type":"if","locations":[{"start":{"line":34,"column":2},"end":{"line":41,"column":3}},{"start":{},"end":{}}],"line":34},"6":{"loc":{"start":{"line":34,"column":6},"end":{"line":34,"column":78}},"type":"binary-expr","locations":[{"start":{"line":34,"column":6},"end":{"line":34,"column":18}},{"start":{"line":34,"column":22},"end":{"line":34,"column":54}},{"start":{"line":34,"column":58},"end":{"line":34,"column":78}}],"line":34},"7":{"loc":{"start":{"line":36,"column":4},"end":{"line":40,"column":5}},"type":"if","locations":[{"start":{"line":36,"column":4},"end":{"line":40,"column":5}},{"start":{},"end":{}}],"line":36},"8":{"loc":{"start":{"line":50,"column":2},"end":{"line":61,"column":3}},"type":"if","locations":[{"start":{"line":50,"column":2},"end":{"line":61,"column":3}},{"start":{},"end":{}}],"line":50},"9":{"loc":{"start":{"line":50,"column":6},"end":{"line":50,"column":52}},"type":"binary-expr","locations":[{"start":{"line":50,"column":6},"end":{"line":50,"column":13}},{"start":{"line":50,"column":17},"end":{"line":50,"column":52}}],"line":50},"10":{"loc":{"start":{"line":68,"column":2},"end":{"line":73,"column":3}},"type":"if","locations":[{"start":{"line":68,"column":2},"end":{"line":73,"column":3}},{"start":{},"end":{}}],"line":68},"11":{"loc":{"start":{"line":68,"column":6},"end":{"line":70,"column":50}},"type":"binary-expr","locations":[{"start":{"line":68,"column":6},"end":{"line":68,"column":11}},{"start":{"line":68,"column":15},"end":{"line":68,"column":40}},{"start":{"line":69,"column":7},"end":{"line":69,"column":49}},{"start":{"line":70,"column":7},"end":{"line":70,"column":49}}],"line":68},"12":{"loc":{"start":{"line":93,"column":0},"end":{"line":109,"column":1}},"type":"if","locations":[{"start":{"line":93,"column":0},"end":{"line":109,"column":1}},{"start":{},"end":{}}],"line":93},"13":{"loc":{"start":{"line":93,"column":4},"end":{"line":93,"column":73}},"type":"binary-expr","locations":[{"start":{"line":93,"column":4},"end":{"line":93,"column":32}},{"start":{"line":93,"column":36},"end":{"line":93,"column":73}}],"line":93}},"s":{"0":0,"1":0,"2":0,"3":0,"4":0,"5":0,"6":0,"7":0,"8":0,"9":0,"10":0,"11":0,"12":0,"13":0,"14":0,"15":0,"16":0,"17":0,"18":0,"19":0,"20":0,"21":0,"22":0,"23":0,"24":0,"25":0,"26":0,"27":0,"28":0,"29":0,"30":0,"31":0,"32":0,"33":0,"34":0,"35":0,"36":0,"37":0,"38":0,"39":0,"40":0,"41":0,"42":0,"43":0,"44":0,"45":0,"46":0,"47":0},"f":{"0":0,"1":0,"2":0,"3":0,"4":0,"5":0,"6":0,"7":0,"8":0,"9":0},"b":{"0":[0,0],"1":[0,0,0],"2":[0,0],"3":[0,0],"4":[0,0],"5":[0,0],"6":[0,0,0],"7":[0,0],"8":[0,0],"9":[0,0],"10":[0,0],"11":[0,0,0,0],"12":[0,0],"13":[0,0]}}
,"./src/components/ASILogo.tsx": {"path":"./src/components/ASILogo.tsx","statementMap":{"0":{"start":{"line":9,"column":47},"end":{"line":47,"column":1}},"1":{"start":{"line":14,"column":2},"end":{"line":46,"column":4}}},"fnMap":{"0":{"name":"(anonymous_0)","decl":{"start":{"line":9,"column":47},"end":{"line":9,"column":48}},"loc":{"start":{"line":13,"column":6},"end":{"line":47,"column":1}},"line":13}},"branchMap":{"0":{"loc":{"start":{"line":10,"column":2},"end":{"line":10,"column":12}},"type":"default-arg","locations":[{"start":{"line":10,"column":10},"end":{"line":10,"column":12}}],"line":10},"1":{"loc":{"start":{"line":11,"column":2},"end":{"line":11,"column":13}},"type":"default-arg","locations":[{"start":{"line":11,"column":11},"end":{"line":11,"column":13}}],"line":11},"2":{"loc":{"start":{"line":12,"column":2},"end":{"line":12,"column":24}},"type":"default-arg","locations":[{"start":{"line":12,"column":10},"end":{"line":12,"column":24}}],"line":12}},"s":{"0":0,"1":0},"f":{"0":0},"b":{"0":[0],"1":[0],"2":[0]}}
,"./src/components/ErrorBoundary.tsx": {"path":"./src/components/ErrorBoundary.tsx","statementMap":{"0":{"start":{"line":14,"column":4},"end":{"line":14,"column":17}},"1":{"start":{"line":15,"column":4},"end":{"line":15,"column":50}},"2":{"start":{"line":20,"column":4},"end":{"line":24,"column":5}},"3":{"start":{"line":21,"column":6},"end":{"line":21,"column":80}},"4":{"start":{"line":23,"column":6},"end":{"line":23,"column":46}},"5":{"start":{"line":27,"column":4},"end":{"line":27,"column":37}},"6":{"start":{"line":32,"column":4},"end":{"line":37,"column":5}},"7":{"start":{"line":33,"column":6},"end":{"line":33,"column":81}},"8":{"start":{"line":35,"column":6},"end":{"line":35,"column":54}},"9":{"start":{"line":36,"column":6},"end":{"line":36,"column":13}},"10":{"start":{"line":39,"column":4},"end":{"line":39,"column":70}},"11":{"start":{"line":43,"column":4},"end":{"line":70,"column":5}},"12":{"start":{"line":44,"column":6},"end":{"line":69,"column":8}},"13":{"start":{"line":56,"column":27},"end":{"line":56,"column":51}},"14":{"start":{"line":72,"column":4},"end":{"line":72,"column":31}}},"fnMap":{"0":{"name":"(anonymous_0)","decl":{"start":{"line":13,"column":2},"end":{"line":13,"column":3}},"loc":{"start":{"line":13,"column":28},"end":{"line":16,"column":3}},"line":13},"1":{"name":"(anonymous_1)","decl":{"start":{"line":18,"column":2},"end":{"line":18,"column":3}},"loc":{"start":{"line":18,"column":55},"end":{"line":28,"column":3}},"line":18},"2":{"name":"(anonymous_2)","decl":{"start":{"line":30,"column":2},"end":{"line":30,"column":3}},"loc":{"start":{"line":30,"column":56},"end":{"line":40,"column":3}},"line":30},"3":{"name":"(anonymous_3)","decl":{"start":{"line":42,"column":2},"end":{"line":42,"column":3}},"loc":{"start":{"line":42,"column":11},"end":{"line":73,"column":3}},"line":42},"4":{"name":"(anonymous_4)","decl":{"start":{"line":56,"column":21},"end":{"line":56,"column":22}},"loc":{"start":{"line":56,"column":27},"end":{"line":56,"column":51}},"line":56}},"branchMap":{"0":{"loc":{"start":{"line":20,"column":4},"end":{"line":24,"column":5}},"type":"if","locations":[{"start":{"line":20,"column":4},"end":{"line":24,"column":5}},{"start":{},"end":{}}],"line":20},"1":{"loc":{"start":{"line":20,"column":8},"end":{"line":20,"column":66}},"type":"binary-expr","locations":[{"start":{"line":20,"column":8},"end":{"line":20,"column":21}},{"start":{"line":20,"column":25},"end":{"line":20,"column":66}}],"line":20},"2":{"loc":{"start":{"line":32,"column":4},"end":{"line":37,"column":5}},"type":"if","locations":[{"start":{"line":32,"column":4},"end":{"line":37,"column":5}},{"start":{},"end":{}}],"line":32},"3":{"loc":{"start":{"line":32,"column":8},"end":{"line":32,"column":66}},"type":"binary-expr","locations":[{"start":{"line":32,"column":8},"end":{"line":32,"column":21}},{"start":{"line":32,"column":25},"end":{"line":32,"column":66}}],"line":32},"4":{"loc":{"start":{"line":43,"column":4},"end":{"line":70,"column":5}},"type":"if","locations":[{"start":{"line":43,"column":4},"end":{"line":70,"column":5}},{"start":{},"end":{}}],"line":43}},"s":{"0":0,"1":0,"2":0,"3":0,"4":0,"5":0,"6":0,"7":0,"8":0,"9":0,"10":0,"11":0,"12":0,"13":0,"14":0},"f":{"0":0,"1":0,"2":0,"3":0,"4":0},"b":{"0":[0,0],"1":[0,0],"2":[0,0],"3":[0,0],"4":[0,0]}}
,"./src/components/Switch.tsx": {"path":"./src/components/Switch.tsx","statementMap":{"0":{"start":{"line":10,"column":24},"end":{"line":21,"column":1}},"1":{"start":{"line":23,"column":20},"end":{"line":27,"column":1}},"2":{"start":{"line":29,"column":21},"end":{"line":63,"column":1}},"3":{"start":{"line":35,"column":37},"end":{"line":35,"column":49}},"4":{"start":{"line":52,"column":39},"end":{"line":52,"column":52}},"5":{"start":{"line":60,"column":39},"end":{"line":60,"column":51}},"6":{"start":{"line":65,"column":45},"end":{"line":83,"column":1}},"7":{"start":{"line":66,"column":23},"end":{"line":70,"column":3}},"8":{"start":{"line":67,"column":4},"end":{"line":69,"column":5}},"9":{"start":{"line":68,"column":6},"end":{"line":68,"column":33}},"10":{"start":{"line":72,"column":2},"end":{"line":82,"column":4}}},"fnMap":{"0":{"name":"(anonymous_0)","decl":{"start":{"line":35,"column":22},"end":{"line":35,"column":23}},"loc":{"start":{"line":35,"column":37},"end":{"line":35,"column":49}},"line":35},"1":{"name":"(anonymous_1)","decl":{"start":{"line":52,"column":24},"end":{"line":52,"column":25}},"loc":{"start":{"line":52,"column":39},"end":{"line":52,"column":52}},"line":52},"2":{"name":"(anonymous_2)","decl":{"start":{"line":60,"column":24},"end":{"line":60,"column":25}},"loc":{"start":{"line":60,"column":39},"end":{"line":60,"column":51}},"line":60},"3":{"name":"(anonymous_3)","decl":{"start":{"line":65,"column":45},"end":{"line":65,"column":46}},"loc":{"start":{"line":65,"column":90},"end":{"line":83,"column":1}},"line":65},"4":{"name":"(anonymous_4)","decl":{"start":{"line":66,"column":23},"end":{"line":66,"column":24}},"loc":{"start":{"line":66,"column":67},"end":{"line":70,"column":3}},"line":66}},"branchMap":{"0":{"loc":{"start":{"line":65,"column":67},"end":{"line":65,"column":83}},"type":"default-arg","locations":[{"start":{"line":65,"column":78},"end":{"line":65,"column":83}}],"line":65},"1":{"loc":{"start":{"line":67,"column":4},"end":{"line":69,"column":5}},"type":"if","locations":[{"start":{"line":67,"column":4},"end":{"line":69,"column":5}},{"start":{},"end":{}}],"line":67}},"s":{"0":4,"1":4,"2":4,"3":0,"4":0,"5":0,"6":4,"7":0,"8":0,"9":0,"10":0},"f":{"0":0,"1":0,"2":0,"3":0,"4":0},"b":{"0":[0],"1":[0,0]},"_coverageSchema":"1a1c01bbd47fc00a2c39e90264f33305004495a9","hash":"ea94f3a2dd19ead3912f792941eba31f15c234c2"}
,"./src/components/index.ts": {"path":"./src/components/index.ts","statementMap":{},"fnMap":{},"branchMap":{},"s":{},"f":{},"b":{},"_coverageSchema":"1a1c01bbd47fc00a2c39e90264f33305004495a9","hash":"b5527fd36d0ee0632593a2eefcf0a227cf026417"}
,"./src/components/AIHint/AIHint.tsx": {"path":"./src/components/AIHint/AIHint.tsx","statementMap":{"0":{"start":{"line":10,"column":23},"end":{"line":20,"column":1}},"1":{"start":{"line":22,"column":19},"end":{"line":55,"column":1}},"2":{"start":{"line":27,"column":31},"end":{"line":27,"column":53}},"3":{"start":{"line":28,"column":26},"end":{"line":28,"column":41}},"4":{"start":{"line":35,"column":32},"end":{"line":35,"column":65}},"5":{"start":{"line":38,"column":4},"end":{"line":41,"column":5}},"6":{"start":{"line":44,"column":4},"end":{"line":54,"column":5}},"7":{"start":{"line":47,"column":37},"end":{"line":47,"column":59}},"8":{"start":{"line":57,"column":15},"end":{"line":76,"column":1}},"9":{"start":{"line":70,"column":33},"end":{"line":70,"column":48}},"10":{"start":{"line":73,"column":33},"end":{"line":73,"column":55}},"11":{"start":{"line":74,"column":31},"end":{"line":74,"column":53}},"12":{"start":{"line":78,"column":45},"end":{"line":85,"column":1}},"13":{"start":{"line":79,"column":2},"end":{"line":84,"column":4}}},"fnMap":{"0":{"name":"(anonymous_0)","decl":{"start":{"line":27,"column":16},"end":{"line":27,"column":17}},"loc":{"start":{"line":27,"column":31},"end":{"line":27,"column":53}},"line":27},"1":{"name":"(anonymous_1)","decl":{"start":{"line":28,"column":11},"end":{"line":28,"column":12}},"loc":{"start":{"line":28,"column":26},"end":{"line":28,"column":41}},"line":28},"2":{"name":"(anonymous_2)","decl":{"start":{"line":35,"column":12},"end":{"line":35,"column":13}},"loc":{"start":{"line":35,"column":32},"end":{"line":35,"column":65}},"line":35},"3":{"name":"(anonymous_3)","decl":{"start":{"line":37,"column":4},"end":{"line":37,"column":5}},"loc":{"start":{"line":38,"column":4},"end":{"line":41,"column":5}},"line":38},"4":{"name":"(anonymous_4)","decl":{"start":{"line":43,"column":4},"end":{"line":43,"column":5}},"loc":{"start":{"line":44,"column":4},"end":{"line":54,"column":5}},"line":44},"5":{"name":"(anonymous_5)","decl":{"start":{"line":47,"column":22},"end":{"line":47,"column":23}},"loc":{"start":{"line":47,"column":37},"end":{"line":47,"column":59}},"line":47},"6":{"name":"(anonymous_6)","decl":{"start":{"line":70,"column":18},"end":{"line":70,"column":19}},"loc":{"start":{"line":70,"column":33},"end":{"line":70,"column":48}},"line":70},"7":{"name":"(anonymous_7)","decl":{"start":{"line":73,"column":18},"end":{"line":73,"column":19}},"loc":{"start":{"line":73,"column":33},"end":{"line":73,"column":55}},"line":73},"8":{"name":"(anonymous_8)","decl":{"start":{"line":74,"column":16},"end":{"line":74,"column":17}},"loc":{"start":{"line":74,"column":31},"end":{"line":74,"column":53}},"line":74},"9":{"name":"(anonymous_9)","decl":{"start":{"line":78,"column":45},"end":{"line":78,"column":46}},"loc":{"start":{"line":78,"column":87},"end":{"line":85,"column":1}},"line":78}},"branchMap":{"0":{"loc":{"start":{"line":35,"column":32},"end":{"line":35,"column":65}},"type":"cond-expr","locations":[{"start":{"line":35,"column":44},"end":{"line":35,"column":53}},{"start":{"line":35,"column":56},"end":{"line":35,"column":65}}],"line":35},"1":{"loc":{"start":{"line":38,"column":4},"end":{"line":41,"column":5}},"type":"binary-expr","locations":[{"start":{"line":38,"column":4},"end":{"line":38,"column":9}},{"start":{"line":39,"column":4},"end":{"line":41,"column":5}}],"line":38},"2":{"loc":{"start":{"line":44,"column":4},"end":{"line":54,"column":5}},"type":"binary-expr","locations":[{"start":{"line":44,"column":4},"end":{"line":44,"column":13}},{"start":{"line":45,"column":4},"end":{"line":54,"column":5}}],"line":44},"3":{"loc":{"start":{"line":78,"column":67},"end":{"line":78,"column":80}},"type":"default-arg","locations":[{"start":{"line":78,"column":75},"end":{"line":78,"column":80}}],"line":78}},"s":{"0":4,"1":4,"2":0,"3":0,"4":0,"5":0,"6":0,"7":0,"8":4,"9":0,"10":0,"11":0,"12":4,"13":0},"f":{"0":0,"1":0,"2":0,"3":0,"4":0,"5":0,"6":0,"7":0,"8":0,"9":0},"b":{"0":[0,0],"1":[0,0],"2":[0,0],"3":[0]},"_coverageSchema":"1a1c01bbd47fc00a2c39e90264f33305004495a9","hash":"5b9c5bbe6951cee8c898b9c3401e0f8d6ae53155"}
,"./src/components/AIHint/index.ts": {"path":"./src/components/AIHint/index.ts","statementMap":{},"fnMap":{},"branchMap":{},"s":{},"f":{},"b":{},"_coverageSchema":"1a1c01bbd47fc00a2c39e90264f33305004495a9","hash":"02c013342743c33f8c697421c081512af1c35196"}
,"./src/components/AccountSwitcher/AccountSwitcher.tsx": {"path":"./src/components/AccountSwitcher/AccountSwitcher.tsx","statementMap":{"0":{"start":{"line":7,"column":26},"end":{"line":10,"column":1}},"1":{"start":{"line":12,"column":23},"end":{"line":40,"column":1}},"2":{"start":{"line":17,"column":37},"end":{"line":17,"column":49}},"3":{"start":{"line":19,"column":31},"end":{"line":19,"column":44}},"4":{"start":{"line":20,"column":26},"end":{"line":20,"column":44}},"5":{"start":{"line":32,"column":33},"end":{"line":32,"column":53}},"6":{"start":{"line":33,"column":35},"end":{"line":33,"column":48}},"7":{"start":{"line":38,"column":35},"end":{"line":38,"column":48}},"8":{"start":{"line":42,"column":20},"end":{"line":47,"column":1}},"9":{"start":{"line":49,"column":20},"end":{"line":53,"column":1}},"10":{"start":{"line":52,"column":26},"end":{"line":52,"column":44}},"11":{"start":{"line":55,"column":23},"end":{"line":60,"column":1}},"12":{"start":{"line":57,"column":26},"end":{"line":57,"column":46}},"13":{"start":{"line":62,"column":23},"end":{"line":66,"column":1}},"14":{"start":{"line":64,"column":26},"end":{"line":64,"column":39}},"15":{"start":{"line":68,"column":23},"end":{"line":79,"column":1}},"16":{"start":{"line":71,"column":37},"end":{"line":71,"column":50}},"17":{"start":{"line":81,"column":20},"end":{"line":85,"column":1}},"18":{"start":{"line":84,"column":39},"end":{"line":84,"column":66}},"19":{"start":{"line":87,"column":17},"end":{"line":101,"column":1}},"20":{"start":{"line":92,"column":31},"end":{"line":92,"column":41}},"21":{"start":{"line":93,"column":37},"end":{"line":93,"column":49}},"22":{"start":{"line":95,"column":31},"end":{"line":95,"column":48}},"23":{"start":{"line":99,"column":30},"end":{"line":99,"column":56}},"24":{"start":{"line":103,"column":21},"end":{"line":128,"column":1}},"25":{"start":{"line":109,"column":44},"end":{"line":109,"column":94}},"26":{"start":{"line":111,"column":44},"end":{"line":111,"column":56}},"27":{"start":{"line":121,"column":33},"end":{"line":121,"column":46}},"28":{"start":{"line":126,"column":33},"end":{"line":126,"column":53}},"29":{"start":{"line":130,"column":19},"end":{"line":135,"column":1}},"30":{"start":{"line":133,"column":26},"end":{"line":133,"column":46}},"31":{"start":{"line":137,"column":22},"end":{"line":140,"column":1}},"32":{"start":{"line":138,"column":2},"end":{"line":138,"column":26}},"33":{"start":{"line":138,"column":16},"end":{"line":138,"column":26}},"34":{"start":{"line":139,"column":2},"end":{"line":139,"column":81}},"35":{"start":{"line":142,"column":22},"end":{"line":147,"column":1}},"36":{"start":{"line":143,"column":14},"end":{"line":143,"column":33}},"37":{"start":{"line":144,"column":2},"end":{"line":144,"column":32}},"38":{"start":{"line":144,"column":17},"end":{"line":144,"column":32}},"39":{"start":{"line":145,"column":2},"end":{"line":145,"column":41}},"40":{"start":{"line":145,"column":20},"end":{"line":145,"column":41}},"41":{"start":{"line":146,"column":2},"end":{"line":146,"column":33}},"42":{"start":{"line":149,"column":41},"end":{"line":263,"column":1}},"43":{"start":{"line":150,"column":19},"end":{"line":150,"column":32}},"44":{"start":{"line":151,"column":57},"end":{"line":151,"column":104}},"45":{"start":{"line":151,"column":91},"end":{"line":151,"column":103}},"46":{"start":{"line":152,"column":30},"end":{"line":152,"column":45}},"47":{"start":{"line":153,"column":52},"end":{"line":153,"column":67}},"48":{"start":{"line":154,"column":23},"end":{"line":154,"column":51}},"49":{"start":{"line":157,"column":2},"end":{"line":166,"column":9}},"50":{"start":{"line":158,"column":31},"end":{"line":162,"column":5}},"51":{"start":{"line":159,"column":6},"end":{"line":161,"column":7}},"52":{"start":{"line":160,"column":8},"end":{"line":160,"column":25}},"53":{"start":{"line":164,"column":4},"end":{"line":164,"column":63}},"54":{"start":{"line":165,"column":4},"end":{"line":165,"column":79}},"55":{"start":{"line":165,"column":17},"end":{"line":165,"column":78}},"56":{"start":{"line":168,"column":30},"end":{"line":171,"column":3}},"57":{"start":{"line":169,"column":4},"end":{"line":169,"column":39}},"58":{"start":{"line":170,"column":4},"end":{"line":170,"column":21}},"59":{"start":{"line":173,"column":27},"end":{"line":190,"column":3}},"60":{"start":{"line":174,"column":4},"end":{"line":174,"column":58}},"61":{"start":{"line":174,"column":51},"end":{"line":174,"column":58}},"62":{"start":{"line":176,"column":4},"end":{"line":176,"column":31}},"63":{"start":{"line":179,"column":28},"end":{"line":181,"column":5}},"64":{"start":{"line":180,"column":6},"end":{"line":180,"column":74}},"65":{"start":{"line":183,"column":4},"end":{"line":189,"column":5}},"66":{"start":{"line":184,"column":6},"end":{"line":184,"column":41}},"67":{"start":{"line":186,"column":6},"end":{"line":186,"column":55}},"68":{"start":{"line":188,"column":6},"end":{"line":188,"column":34}},"69":{"start":{"line":192,"column":23},"end":{"line":203,"column":3}},"70":{"start":{"line":193,"column":22},"end":{"line":193,"column":29}},"71":{"start":{"line":194,"column":4},"end":{"line":194,"column":25}},"72":{"start":{"line":197,"column":4},"end":{"line":202,"column":5}},"73":{"start":{"line":199,"column":6},"end":{"line":201,"column":14}},"74":{"start":{"line":200,"column":8},"end":{"line":200,"column":27}},"75":{"start":{"line":205,"column":24},"end":{"line":212,"column":3}},"76":{"start":{"line":206,"column":4},"end":{"line":211,"column":5}},"77":{"start":{"line":207,"column":6},"end":{"line":207,"column":29}},"78":{"start":{"line":208,"column":6},"end":{"line":208,"column":21}},"79":{"start":{"line":209,"column":11},"end":{"line":211,"column":5}},"80":{"start":{"line":210,"column":6},"end":{"line":210,"column":23}},"81":{"start":{"line":215,"column":2},"end":{"line":217,"column":3}},"82":{"start":{"line":216,"column":4},"end":{"line":216,"column":16}},"83":{"start":{"line":219,"column":2},"end":{"line":262,"column":4}},"84":{"start":{"line":243,"column":12},"end":{"line":255,"column":27}},"85":{"start":{"line":246,"column":29},"end":{"line":246,"column":60}}},"fnMap":{"0":{"name":"(anonymous_0)","decl":{"start":{"line":17,"column":22},"end":{"line":17,"column":23}},"loc":{"start":{"line":17,"column":37},"end":{"line":17,"column":49}},"line":17},"1":{"name":"(anonymous_1)","decl":{"start":{"line":19,"column":16},"end":{"line":19,"column":17}},"loc":{"start":{"line":19,"column":31},"end":{"line":19,"column":44}},"line":19},"2":{"name":"(anonymous_2)","decl":{"start":{"line":20,"column":11},"end":{"line":20,"column":12}},"loc":{"start":{"line":20,"column":26},"end":{"line":20,"column":44}},"line":20},"3":{"name":"(anonymous_3)","decl":{"start":{"line":32,"column":18},"end":{"line":32,"column":19}},"loc":{"start":{"line":32,"column":33},"end":{"line":32,"column":53}},"line":32},"4":{"name":"(anonymous_4)","decl":{"start":{"line":33,"column":20},"end":{"line":33,"column":21}},"loc":{"start":{"line":33,"column":35},"end":{"line":33,"column":48}},"line":33},"5":{"name":"(anonymous_5)","decl":{"start":{"line":38,"column":20},"end":{"line":38,"column":21}},"loc":{"start":{"line":38,"column":35},"end":{"line":38,"column":48}},"line":38},"6":{"name":"(anonymous_6)","decl":{"start":{"line":52,"column":11},"end":{"line":52,"column":12}},"loc":{"start":{"line":52,"column":26},"end":{"line":52,"column":44}},"line":52},"7":{"name":"(anonymous_7)","decl":{"start":{"line":57,"column":11},"end":{"line":57,"column":12}},"loc":{"start":{"line":57,"column":26},"end":{"line":57,"column":46}},"line":57},"8":{"name":"(anonymous_8)","decl":{"start":{"line":64,"column":11},"end":{"line":64,"column":12}},"loc":{"start":{"line":64,"column":26},"end":{"line":64,"column":39}},"line":64},"9":{"name":"(anonymous_9)","decl":{"start":{"line":71,"column":22},"end":{"line":71,"column":23}},"loc":{"start":{"line":71,"column":37},"end":{"line":71,"column":50}},"line":71},"10":{"name":"(anonymous_10)","decl":{"start":{"line":84,"column":22},"end":{"line":84,"column":23}},"loc":{"start":{"line":84,"column":39},"end":{"line":84,"column":66}},"line":84},"11":{"name":"(anonymous_11)","decl":{"start":{"line":92,"column":16},"end":{"line":92,"column":17}},"loc":{"start":{"line":92,"column":31},"end":{"line":92,"column":41}},"line":92},"12":{"name":"(anonymous_12)","decl":{"start":{"line":93,"column":22},"end":{"line":93,"column":23}},"loc":{"start":{"line":93,"column":37},"end":{"line":93,"column":49}},"line":93},"13":{"name":"(anonymous_13)","decl":{"start":{"line":95,"column":16},"end":{"line":95,"column":17}},"loc":{"start":{"line":95,"column":31},"end":{"line":95,"column":48}},"line":95},"14":{"name":"(anonymous_14)","decl":{"start":{"line":99,"column":13},"end":{"line":99,"column":14}},"loc":{"start":{"line":99,"column":30},"end":{"line":99,"column":56}},"line":99},"15":{"name":"(anonymous_15)","decl":{"start":{"line":109,"column":16},"end":{"line":109,"column":17}},"loc":{"start":{"line":109,"column":44},"end":{"line":109,"column":94}},"line":109},"16":{"name":"(anonymous_16)","decl":{"start":{"line":111,"column":29},"end":{"line":111,"column":30}},"loc":{"start":{"line":111,"column":44},"end":{"line":111,"column":56}},"line":111},"17":{"name":"(anonymous_17)","decl":{"start":{"line":121,"column":18},"end":{"line":121,"column":19}},"loc":{"start":{"line":121,"column":33},"end":{"line":121,"column":46}},"line":121},"18":{"name":"(anonymous_18)","decl":{"start":{"line":126,"column":18},"end":{"line":126,"column":19}},"loc":{"start":{"line":126,"column":33},"end":{"line":126,"column":53}},"line":126},"19":{"name":"(anonymous_19)","decl":{"start":{"line":133,"column":11},"end":{"line":133,"column":12}},"loc":{"start":{"line":133,"column":26},"end":{"line":133,"column":46}},"line":133},"20":{"name":"(anonymous_20)","decl":{"start":{"line":137,"column":22},"end":{"line":137,"column":23}},"loc":{"start":{"line":137,"column":51},"end":{"line":140,"column":1}},"line":137},"21":{"name":"(anonymous_21)","decl":{"start":{"line":142,"column":22},"end":{"line":142,"column":23}},"loc":{"start":{"line":142,"column":51},"end":{"line":147,"column":1}},"line":142},"22":{"name":"(anonymous_22)","decl":{"start":{"line":149,"column":41},"end":{"line":149,"column":42}},"loc":{"start":{"line":149,"column":47},"end":{"line":263,"column":1}},"line":149},"23":{"name":"(anonymous_23)","decl":{"start":{"line":151,"column":69},"end":{"line":151,"column":70}},"loc":{"start":{"line":151,"column":91},"end":{"line":151,"column":103}},"line":151},"24":{"name":"(anonymous_24)","decl":{"start":{"line":157,"column":12},"end":{"line":157,"column":13}},"loc":{"start":{"line":157,"column":18},"end":{"line":166,"column":3}},"line":157},"25":{"name":"(anonymous_25)","decl":{"start":{"line":158,"column":31},"end":{"line":158,"column":32}},"loc":{"start":{"line":158,"column":54},"end":{"line":162,"column":5}},"line":158},"26":{"name":"(anonymous_26)","decl":{"start":{"line":165,"column":11},"end":{"line":165,"column":12}},"loc":{"start":{"line":165,"column":17},"end":{"line":165,"column":78}},"line":165},"27":{"name":"(anonymous_27)","decl":{"start":{"line":168,"column":30},"end":{"line":168,"column":31}},"loc":{"start":{"line":168,"column":53},"end":{"line":171,"column":3}},"line":168},"28":{"name":"(anonymous_28)","decl":{"start":{"line":173,"column":27},"end":{"line":173,"column":28}},"loc":{"start":{"line":173,"column":39},"end":{"line":190,"column":3}},"line":173},"29":{"name":"(anonymous_29)","decl":{"start":{"line":179,"column":41},"end":{"line":179,"column":42}},"loc":{"start":{"line":180,"column":6},"end":{"line":180,"column":74}},"line":180},"30":{"name":"(anonymous_30)","decl":{"start":{"line":192,"column":23},"end":{"line":192,"column":24}},"loc":{"start":{"line":192,"column":29},"end":{"line":203,"column":3}},"line":192},"31":{"name":"(anonymous_31)","decl":{"start":{"line":199,"column":17},"end":{"line":199,"column":18}},"loc":{"start":{"line":199,"column":23},"end":{"line":201,"column":7}},"line":199},"32":{"name":"(anonymous_32)","decl":{"start":{"line":205,"column":24},"end":{"line":205,"column":25}},"loc":{"start":{"line":205,"column":56},"end":{"line":212,"column":3}},"line":205},"33":{"name":"(anonymous_33)","decl":{"start":{"line":242,"column":23},"end":{"line":242,"column":24}},"loc":{"start":{"line":243,"column":12},"end":{"line":255,"column":27}},"line":243},"34":{"name":"(anonymous_34)","decl":{"start":{"line":246,"column":23},"end":{"line":246,"column":24}},"loc":{"start":{"line":246,"column":29},"end":{"line":246,"column":60}},"line":246}},"branchMap":{"0":{"loc":{"start":{"line":84,"column":39},"end":{"line":84,"column":66}},"type":"cond-expr","locations":[{"start":{"line":84,"column":49},"end":{"line":84,"column":57}},{"start":{"line":84,"column":60},"end":{"line":84,"column":66}}],"line":84},"1":{"loc":{"start":{"line":99,"column":30},"end":{"line":99,"column":56}},"type":"cond-expr","locations":[{"start":{"line":99,"column":40},"end":{"line":99,"column":47}},{"start":{"line":99,"column":50},"end":{"line":99,"column":56}}],"line":99},"2":{"loc":{"start":{"line":109,"column":44},"end":{"line":109,"column":94}},"type":"cond-expr","locations":[{"start":{"line":109,"column":58},"end":{"line":109,"column":78}},{"start":{"line":109,"column":81},"end":{"line":109,"column":94}}],"line":109},"3":{"loc":{"start":{"line":138,"column":2},"end":{"line":138,"column":26}},"type":"if","locations":[{"start":{"line":138,"column":2},"end":{"line":138,"column":26}},{"start":{},"end":{}}],"line":138},"4":{"loc":{"start":{"line":144,"column":2},"end":{"line":144,"column":32}},"type":"if","locations":[{"start":{"line":144,"column":2},"end":{"line":144,"column":32}},{"start":{},"end":{}}],"line":144},"5":{"loc":{"start":{"line":145,"column":2},"end":{"line":145,"column":41}},"type":"if","locations":[{"start":{"line":145,"column":2},"end":{"line":145,"column":41}},{"start":{},"end":{}}],"line":145},"6":{"loc":{"start":{"line":159,"column":6},"end":{"line":161,"column":7}},"type":"if","locations":[{"start":{"line":159,"column":6},"end":{"line":161,"column":7}},{"start":{},"end":{}}],"line":159},"7":{"loc":{"start":{"line":159,"column":10},"end":{"line":159,"column":86}},"type":"binary-expr","locations":[{"start":{"line":159,"column":10},"end":{"line":159,"column":30}},{"start":{"line":159,"column":34},"end":{"line":159,"column":86}}],"line":159},"8":{"loc":{"start":{"line":174,"column":4},"end":{"line":174,"column":58}},"type":"if","locations":[{"start":{"line":174,"column":4},"end":{"line":174,"column":58}},{"start":{},"end":{}}],"line":174},"9":{"loc":{"start":{"line":174,"column":8},"end":{"line":174,"column":49}},"type":"binary-expr","locations":[{"start":{"line":174,"column":8},"end":{"line":174,"column":24}},{"start":{"line":174,"column":28},"end":{"line":174,"column":49}}],"line":174},"10":{"loc":{"start":{"line":197,"column":4},"end":{"line":202,"column":5}},"type":"if","locations":[{"start":{"line":197,"column":4},"end":{"line":202,"column":5}},{"start":{},"end":{}}],"line":197},"11":{"loc":{"start":{"line":206,"column":4},"end":{"line":211,"column":5}},"type":"if","locations":[{"start":{"line":206,"column":4},"end":{"line":211,"column":5}},{"start":{"line":209,"column":11},"end":{"line":211,"column":5}}],"line":206},"12":{"loc":{"start":{"line":206,"column":8},"end":{"line":206,"column":50}},"type":"binary-expr","locations":[{"start":{"line":206,"column":8},"end":{"line":206,"column":29}},{"start":{"line":206,"column":33},"end":{"line":206,"column":50}}],"line":206},"13":{"loc":{"start":{"line":209,"column":11},"end":{"line":211,"column":5}},"type":"if","locations":[{"start":{"line":209,"column":11},"end":{"line":211,"column":5}},{"start":{},"end":{}}],"line":209},"14":{"loc":{"start":{"line":215,"column":2},"end":{"line":217,"column":3}},"type":"if","locations":[{"start":{"line":215,"column":2},"end":{"line":217,"column":3}},{"start":{},"end":{}}],"line":215},"15":{"loc":{"start":{"line":223,"column":11},"end":{"line":230,"column":11}},"type":"cond-expr","locations":[{"start":{"line":224,"column":12},"end":{"line":227,"column":15}},{"start":{"line":229,"column":12},"end":{"line":229,"column":53}}],"line":223},"16":{"loc":{"start":{"line":232,"column":9},"end":{"line":236,"column":9}},"type":"binary-expr","locations":[{"start":{"line":232,"column":9},"end":{"line":232,"column":24}},{"start":{"line":233,"column":10},"end":{"line":235,"column":27}}],"line":232},"17":{"loc":{"start":{"line":234,"column":13},"end":{"line":234,"column":92}},"type":"cond-expr","locations":[{"start":{"line":234,"column":33},"end":{"line":234,"column":51}},{"start":{"line":234,"column":54},"end":{"line":234,"column":92}}],"line":234},"18":{"loc":{"start":{"line":241,"column":9},"end":{"line":259,"column":9}},"type":"cond-expr","locations":[{"start":{"line":242,"column":10},"end":{"line":256,"column":12}},{"start":{"line":258,"column":10},"end":{"line":258,"column":56}}],"line":241},"19":{"loc":{"start":{"line":253,"column":17},"end":{"line":253,"column":88}},"type":"cond-expr","locations":[{"start":{"line":253,"column":37},"end":{"line":253,"column":55}},{"start":{"line":253,"column":58},"end":{"line":253,"column":88}}],"line":253}},"s":{"0":4,"1":4,"2":0,"3":0,"4":0,"5":0,"6":0,"7":0,"8":4,"9":4,"10":0,"11":4,"12":0,"13":4,"14":0,"15":4,"16":0,"17":4,"18":0,"19":4,"20":0,"21":0,"22":0,"23":0,"24":4,"25":0,"26":0,"27":0,"28":0,"29":4,"30":0,"31":4,"32":0,"33":0,"34":0,"35":4,"36":0,"37":0,"38":0,"39":0,"40":0,"41":0,"42":4,"43":0,"44":0,"45":0,"46":0,"47":0,"48":0,"49":0,"50":0,"51":0,"52":0,"53":0,"54":0,"55":0,"56":0,"57":0,"58":0,"59":0,"60":0,"61":0,"62":0,"63":0,"64":0,"65":0,"66":0,"67":0,"68":0,"69":0,"70":0,"71":0,"72":0,"73":0,"74":0,"75":0,"76":0,"77":0,"78":0,"79":0,"80":0,"81":0,"82":0,"83":0,"84":0,"85":0},"f":{"0":0,"1":0,"2":0,"3":0,"4":0,"5":0,"6":0,"7":0,"8":0,"9":0,"10":0,"11":0,"12":0,"13":0,"14":0,"15":0,"16":0,"17":0,"18":0,"19":0,"20":0,"21":0,"22":0,"23":0,"24":0,"25":0,"26":0,"27":0,"28":0,"29":0,"30":0,"31":0,"32":0,"33":0,"34":0},"b":{"0":[0,0],"1":[0,0],"2":[0,0],"3":[0,0],"4":[0,0],"5":[0,0],"6":[0,0],"7":[0,0],"8":[0,0],"9":[0,0],"10":[0,0],"11":[0,0],"12":[0,0],"13":[0,0],"14":[0,0],"15":[0,0],"16":[0,0],"17":[0,0],"18":[0,0],"19":[0,0]},"_coverageSchema":"1a1c01bbd47fc00a2c39e90264f33305004495a9","hash":"0892502d72dea670cc9593bb763dbe510a2525ea"}
,"./src/components/AccountSwitcher/index.ts": {"path":"./src/components/AccountSwitcher/index.ts","statementMap":{},"fnMap":{},"branchMap":{},"s":{},"f":{},"b":{},"_coverageSchema":"1a1c01bbd47fc00a2c39e90264f33305004495a9","hash":"6a513517aeea587befe7464afc2a8442616776a0"}
,"./src/components/Button/Button.tsx": {"path":"./src/components/Button/Button.tsx","statementMap":{"0":{"start":{"line":11,"column":19},"end":{"line":173,"column":1}},"1":{"start":{"line":28,"column":31},"end":{"line":28,"column":43}},"2":{"start":{"line":31,"column":33},"end":{"line":31,"column":50}},"3":{"start":{"line":35,"column":40},"end":{"line":35,"column":55}},"4":{"start":{"line":45,"column":4},"end":{"line":64,"column":5}},"5":{"start":{"line":47,"column":8},"end":{"line":51,"column":10}},"6":{"start":{"line":53,"column":8},"end":{"line":57,"column":10}},"7":{"start":{"line":59,"column":8},"end":{"line":63,"column":10}},"8":{"start":{"line":68,"column":4},"end":{"line":71,"column":5}},"9":{"start":{"line":74,"column":4},"end":{"line":141,"column":5}},"10":{"start":{"line":76,"column":8},"end":{"line":94,"column":10}},"11":{"start":{"line":96,"column":8},"end":{"line":109,"column":10}},"12":{"start":{"line":111,"column":8},"end":{"line":125,"column":10}},"13":{"start":{"line":127,"column":8},"end":{"line":140,"column":10}},"14":{"start":{"line":145,"column":4},"end":{"line":172,"column":5}},"15":{"start":{"line":175,"column":24},"end":{"line":184,"column":1}},"16":{"start":{"line":186,"column":15},"end":{"line":199,"column":1}},"17":{"start":{"line":201,"column":45},"end":{"line":257,"column":1}},"18":{"start":{"line":211,"column":32},"end":{"line":211,"column":95}},"19":{"start":{"line":213,"column":22},"end":{"line":229,"column":3}},"20":{"start":{"line":214,"column":4},"end":{"line":226,"column":5}},"21":{"start":{"line":215,"column":21},"end":{"line":215,"column":36}},"22":{"start":{"line":216,"column":19},"end":{"line":216,"column":49}},"23":{"start":{"line":217,"column":16},"end":{"line":217,"column":37}},"24":{"start":{"line":218,"column":16},"end":{"line":218,"column":36}},"25":{"start":{"line":219,"column":17},"end":{"line":219,"column":27}},"26":{"start":{"line":221,"column":6},"end":{"line":221,"column":45}},"27":{"start":{"line":223,"column":6},"end":{"line":225,"column":14}},"28":{"start":{"line":224,"column":8},"end":{"line":224,"column":58}},"29":{"start":{"line":224,"column":27},"end":{"line":224,"column":56}},"30":{"start":{"line":224,"column":44},"end":{"line":224,"column":55}},"31":{"start":{"line":228,"column":4},"end":{"line":228,"column":17}},"32":{"start":{"line":231,"column":2},"end":{"line":256,"column":4}},"33":{"start":{"line":244,"column":10},"end":{"line":252,"column":12}}},"fnMap":{"0":{"name":"(anonymous_0)","decl":{"start":{"line":28,"column":16},"end":{"line":28,"column":17}},"loc":{"start":{"line":28,"column":31},"end":{"line":28,"column":43}},"line":28},"1":{"name":"(anonymous_1)","decl":{"start":{"line":31,"column":18},"end":{"line":31,"column":19}},"loc":{"start":{"line":31,"column":33},"end":{"line":31,"column":50}},"line":31},"2":{"name":"(anonymous_2)","decl":{"start":{"line":35,"column":25},"end":{"line":35,"column":26}},"loc":{"start":{"line":35,"column":40},"end":{"line":35,"column":55}},"line":35},"3":{"name":"(anonymous_3)","decl":{"start":{"line":44,"column":4},"end":{"line":44,"column":5}},"loc":{"start":{"line":44,"column":18},"end":{"line":65,"column":3}},"line":44},"4":{"name":"(anonymous_4)","decl":{"start":{"line":67,"column":4},"end":{"line":67,"column":5}},"loc":{"start":{"line":68,"column":4},"end":{"line":71,"column":5}},"line":68},"5":{"name":"(anonymous_5)","decl":{"start":{"line":73,"column":4},"end":{"line":73,"column":5}},"loc":{"start":{"line":73,"column":28},"end":{"line":142,"column":3}},"line":73},"6":{"name":"(anonymous_6)","decl":{"start":{"line":144,"column":4},"end":{"line":144,"column":5}},"loc":{"start":{"line":145,"column":4},"end":{"line":172,"column":5}},"line":145},"7":{"name":"(anonymous_7)","decl":{"start":{"line":201,"column":45},"end":{"line":201,"column":46}},"loc":{"start":{"line":210,"column":6},"end":{"line":257,"column":1}},"line":210},"8":{"name":"(anonymous_8)","decl":{"start":{"line":213,"column":22},"end":{"line":213,"column":23}},"loc":{"start":{"line":213,"column":66},"end":{"line":229,"column":3}},"line":213},"9":{"name":"(anonymous_9)","decl":{"start":{"line":223,"column":17},"end":{"line":223,"column":18}},"loc":{"start":{"line":223,"column":23},"end":{"line":225,"column":7}},"line":223},"10":{"name":"(anonymous_10)","decl":{"start":{"line":224,"column":19},"end":{"line":224,"column":20}},"loc":{"start":{"line":224,"column":27},"end":{"line":224,"column":56}},"line":224},"11":{"name":"(anonymous_11)","decl":{"start":{"line":224,"column":39},"end":{"line":224,"column":40}},"loc":{"start":{"line":224,"column":44},"end":{"line":224,"column":55}},"line":224},"12":{"name":"(anonymous_12)","decl":{"start":{"line":243,"column":21},"end":{"line":243,"column":22}},"loc":{"start":{"line":244,"column":10},"end":{"line":252,"column":12}},"line":244}},"branchMap":{"0":{"loc":{"start":{"line":45,"column":4},"end":{"line":64,"column":5}},"type":"switch","locations":[{"start":{"line":46,"column":6},"end":{"line":51,"column":10}},{"start":{"line":52,"column":6},"end":{"line":57,"column":10}},{"start":{"line":58,"column":6},"end":{"line":63,"column":10}}],"line":45},"1":{"loc":{"start":{"line":68,"column":4},"end":{"line":71,"column":5}},"type":"binary-expr","locations":[{"start":{"line":68,"column":4},"end":{"line":68,"column":13}},{"start":{"line":69,"column":4},"end":{"line":71,"column":5}}],"line":68},"2":{"loc":{"start":{"line":74,"column":4},"end":{"line":141,"column":5}},"type":"switch","locations":[{"start":{"line":75,"column":6},"end":{"line":94,"column":10}},{"start":{"line":95,"column":6},"end":{"line":109,"column":10}},{"start":{"line":110,"column":6},"end":{"line":125,"column":10}},{"start":{"line":126,"column":6},"end":{"line":140,"column":10}}],"line":74},"3":{"loc":{"start":{"line":145,"column":4},"end":{"line":172,"column":5}},"type":"binary-expr","locations":[{"start":{"line":145,"column":4},"end":{"line":145,"column":11}},{"start":{"line":146,"column":4},"end":{"line":172,"column":5}}],"line":145},"4":{"loc":{"start":{"line":203,"column":2},"end":{"line":203,"column":21}},"type":"default-arg","locations":[{"start":{"line":203,"column":12},"end":{"line":203,"column":21}}],"line":203},"5":{"loc":{"start":{"line":204,"column":2},"end":{"line":204,"column":17}},"type":"default-arg","locations":[{"start":{"line":204,"column":9},"end":{"line":204,"column":17}}],"line":204},"6":{"loc":{"start":{"line":205,"column":2},"end":{"line":205,"column":19}},"type":"default-arg","locations":[{"start":{"line":205,"column":14},"end":{"line":205,"column":19}}],"line":205},"7":{"loc":{"start":{"line":206,"column":2},"end":{"line":206,"column":17}},"type":"default-arg","locations":[{"start":{"line":206,"column":12},"end":{"line":206,"column":17}}],"line":206},"8":{"loc":{"start":{"line":214,"column":4},"end":{"line":226,"column":5}},"type":"if","locations":[{"start":{"line":214,"column":4},"end":{"line":226,"column":5}},{"start":{},"end":{}}],"line":214},"9":{"loc":{"start":{"line":214,"column":8},"end":{"line":214,"column":29}},"type":"binary-expr","locations":[{"start":{"line":214,"column":8},"end":{"line":214,"column":17}},{"start":{"line":214,"column":21},"end":{"line":214,"column":29}}],"line":214},"10":{"loc":{"start":{"line":237,"column":16},"end":{"line":237,"column":35}},"type":"binary-expr","locations":[{"start":{"line":237,"column":16},"end":{"line":237,"column":24}},{"start":{"line":237,"column":28},"end":{"line":237,"column":35}}],"line":237}},"s":{"0":4,"1":1166,"2":1166,"3":1166,"4":1166,"5":5,"6":0,"7":1161,"8":1166,"9":1166,"10":804,"11":0,"12":5,"13":357,"14":1166,"15":4,"16":4,"17":4,"18":1166,"19":1166,"20":27,"21":27,"22":27,"23":27,"24":27,"25":27,"26":27,"27":27,"28":11,"29":0,"30":0,"31":27,"32":1166,"33":119},"f":{"0":1166,"1":1166,"2":1166,"3":1166,"4":1166,"5":1166,"6":1166,"7":1166,"8":27,"9":11,"10":0,"11":0,"12":119},"b":{"0":[5,0,1161],"1":[1166,10],"2":[804,0,5,357],"3":[1166,0],"4":[26],"5":[1161],"6":[1156],"7":[1161],"8":[27,0],"9":[27,27],"10":[1166,1126]},"_coverageSchema":"1a1c01bbd47fc00a2c39e90264f33305004495a9","hash":"be006c0f87c94a768e061420281e6dbf7d1a749a"}
,"./src/components/Button/index.ts": {"path":"./src/components/Button/index.ts","statementMap":{},"fnMap":{},"branchMap":{},"s":{},"f":{},"b":{},"_coverageSchema":"1a1c01bbd47fc00a2c39e90264f33305004495a9","hash":"cab753c3536dccbd9d34cb9e3280abf2e9a62a34"}
,"./src/components/Card/Card.tsx": {"path":"./src/components/Card/Card.tsx","statementMap":{"0":{"start":{"line":9,"column":20},"end":{"line":49,"column":1}},"1":{"start":{"line":11,"column":4},"end":{"line":13,"column":18}},"2":{"start":{"line":16,"column":33},"end":{"line":16,"column":57}},"3":{"start":{"line":17,"column":31},"end":{"line":17,"column":43}},"4":{"start":{"line":19,"column":4},"end":{"line":21,"column":20}},"5":{"start":{"line":28,"column":4},"end":{"line":32,"column":5}},"6":{"start":{"line":35,"column":4},"end":{"line":48,"column":5}},"7":{"start":{"line":41,"column":37},"end":{"line":41,"column":54}},"8":{"start":{"line":46,"column":37},"end":{"line":46,"column":49}},"9":{"start":{"line":51,"column":26},"end":{"line":58,"column":1}},"10":{"start":{"line":57,"column":44},"end":{"line":57,"column":56}},"11":{"start":{"line":60,"column":25},"end":{"line":68,"column":1}},"12":{"start":{"line":65,"column":26},"end":{"line":65,"column":44}},"13":{"start":{"line":70,"column":27},"end":{"line":93,"column":1}},"14":{"start":{"line":75,"column":26},"end":{"line":75,"column":46}},"15":{"start":{"line":91,"column":28},"end":{"line":91,"column":46}}},"fnMap":{"0":{"name":"(anonymous_0)","decl":{"start":{"line":10,"column":16},"end":{"line":10,"column":17}},"loc":{"start":{"line":11,"column":4},"end":{"line":13,"column":18}},"line":11},"1":{"name":"(anonymous_1)","decl":{"start":{"line":16,"column":13},"end":{"line":16,"column":14}},"loc":{"start":{"line":16,"column":33},"end":{"line":16,"column":57}},"line":16},"2":{"name":"(anonymous_2)","decl":{"start":{"line":17,"column":16},"end":{"line":17,"column":17}},"loc":{"start":{"line":17,"column":31},"end":{"line":17,"column":43}},"line":17},"3":{"name":"(anonymous_3)","decl":{"start":{"line":18,"column":22},"end":{"line":18,"column":23}},"loc":{"start":{"line":19,"column":4},"end":{"line":21,"column":20}},"line":19},"4":{"name":"(anonymous_4)","decl":{"start":{"line":27,"column":4},"end":{"line":27,"column":5}},"loc":{"start":{"line":28,"column":4},"end":{"line":32,"column":5}},"line":28},"5":{"name":"(anonymous_5)","decl":{"start":{"line":34,"column":4},"end":{"line":34,"column":5}},"loc":{"start":{"line":35,"column":4},"end":{"line":48,"column":5}},"line":35},"6":{"name":"(anonymous_6)","decl":{"start":{"line":41,"column":22},"end":{"line":41,"column":23}},"loc":{"start":{"line":41,"column":37},"end":{"line":41,"column":54}},"line":41},"7":{"name":"(anonymous_7)","decl":{"start":{"line":46,"column":22},"end":{"line":46,"column":23}},"loc":{"start":{"line":46,"column":37},"end":{"line":46,"column":49}},"line":46},"8":{"name":"(anonymous_8)","decl":{"start":{"line":57,"column":29},"end":{"line":57,"column":30}},"loc":{"start":{"line":57,"column":44},"end":{"line":57,"column":56}},"line":57},"9":{"name":"(anonymous_9)","decl":{"start":{"line":65,"column":11},"end":{"line":65,"column":12}},"loc":{"start":{"line":65,"column":26},"end":{"line":65,"column":44}},"line":65},"10":{"name":"(anonymous_10)","decl":{"start":{"line":75,"column":11},"end":{"line":75,"column":12}},"loc":{"start":{"line":75,"column":26},"end":{"line":75,"column":46}},"line":75},"11":{"name":"(anonymous_11)","decl":{"start":{"line":91,"column":13},"end":{"line":91,"column":14}},"loc":{"start":{"line":91,"column":28},"end":{"line":91,"column":46}},"line":91}},"branchMap":{"0":{"loc":{"start":{"line":11,"column":4},"end":{"line":13,"column":18}},"type":"cond-expr","locations":[{"start":{"line":12,"column":8},"end":{"line":12,"column":31}},{"start":{"line":13,"column":8},"end":{"line":13,"column":18}}],"line":11},"1":{"loc":{"start":{"line":16,"column":33},"end":{"line":16,"column":57}},"type":"cond-expr","locations":[{"start":{"line":16,"column":45},"end":{"line":16,"column":48}},{"start":{"line":16,"column":51},"end":{"line":16,"column":57}}],"line":16},"2":{"loc":{"start":{"line":19,"column":4},"end":{"line":21,"column":20}},"type":"cond-expr","locations":[{"start":{"line":20,"column":8},"end":{"line":20,"column":25}},{"start":{"line":21,"column":8},"end":{"line":21,"column":20}}],"line":19},"3":{"loc":{"start":{"line":28,"column":4},"end":{"line":32,"column":5}},"type":"binary-expr","locations":[{"start":{"line":28,"column":4},"end":{"line":28,"column":9}},{"start":{"line":29,"column":4},"end":{"line":32,"column":5}}],"line":28},"4":{"loc":{"start":{"line":35,"column":4},"end":{"line":48,"column":5}},"type":"binary-expr","locations":[{"start":{"line":35,"column":4},"end":{"line":35,"column":13}},{"start":{"line":36,"column":4},"end":{"line":48,"column":5}}],"line":35}},"s":{"0":4,"1":835,"2":835,"3":835,"4":835,"5":835,"6":835,"7":0,"8":0,"9":4,"10":819,"11":4,"12":819,"13":4,"14":835,"15":835},"f":{"0":835,"1":835,"2":835,"3":835,"4":835,"5":835,"6":0,"7":0,"8":819,"9":819,"10":835,"11":835},"b":{"0":[0,835],"1":[0,835],"2":[0,835],"3":[835,0],"4":[835,0]},"_coverageSchema":"1a1c01bbd47fc00a2c39e90264f33305004495a9","hash":"b72010cc814ffc0ce6127c47ff7e9a0343559d3e"}
,"./src/components/Card/index.ts": {"path":"./src/components/Card/index.ts","statementMap":{},"fnMap":{},"branchMap":{},"s":{},"f":{},"b":{},"_coverageSchema":"1a1c01bbd47fc00a2c39e90264f33305004495a9","hash":"d2a8e3799c03f0f6158a56942373a173129f8182"}
,"./src/components/ConfirmationModal/ConfirmationModal.tsx": {"path":"./src/components/ConfirmationModal/ConfirmationModal.tsx","statementMap":{"0":{"start":{"line":5,"column":16},"end":{"line":16,"column":1}},"1":{"start":{"line":18,"column":14},"end":{"line":25,"column":1}},"2":{"start":{"line":19,"column":31},"end":{"line":19,"column":41}},"3":{"start":{"line":27,"column":14},"end":{"line":33,"column":1}},"4":{"start":{"line":30,"column":26},"end":{"line":30,"column":44}},"5":{"start":{"line":35,"column":20},"end":{"line":40,"column":1}},"6":{"start":{"line":37,"column":26},"end":{"line":37,"column":46}},"7":{"start":{"line":42,"column":27},"end":{"line":48,"column":1}},"8":{"start":{"line":43,"column":31},"end":{"line":43,"column":44}},"9":{"start":{"line":47,"column":37},"end":{"line":47,"column":49}},"10":{"start":{"line":50,"column":18},"end":{"line":60,"column":1}},"11":{"start":{"line":55,"column":44},"end":{"line":55,"column":56}},"12":{"start":{"line":62,"column":20},"end":{"line":66,"column":1}},"13":{"start":{"line":64,"column":26},"end":{"line":64,"column":46}},"14":{"start":{"line":68,"column":20},"end":{"line":75,"column":1}},"15":{"start":{"line":70,"column":26},"end":{"line":70,"column":44}},"16":{"start":{"line":77,"column":20},"end":{"line":81,"column":1}},"17":{"start":{"line":78,"column":26},"end":{"line":78,"column":39}},"18":{"start":{"line":83,"column":21},"end":{"line":86,"column":1}},"19":{"start":{"line":88,"column":16},"end":{"line":92,"column":1}},"20":{"start":{"line":94,"column":20},"end":{"line":103,"column":1}},"21":{"start":{"line":95,"column":31},"end":{"line":95,"column":51}},"22":{"start":{"line":96,"column":26},"end":{"line":96,"column":39}},"23":{"start":{"line":102,"column":37},"end":{"line":102,"column":57}},"24":{"start":{"line":117,"column":84},"end":{"line":202,"column":1}},"25":{"start":{"line":128,"column":2},"end":{"line":128,"column":27}},"26":{"start":{"line":128,"column":15},"end":{"line":128,"column":27}},"27":{"start":{"line":130,"column":24},"end":{"line":133,"column":3}},"28":{"start":{"line":131,"column":4},"end":{"line":131,"column":28}},"29":{"start":{"line":131,"column":18},"end":{"line":131,"column":28}},"30":{"start":{"line":132,"column":4},"end":{"line":132,"column":85}},"31":{"start":{"line":135,"column":22},"end":{"line":135,"column":80}},"32":{"start":{"line":137,"column":22},"end":{"line":141,"column":3}},"33":{"start":{"line":138,"column":4},"end":{"line":140,"column":5}},"34":{"start":{"line":139,"column":6},"end":{"line":139,"column":16}},"35":{"start":{"line":143,"column":2},"end":{"line":201,"column":4}},"36":{"start":{"line":145,"column":29},"end":{"line":145,"column":48}}},"fnMap":{"0":{"name":"(anonymous_0)","decl":{"start":{"line":19,"column":16},"end":{"line":19,"column":17}},"loc":{"start":{"line":19,"column":31},"end":{"line":19,"column":41}},"line":19},"1":{"name":"(anonymous_1)","decl":{"start":{"line":30,"column":11},"end":{"line":30,"column":12}},"loc":{"start":{"line":30,"column":26},"end":{"line":30,"column":44}},"line":30},"2":{"name":"(anonymous_2)","decl":{"start":{"line":37,"column":11},"end":{"line":37,"column":12}},"loc":{"start":{"line":37,"column":26},"end":{"line":37,"column":46}},"line":37},"3":{"name":"(anonymous_3)","decl":{"start":{"line":43,"column":16},"end":{"line":43,"column":17}},"loc":{"start":{"line":43,"column":31},"end":{"line":43,"column":44}},"line":43},"4":{"name":"(anonymous_4)","decl":{"start":{"line":47,"column":22},"end":{"line":47,"column":23}},"loc":{"start":{"line":47,"column":37},"end":{"line":47,"column":49}},"line":47},"5":{"name":"(anonymous_5)","decl":{"start":{"line":55,"column":29},"end":{"line":55,"column":30}},"loc":{"start":{"line":55,"column":44},"end":{"line":55,"column":56}},"line":55},"6":{"name":"(anonymous_6)","decl":{"start":{"line":64,"column":11},"end":{"line":64,"column":12}},"loc":{"start":{"line":64,"column":26},"end":{"line":64,"column":46}},"line":64},"7":{"name":"(anonymous_7)","decl":{"start":{"line":70,"column":11},"end":{"line":70,"column":12}},"loc":{"start":{"line":70,"column":26},"end":{"line":70,"column":44}},"line":70},"8":{"name":"(anonymous_8)","decl":{"start":{"line":78,"column":11},"end":{"line":78,"column":12}},"loc":{"start":{"line":78,"column":26},"end":{"line":78,"column":39}},"line":78},"9":{"name":"(anonymous_9)","decl":{"start":{"line":95,"column":16},"end":{"line":95,"column":17}},"loc":{"start":{"line":95,"column":31},"end":{"line":95,"column":51}},"line":95},"10":{"name":"(anonymous_10)","decl":{"start":{"line":96,"column":11},"end":{"line":96,"column":12}},"loc":{"start":{"line":96,"column":26},"end":{"line":96,"column":39}},"line":96},"11":{"name":"(anonymous_11)","decl":{"start":{"line":102,"column":22},"end":{"line":102,"column":23}},"loc":{"start":{"line":102,"column":37},"end":{"line":102,"column":57}},"line":102},"12":{"name":"(anonymous_12)","decl":{"start":{"line":117,"column":84},"end":{"line":117,"column":85}},"loc":{"start":{"line":127,"column":6},"end":{"line":202,"column":1}},"line":127},"13":{"name":"(anonymous_13)","decl":{"start":{"line":130,"column":24},"end":{"line":130,"column":25}},"loc":{"start":{"line":130,"column":53},"end":{"line":133,"column":3}},"line":130},"14":{"name":"(anonymous_14)","decl":{"start":{"line":137,"column":22},"end":{"line":137,"column":23}},"loc":{"start":{"line":137,"column":28},"end":{"line":141,"column":3}},"line":137},"15":{"name":"(anonymous_15)","decl":{"start":{"line":145,"column":22},"end":{"line":145,"column":23}},"loc":{"start":{"line":145,"column":29},"end":{"line":145,"column":48}},"line":145}},"branchMap":{"0":{"loc":{"start":{"line":125,"column":2},"end":{"line":125,"column":24}},"type":"default-arg","locations":[{"start":{"line":125,"column":17},"end":{"line":125,"column":24}}],"line":125},"1":{"loc":{"start":{"line":126,"column":2},"end":{"line":126,"column":17}},"type":"default-arg","locations":[{"start":{"line":126,"column":12},"end":{"line":126,"column":17}}],"line":126},"2":{"loc":{"start":{"line":128,"column":2},"end":{"line":128,"column":27}},"type":"if","locations":[{"start":{"line":128,"column":2},"end":{"line":128,"column":27}},{"start":{},"end":{}}],"line":128},"3":{"loc":{"start":{"line":131,"column":4},"end":{"line":131,"column":28}},"type":"if","locations":[{"start":{"line":131,"column":4},"end":{"line":131,"column":28}},{"start":{},"end":{}}],"line":131},"4":{"loc":{"start":{"line":138,"column":4},"end":{"line":140,"column":5}},"type":"if","locations":[{"start":{"line":138,"column":4},"end":{"line":140,"column":5}},{"start":{},"end":{}}],"line":138}},"s":{"0":4,"1":4,"2":0,"3":4,"4":0,"5":4,"6":0,"7":4,"8":0,"9":0,"10":4,"11":0,"12":4,"13":0,"14":4,"15":0,"16":4,"17":0,"18":4,"19":4,"20":4,"21":0,"22":0,"23":0,"24":4,"25":0,"26":0,"27":0,"28":0,"29":0,"30":0,"31":0,"32":0,"33":0,"34":0,"35":0,"36":0},"f":{"0":0,"1":0,"2":0,"3":0,"4":0,"5":0,"6":0,"7":0,"8":0,"9":0,"10":0,"11":0,"12":0,"13":0,"14":0,"15":0},"b":{"0":[0],"1":[0],"2":[0,0],"3":[0,0],"4":[0,0]},"_coverageSchema":"1a1c01bbd47fc00a2c39e90264f33305004495a9","hash":"83d73568704642d9cab31b4807600f0542286a9e"}
,"./src/components/ConfirmationModal/index.ts": {"path":"./src/components/ConfirmationModal/index.ts","statementMap":{},"fnMap":{},"branchMap":{},"s":{},"f":{},"b":{},"_coverageSchema":"1a1c01bbd47fc00a2c39e90264f33305004495a9","hash":"279b158d4dac70d766523bda7b9d4f326f379eb1"}
,"./src/components/DeployConfirmationModal/DeployConfirmationModal.tsx": {"path":"./src/components/DeployConfirmationModal/DeployConfirmationModal.tsx","statementMap":{"0":{"start":{"line":5,"column":16},"end":{"line":16,"column":1}},"1":{"start":{"line":18,"column":14},"end":{"line":27,"column":1}},"2":{"start":{"line":19,"column":31},"end":{"line":19,"column":41}},"3":{"start":{"line":29,"column":14},"end":{"line":35,"column":1}},"4":{"start":{"line":32,"column":26},"end":{"line":32,"column":44}},"5":{"start":{"line":37,"column":20},"end":{"line":42,"column":1}},"6":{"start":{"line":39,"column":26},"end":{"line":39,"column":46}},"7":{"start":{"line":44,"column":26},"end":{"line":50,"column":1}},"8":{"start":{"line":45,"column":31},"end":{"line":45,"column":44}},"9":{"start":{"line":49,"column":37},"end":{"line":49,"column":49}},"10":{"start":{"line":52,"column":18},"end":{"line":62,"column":1}},"11":{"start":{"line":57,"column":44},"end":{"line":57,"column":56}},"12":{"start":{"line":64,"column":20},"end":{"line":69,"column":1}},"13":{"start":{"line":66,"column":26},"end":{"line":66,"column":46}},"14":{"start":{"line":71,"column":20},"end":{"line":78,"column":1}},"15":{"start":{"line":73,"column":26},"end":{"line":73,"column":44}},"16":{"start":{"line":80,"column":20},"end":{"line":88,"column":1}},"17":{"start":{"line":81,"column":31},"end":{"line":81,"column":44}},"18":{"start":{"line":82,"column":37},"end":{"line":82,"column":49}},"19":{"start":{"line":90,"column":20},"end":{"line":97,"column":1}},"20":{"start":{"line":93,"column":26},"end":{"line":93,"column":44}},"21":{"start":{"line":99,"column":16},"end":{"line":103,"column":1}},"22":{"start":{"line":105,"column":20},"end":{"line":114,"column":1}},"23":{"start":{"line":106,"column":31},"end":{"line":106,"column":51}},"24":{"start":{"line":107,"column":26},"end":{"line":107,"column":39}},"25":{"start":{"line":113,"column":37},"end":{"line":113,"column":57}},"26":{"start":{"line":116,"column":20},"end":{"line":122,"column":1}},"27":{"start":{"line":117,"column":31},"end":{"line":117,"column":51}},"28":{"start":{"line":121,"column":37},"end":{"line":121,"column":57}},"29":{"start":{"line":124,"column":20},"end":{"line":128,"column":1}},"30":{"start":{"line":126,"column":26},"end":{"line":126,"column":39}},"31":{"start":{"line":130,"column":23},"end":{"line":135,"column":1}},"32":{"start":{"line":133,"column":26},"end":{"line":133,"column":46}},"33":{"start":{"line":151,"column":82},"end":{"line":257,"column":1}},"34":{"start":{"line":164,"column":2},"end":{"line":164,"column":27}},"35":{"start":{"line":164,"column":15},"end":{"line":164,"column":27}},"36":{"start":{"line":166,"column":22},"end":{"line":170,"column":3}},"37":{"start":{"line":167,"column":4},"end":{"line":169,"column":5}},"38":{"start":{"line":168,"column":6},"end":{"line":168,"column":16}},"39":{"start":{"line":172,"column":24},"end":{"line":175,"column":3}},"40":{"start":{"line":173,"column":4},"end":{"line":173,"column":28}},"41":{"start":{"line":173,"column":18},"end":{"line":173,"column":28}},"42":{"start":{"line":174,"column":4},"end":{"line":174,"column":85}},"43":{"start":{"line":177,"column":25},"end":{"line":182,"column":3}},"44":{"start":{"line":178,"column":4},"end":{"line":180,"column":5}},"45":{"start":{"line":179,"column":6},"end":{"line":179,"column":25}},"46":{"start":{"line":181,"column":4},"end":{"line":181,"column":65}},"47":{"start":{"line":184,"column":24},"end":{"line":184,"column":65}},"48":{"start":{"line":186,"column":2},"end":{"line":256,"column":4}},"49":{"start":{"line":188,"column":29},"end":{"line":188,"column":48}}},"fnMap":{"0":{"name":"(anonymous_0)","decl":{"start":{"line":19,"column":16},"end":{"line":19,"column":17}},"loc":{"start":{"line":19,"column":31},"end":{"line":19,"column":41}},"line":19},"1":{"name":"(anonymous_1)","decl":{"start":{"line":32,"column":11},"end":{"line":32,"column":12}},"loc":{"start":{"line":32,"column":26},"end":{"line":32,"column":44}},"line":32},"2":{"name":"(anonymous_2)","decl":{"start":{"line":39,"column":11},"end":{"line":39,"column":12}},"loc":{"start":{"line":39,"column":26},"end":{"line":39,"column":46}},"line":39},"3":{"name":"(anonymous_3)","decl":{"start":{"line":45,"column":16},"end":{"line":45,"column":17}},"loc":{"start":{"line":45,"column":31},"end":{"line":45,"column":44}},"line":45},"4":{"name":"(anonymous_4)","decl":{"start":{"line":49,"column":22},"end":{"line":49,"column":23}},"loc":{"start":{"line":49,"column":37},"end":{"line":49,"column":49}},"line":49},"5":{"name":"(anonymous_5)","decl":{"start":{"line":57,"column":29},"end":{"line":57,"column":30}},"loc":{"start":{"line":57,"column":44},"end":{"line":57,"column":56}},"line":57},"6":{"name":"(anonymous_6)","decl":{"start":{"line":66,"column":11},"end":{"line":66,"column":12}},"loc":{"start":{"line":66,"column":26},"end":{"line":66,"column":46}},"line":66},"7":{"name":"(anonymous_7)","decl":{"start":{"line":73,"column":11},"end":{"line":73,"column":12}},"loc":{"start":{"line":73,"column":26},"end":{"line":73,"column":44}},"line":73},"8":{"name":"(anonymous_8)","decl":{"start":{"line":81,"column":16},"end":{"line":81,"column":17}},"loc":{"start":{"line":81,"column":31},"end":{"line":81,"column":44}},"line":81},"9":{"name":"(anonymous_9)","decl":{"start":{"line":82,"column":22},"end":{"line":82,"column":23}},"loc":{"start":{"line":82,"column":37},"end":{"line":82,"column":49}},"line":82},"10":{"name":"(anonymous_10)","decl":{"start":{"line":93,"column":11},"end":{"line":93,"column":12}},"loc":{"start":{"line":93,"column":26},"end":{"line":93,"column":44}},"line":93},"11":{"name":"(anonymous_11)","decl":{"start":{"line":106,"column":16},"end":{"line":106,"column":17}},"loc":{"start":{"line":106,"column":31},"end":{"line":106,"column":51}},"line":106},"12":{"name":"(anonymous_12)","decl":{"start":{"line":107,"column":11},"end":{"line":107,"column":12}},"loc":{"start":{"line":107,"column":26},"end":{"line":107,"column":39}},"line":107},"13":{"name":"(anonymous_13)","decl":{"start":{"line":113,"column":22},"end":{"line":113,"column":23}},"loc":{"start":{"line":113,"column":37},"end":{"line":113,"column":57}},"line":113},"14":{"name":"(anonymous_14)","decl":{"start":{"line":117,"column":16},"end":{"line":117,"column":17}},"loc":{"start":{"line":117,"column":31},"end":{"line":117,"column":51}},"line":117},"15":{"name":"(anonymous_15)","decl":{"start":{"line":121,"column":22},"end":{"line":121,"column":23}},"loc":{"start":{"line":121,"column":37},"end":{"line":121,"column":57}},"line":121},"16":{"name":"(anonymous_16)","decl":{"start":{"line":126,"column":11},"end":{"line":126,"column":12}},"loc":{"start":{"line":126,"column":26},"end":{"line":126,"column":39}},"line":126},"17":{"name":"(anonymous_17)","decl":{"start":{"line":133,"column":11},"end":{"line":133,"column":12}},"loc":{"start":{"line":133,"column":26},"end":{"line":133,"column":46}},"line":133},"18":{"name":"(anonymous_18)","decl":{"start":{"line":151,"column":82},"end":{"line":151,"column":83}},"loc":{"start":{"line":163,"column":6},"end":{"line":257,"column":1}},"line":163},"19":{"name":"(anonymous_19)","decl":{"start":{"line":166,"column":22},"end":{"line":166,"column":23}},"loc":{"start":{"line":166,"column":28},"end":{"line":170,"column":3}},"line":166},"20":{"name":"(anonymous_20)","decl":{"start":{"line":172,"column":24},"end":{"line":172,"column":25}},"loc":{"start":{"line":172,"column":53},"end":{"line":175,"column":3}},"line":172},"21":{"name":"(anonymous_21)","decl":{"start":{"line":177,"column":25},"end":{"line":177,"column":26}},"loc":{"start":{"line":177,"column":39},"end":{"line":182,"column":3}},"line":177},"22":{"name":"(anonymous_22)","decl":{"start":{"line":188,"column":22},"end":{"line":188,"column":23}},"loc":{"start":{"line":188,"column":29},"end":{"line":188,"column":48}},"line":188}},"branchMap":{"0":{"loc":{"start":{"line":160,"column":2},"end":{"line":160,"column":19}},"type":"default-arg","locations":[{"start":{"line":160,"column":14},"end":{"line":160,"column":19}}],"line":160},"1":{"loc":{"start":{"line":162,"column":2},"end":{"line":162,"column":17}},"type":"default-arg","locations":[{"start":{"line":162,"column":12},"end":{"line":162,"column":17}}],"line":162},"2":{"loc":{"start":{"line":164,"column":2},"end":{"line":164,"column":27}},"type":"if","locations":[{"start":{"line":164,"column":2},"end":{"line":164,"column":27}},{"start":{},"end":{}}],"line":164},"3":{"loc":{"start":{"line":167,"column":4},"end":{"line":169,"column":5}},"type":"if","locations":[{"start":{"line":167,"column":4},"end":{"line":169,"column":5}},{"start":{},"end":{}}],"line":167},"4":{"loc":{"start":{"line":173,"column":4},"end":{"line":173,"column":28}},"type":"if","locations":[{"start":{"line":173,"column":4},"end":{"line":173,"column":28}},{"start":{},"end":{}}],"line":173},"5":{"loc":{"start":{"line":178,"column":4},"end":{"line":180,"column":5}},"type":"if","locations":[{"start":{"line":178,"column":4},"end":{"line":180,"column":5}},{"start":{},"end":{}}],"line":178},"6":{"loc":{"start":{"line":190,"column":11},"end":{"line":190,"column":67}},"type":"cond-expr","locations":[{"start":{"line":190,"column":23},"end":{"line":190,"column":44}},{"start":{"line":190,"column":47},"end":{"line":190,"column":67}}],"line":190},"7":{"loc":{"start":{"line":193,"column":29},"end":{"line":193,"column":69}},"type":"cond-expr","locations":[{"start":{"line":193,"column":41},"end":{"line":193,"column":54}},{"start":{"line":193,"column":57},"end":{"line":193,"column":69}}],"line":193},"8":{"loc":{"start":{"line":196,"column":9},"end":{"line":200,"column":9}},"type":"binary-expr","locations":[{"start":{"line":196,"column":9},"end":{"line":196,"column":19}},{"start":{"line":197,"column":10},"end":{"line":199,"column":24}}],"line":196},"9":{"loc":{"start":{"line":210,"column":11},"end":{"line":215,"column":11}},"type":"binary-expr","locations":[{"start":{"line":210,"column":11},"end":{"line":210,"column":19}},{"start":{"line":211,"column":12},"end":{"line":214,"column":24}}],"line":210},"10":{"loc":{"start":{"line":222,"column":11},"end":{"line":239,"column":11}},"type":"binary-expr","locations":[{"start":{"line":222,"column":11},"end":{"line":222,"column":21}},{"start":{"line":223,"column":12},"end":{"line":238,"column":15}}],"line":222},"11":{"loc":{"start":{"line":251,"column":13},"end":{"line":251,"column":63}},"type":"cond-expr","locations":[{"start":{"line":251,"column":25},"end":{"line":251,"column":43}},{"start":{"line":251,"column":46},"end":{"line":251,"column":63}}],"line":251}},"s":{"0":4,"1":4,"2":0,"3":4,"4":0,"5":4,"6":0,"7":4,"8":0,"9":0,"10":4,"11":0,"12":4,"13":0,"14":4,"15":0,"16":4,"17":0,"18":0,"19":4,"20":0,"21":4,"22":4,"23":0,"24":0,"25":0,"26":4,"27":0,"28":0,"29":4,"30":0,"31":4,"32":0,"33":4,"34":0,"35":0,"36":0,"37":0,"38":0,"39":0,"40":0,"41":0,"42":0,"43":0,"44":0,"45":0,"46":0,"47":0,"48":0,"49":0},"f":{"0":0,"1":0,"2":0,"3":0,"4":0,"5":0,"6":0,"7":0,"8":0,"9":0,"10":0,"11":0,"12":0,"13":0,"14":0,"15":0,"16":0,"17":0,"18":0,"19":0,"20":0,"21":0,"22":0},"b":{"0":[0],"1":[0],"2":[0,0],"3":[0,0],"4":[0,0],"5":[0,0],"6":[0,0],"7":[0,0],"8":[0,0],"9":[0,0],"10":[0,0],"11":[0,0]},"_coverageSchema":"1a1c01bbd47fc00a2c39e90264f33305004495a9","hash":"e11ef183ae5d3159bfb995595e99493ee743d4e6"}
,"./src/components/DeployConfirmationModal/index.ts": {"path":"./src/components/DeployConfirmationModal/index.ts","statementMap":{},"fnMap":{},"branchMap":{},"s":{},"f":{},"b":{},"_coverageSchema":"1a1c01bbd47fc00a2c39e90264f33305004495a9","hash":"e8a5f49f19ae92b723ed0c5431e95f1902d06745"}
,"./src/components/Input/Input.tsx": {"path":"./src/components/Input/Input.tsx","statementMap":{"0":{"start":{"line":10,"column":21},"end":{"line":14,"column":1}},"1":{"start":{"line":11,"column":33},"end":{"line":11,"column":69}},"2":{"start":{"line":12,"column":31},"end":{"line":12,"column":58}},"3":{"start":{"line":16,"column":14},"end":{"line":30,"column":1}},"4":{"start":{"line":22,"column":26},"end":{"line":22,"column":46}},"5":{"start":{"line":28,"column":28},"end":{"line":28,"column":46}},"6":{"start":{"line":32,"column":20},"end":{"line":73,"column":1}},"7":{"start":{"line":39,"column":31},"end":{"line":39,"column":44}},"8":{"start":{"line":40,"column":48},"end":{"line":40,"column":87}},"9":{"start":{"line":42,"column":26},"end":{"line":42,"column":44}},"10":{"start":{"line":47,"column":31},"end":{"line":47,"column":43}},"11":{"start":{"line":51,"column":6},"end":{"line":51,"column":52}},"12":{"start":{"line":56,"column":46},"end":{"line":56,"column":87}},"13":{"start":{"line":58,"column":6},"end":{"line":58,"column":47}},"14":{"start":{"line":64,"column":28},"end":{"line":64,"column":48}},"15":{"start":{"line":71,"column":33},"end":{"line":71,"column":46}},"16":{"start":{"line":75,"column":21},"end":{"line":95,"column":1}},"17":{"start":{"line":81,"column":26},"end":{"line":81,"column":38}},"18":{"start":{"line":97,"column":23},"end":{"line":140,"column":1}},"19":{"start":{"line":104,"column":31},"end":{"line":104,"column":44}},"20":{"start":{"line":105,"column":48},"end":{"line":105,"column":87}},"21":{"start":{"line":107,"column":26},"end":{"line":107,"column":44}},"22":{"start":{"line":114,"column":31},"end":{"line":114,"column":43}},"23":{"start":{"line":118,"column":6},"end":{"line":118,"column":52}},"24":{"start":{"line":123,"column":46},"end":{"line":123,"column":87}},"25":{"start":{"line":125,"column":6},"end":{"line":125,"column":47}},"26":{"start":{"line":131,"column":28},"end":{"line":131,"column":48}},"27":{"start":{"line":138,"column":33},"end":{"line":138,"column":46}},"28":{"start":{"line":142,"column":43},"end":{"line":155,"column":1}},"29":{"start":{"line":148,"column":2},"end":{"line":154,"column":4}},"30":{"start":{"line":163,"column":49},"end":{"line":176,"column":1}},"31":{"start":{"line":169,"column":2},"end":{"line":175,"column":4}}},"fnMap":{"0":{"name":"(anonymous_0)","decl":{"start":{"line":11,"column":13},"end":{"line":11,"column":14}},"loc":{"start":{"line":11,"column":33},"end":{"line":11,"column":69}},"line":11},"1":{"name":"(anonymous_1)","decl":{"start":{"line":12,"column":11},"end":{"line":12,"column":12}},"loc":{"start":{"line":12,"column":31},"end":{"line":12,"column":58}},"line":12},"2":{"name":"(anonymous_2)","decl":{"start":{"line":22,"column":11},"end":{"line":22,"column":12}},"loc":{"start":{"line":22,"column":26},"end":{"line":22,"column":46}},"line":22},"3":{"name":"(anonymous_3)","decl":{"start":{"line":28,"column":13},"end":{"line":28,"column":14}},"loc":{"start":{"line":28,"column":28},"end":{"line":28,"column":46}},"line":28},"4":{"name":"(anonymous_4)","decl":{"start":{"line":39,"column":16},"end":{"line":39,"column":17}},"loc":{"start":{"line":39,"column":31},"end":{"line":39,"column":44}},"line":39},"5":{"name":"(anonymous_5)","decl":{"start":{"line":40,"column":22},"end":{"line":40,"column":23}},"loc":{"start":{"line":40,"column":48},"end":{"line":40,"column":87}},"line":40},"6":{"name":"(anonymous_6)","decl":{"start":{"line":42,"column":11},"end":{"line":42,"column":12}},"loc":{"start":{"line":42,"column":26},"end":{"line":42,"column":44}},"line":42},"7":{"name":"(anonymous_7)","decl":{"start":{"line":47,"column":16},"end":{"line":47,"column":17}},"loc":{"start":{"line":47,"column":31},"end":{"line":47,"column":43}},"line":47},"8":{"name":"(anonymous_8)","decl":{"start":{"line":50,"column":20},"end":{"line":50,"column":21}},"loc":{"start":{"line":51,"column":6},"end":{"line":51,"column":52}},"line":51},"9":{"name":"(anonymous_9)","decl":{"start":{"line":56,"column":20},"end":{"line":56,"column":21}},"loc":{"start":{"line":56,"column":46},"end
[...]
,"./src/styles/theme.ts": {"path":"./src/styles/theme.ts","statementMap":{"0":{"start":{"line":2,"column":25},"end":{"line":44,"column":1}},"1":{"start":{"line":47,"column":26},"end":{"line":89,"column":1}}},"fnMap":{},"branchMap":{},"s":{"0":4,"1":4},"f":{},"b":{},"_coverageSchema":"1a1c01bbd47fc00a2c39e90264f33305004495a9","hash":"6b6e58047e0bf578617a4b39c62c865c0d342581"}
,"./src/types/wallet.ts": {"path":"./src/types/wallet.ts","statementMap":{},"fnMap":{},"branchMap":{},"s":{},"f":{},"b":{}}
,"./src/utils/crypto.ts": {"path":"./src/utils/crypto.ts","statementMap":{"0":{"start":{"line":8,"column":18},"end":{"line":8,"column":37}},"1":{"start":{"line":18,"column":15},"end":{"line":18,"column":50}},"2":{"start":{"line":21,"column":21},"end":{"line":27,"column":1}},"3":{"start":{"line":22,"column":16},"end":{"line":22,"column":46}},"4":{"start":{"line":23,"column":2},"end":{"line":25,"column":3}},"5":{"start":{"line":23,"column":15},"end":{"line":23,"column":16}},"6":{"start":{"line":24,"column":4},"end":{"line":24,"column":50}},"7":{"start":{"line":26,"column":2},"end":{"line":26,"column":15}},"8":{"start":{"line":29,"column":21},"end":{"line":31,"column":1}},"9":{"start":{"line":30,"column":2},"end":{"line":30,"column":80}},"10":{"start":{"line":30,"column":35},"end":{"line":30,"column":69}},"11":{"start":{"line":33,"column":21},"end":{"line":36,"column":1}},"12":{"start":{"line":34,"column":16},"end":{"line":34,"column":33}},"13":{"start":{"line":35,"column":2},"end":{"line":35,"column":41}},"14":{"start":{"line":39,"column":31},"end":{"line":57,"column":1}},"15":{"start":{"line":40,"column":2},"end":{"line":56,"column":3}},"16":{"start":{"line":41,"column":20},"end":{"line":41,"column":42}},"17":{"start":{"line":42,"column":23},"end":{"line":42,"column":48}},"18":{"start":{"line":43,"column":22},"end":{"line":43,"column":46}},"19":{"start":{"line":44,"column":23},"end":{"line":44,"column":50}},"20":{"start":{"line":45,"column":23},"end":{"line":45,"column":51}},"21":{"start":{"line":47,"column":4},"end":{"line":52,"column":6}},"22":{"start":{"line":54,"column":4},"end":{"line":54,"column":55}},"23":{"start":{"line":55,"column":4},"end":{"line":55,"column":112}},"24":{"start":{"line":60,"column":32},"end":{"line":68,"column":1}},"25":{"start":{"line":62,"column":22},"end":{"line":62,"column":45}},"26":{"start":{"line":64,"column":15},"end":{"line":64,"column":46}},"27":{"start":{"line":66,"column":21},"end":{"line":66,"column":36}},"28":{"start":{"line":67,"column":2},"end":{"line":67,"column":27}},"29":{"start":{"line":71,"column":32},"end":{"line":93,"column":1}},"30":{"start":{"line":72,"column":2},"end":{"line":92,"column":3}},"31":{"start":{"line":73,"column":20},"end":{"line":73,"column":49}},"32":{"start":{"line":74,"column":4},"end":{"line":76,"column":5}},"33":{"start":{"line":75,"column":6},"end":{"line":75,"column":52}},"34":{"start":{"line":79,"column":25},"end":{"line":79,"column":46}},"35":{"start":{"line":80,"column":20},"end":{"line":80,"column":43}},"36":{"start":{"line":83,"column":20},"end":{"line":83,"column":65}},"37":{"start":{"line":84,"column":25},"end":{"line":84,"column":46}},"38":{"start":{"line":85,"column":21},"end":{"line":85,"column":72}},"39":{"start":{"line":88,"column":4},"end":{"line":88,"column":49}},"40":{"start":{"line":90,"column":4},"end":{"line":90,"column":56}},"41":{"start":{"line":91,"column":4},"end":{"line":91,"column":113}},"42":{"start":{"line":96,"column":32},"end":{"line":112,"column":1}},"43":{"start":{"line":97,"column":2},"end":{"line":111,"column":3}},"44":{"start":{"line":98,"column":20},"end":{"line":98,"column":63}},"45":{"start":{"line":99,"column":22},"end":{"line":99,"column":46}},"46":{"start":{"line":100,"column":23},"end":{"line":100,"column":50}},"47":{"start":{"line":101,"column":23},"end":{"line":101,"column":51}},"48":{"start":{"line":103,"column":4},"end":{"line":108,"column":6}},"49":{"start":{"line":110,"column":4},"end":{"line":110,"column":43}},"50":{"start":{"line":115,"column":26},"end":{"line":117,"column":1}},"51":{"start":{"line":116,"column":2},"end":{"line":116,"column":45}},"52":{"start":{"line":119,"column":32},"end":{"line":129,"column":1}},"53":{"start":{"line":120,"column":2},"end":{"line":122,"column":3}},"54":{"start":{"line":121,"column":4},"end":{"line":121,"column":48}},"55":{"start":{"line":124,"column":21},"end":{"line":124,"column":49}},"56":{"start":{"line":125,"column":2},"end":{"line":128,"column":4}},"57":{"start":{"line":132,"column":32},"end":{"line":145,"column":1}},"58":{"start":{"line":133,"column":2},"end":{"line":144,"column":3}},"59":{"start":{"line":134,"column":20},"end":{"line":134,"column":43}},"60":{"start":{"line":135,"column":28},"end":{"line":135,"column":48}},"61":{"start":{"line":136,"column":23},"end":{"line":136,"column":74}},"62":{"start":{"line":138,"column":4},"end":{"line":141,"column":6}},"63":{"start":{"line":143,"column":4},"end":{"line":143,"column":43}},"64":{"start":{"line":149,"column":29},"end":{"line":149,"column":31}},"65":{"start":{"line":152,"column":4},"end":{"line":152,"column":29}},"66":{"start":{"line":152,"column":22},"end":{"line":152,"column":29}},"67":{"start":{"line":154,"column":16},"end":{"line":154,"column":38}},"68":{"start":{"line":155,"column":4},"end":{"line":155,"column":26}},"69":{"start":{"line":157,"column":18},"end":{"line":157,"column":49}},"70":{"start":{"line":158,"column":4},"end":{"line":158,"column":35}},"71":{"start":{"line":159,"column":4},"end":{"line":159,"column":43}},"72":{"start":{"line":163,"column":4},"end":{"line":163,"column":28}},"73":{"start":{"line":163,"column":21},"end":{"line":163,"column":28}},"74":{"start":{"line":165,"column":16},"end":{"line":165,"column":38}},"75":{"start":{"line":166,"column":4},"end":{"line":166,"column":26}},"76":{"start":{"line":167,"column":4},"end":{"line":167,"column":30}},"77":{"start":{"line":171,"column":4},"end":{"line":174,"column":5}},"78":{"start":{"line":172,"column":6},"end":{"line":172,"column":46}},"79":{"start":{"line":173,"column":6},"end":{"line":173,"column":19}},"80":{"start":{"line":175,"column":4},"end":{"line":175,"column":28}},"81":{"start":{"line":183,"column":4},"end":{"line":187,"column":5}},"82":{"start":{"line":184,"column":6},"end":{"line":184,"column":46}},"83":{"start":{"line":186,"column":6},"end":{"line":186,"column":38}},"84":{"start":{"line":188,"column":4},"end":{"line":188,"column":28}},"85":{"start":{"line":192,"column":4},"end":{"line":192,"column":39}},"86":{"start":{"line":197,"column":36},"end":{"line":214,"column":1}},"87":{"start":{"line":198,"column":89},"end":{"line":198,"column":99}},"88":{"start":{"line":200,"column":17},"end":{"line":200,"column":35}},"89":{"start":{"line":206,"column":2},"end":{"line":206,"column":30}},"90":{"start":{"line":207,"column":2},"end":{"line":207,"column":34}},"91":{"start":{"line":208,"column":2},"end":{"line":208,"column":34}},"92":{"start":{"line":209,"column":2},"end":{"line":209,"column":34}},"93":{"start":{"line":210,"column":2},"end":{"line":210,"column":47}},"94":{"start":{"line":211,"column":2},"end":{"line":211,"column":34}},"95":{"start":{"line":213,"column":2},"end":{"line":213,"column":34}},"96":{"start":{"line":217,"column":26},"end":{"line":241,"column":1}},"97":{"start":{"line":218,"column":18},"end":{"line":218,"column":61}},"98":{"start":{"line":221,"column":27},"end":{"line":221,"column":66}},"99":{"start":{"line":224,"column":17},"end":{"line":224,"column":60}},"100":{"start":{"line":225,"column":20},"end":{"line":225,"column":40}},"101":{"start":{"line":228,"column":14},"end":{"line":228,"column":70}},"102":{"start":{"line":229,"column":17},"end":{"line":229,"column":28}},"103":{"start":{"line":232,"column":25},"end":{"line":232,"column":51}},"104":{"start":{"line":233,"column":25},"end":{"line":233,"column":55}},"105":{"start":{"line":235,"column":2},"end":{"line":240,"column":4}}},"fnMap":{"0":{"name":"(anonymous_0)","decl":{"start":{"line":21,"column":21},"end":{"line":21,"column":22}},"loc":{"start":{"line":21,"column":50},"end":{"line":27,"column":1}},"line":21},"1":{"name":"(anonymous_1)","decl":{"start":{"line":29,"column":21},"end":{"line":29,"column":22}},"loc":{"start":{"line":29,"column":52},"end":{"line":31,"column":1}},"line":29},"2":{"name":"(anonymous_2)","decl":{"start":{"line":30,"column":27},"end":{"line":30,"column":28}},"loc":{"start":{"line":30,"column":35},"end":{"line":30,"column":69}},"line":30},"3":{"name":"(anonymous_3)","decl":{"start":{"line":33,"column":21},"end":{"line":33,"column":22}},"loc":{"start":{"line":33,"column":46},"end":{"line":36,"column":1}},"line":33},"4":{"name":"(anonymous_4)","decl":{"start":{"line":39,"column":31},"end":{"line":39,"column":32}},"loc":{"start":{"line":39,"column":46},"end":{"line":57,"column":1}},"line":39},"5":{"name":"(anonymous_5)","decl":{"start":{"line":60,"column":32},"end":{"line":60,"column":33}},"loc":{"start":{"line":60,"column":63},"end":{"line":68,"column":1}},"line":60},"6":{"name":"(anonymous_6)","decl":{"start":{"line":71,"column":32},"end":{"line":71,"column":33}},"loc":{"start":{"line":71,"column":64},"end":{"line":93,"column":1}},"line":71},"7":{"name":"(anonymous_7)","decl":{"start":{"line":96,"column":32},"end":{"line":96,"column":33}},"loc":{"start":{"line":96,"column":65},"end":{"line":112,"column":1}},"line":96},"8":{"name":"(anonymous_8)","decl":{"start":{"line":115,"column":26},"end":{"line":115,"column":27}},"loc":{"start":{"line":115,"column":56},"end":{"line":117,"column":1}},"line":115},"9":{"name":"(anonymous_9)","decl":{"start":{"line":119,"column":32},"end":{"line":119,"column":33}},"loc":{"start":{"line":119,"column":74},"end":{"line":129,"column":1}},"line":119},"10":{"name":"(anonymous_10)","decl":{"start":{"line":132,"column":32},"end":{"line":132,"column":33}},"loc":{"start":{"line":132,"column":74},"end":{"line":145,"column":1}},"line":132},"11":{"name":"(anonymous_11)","decl":{"start":{"line":151,"column":2},"end":{"line":151,"column":3}},"loc":{"start":{"line":151,"column":56},"end":{"line":160,"column":3}},"line":151},"12":{"name":"(anonymous_12)","decl":{"start":{"line":162,"column":2},"end":{"line":162,"column":3}},"loc":{"start":{"line":162,"column":55},"end":{"line":168,"column":3}},"line":162},"13":{"name":"(anonymous_13)","decl":{"start":{"line":170,"column":2},"end":{"line":170,"column":3}},"loc":{"start":{"line":170,"column":43},"end":{"line":176,"column":3}},"line":170},"14":{"name":"(anonymous_14)","decl":{"start":{"line":178,"column":2},"end":{"line":178,"column":3}},"loc":{"start":{"line":178,"column":45},"end":{"line":189,"column":3}},"line":178},"15":{"name":"(anonymous_15)","decl":{"start":{"line":191,"column":2},"end":{"line":191,"column":3}},"loc":{"start":{"line":191,"column":32},"end":{"line":193,"column":3}},"line":191},"16":{"name":"(anonymous_16)","decl":{"start":{"line":197,"column":36},"end":{"line":197,"column":37}},"loc":{"start":{"line":197,"column":69},"end":{"line":214,"column":1}},"line":197},"17":{"name":"(anonymous_17)","decl":{"start":{"line":217,"column":26},"end":{"line":217,"column":27}},"loc":{"start":{"line":217,"column":72},"end":{"line":241,"column":1}},"line":217}},"branchMap":{"0":{"loc":{"start":{"line":55,"column":52},"end":{"line":55,"column":108}},"type":"cond-expr","locations":[{"start":{"line":55,"column":77},"end":{"line":55,"column":90}},{"start":{"line":55,"column":93},"end":{"line":55,"column":108}}],"line":55},"1":{"loc":{"start":{"line":74,"column":4},"end":{"line":76,"column":5}},"type":"if","locations":[{"start":{"line":74,"column":4},"end":{"line":76,"column":5}},{"start":{},"end":{}}],"line":74},"2":{"loc":{"start":{"line":74,"column":8},"end":{"line":74,"column":41}},"type":"binary-expr","locations":[{"start":{"line":74,"column":8},"end":{"line":74,"column":16}},{"start":{"line":74,"column":20},"end":{"line":74,"column":41}}],"line":74},"3":{"loc":{"start":{"line":91,"column":53},"end":{"line":91,"column":109}},"type":"cond-expr","locations":[{"start":{"line":91,"column":78},"end":{"line":91,"column":91}},{"start":{"line":91,"column":94},"end":{"line":91,"column":109}}],"line":91},"4":{"loc":{"start":{"line":120,"column":2},"end":{"line":122,"column":3}},"type":"if","locations":[{"start":{"line":120,"column":2},"end":{"line":122,"column":3}},{"start":{},"end":{}}],"line":120},"5":{"loc":{"start":{"line":152,"column":4},"end":{"line":152,"column":29}},"type":"if","locations":[{"start":{"line":152,"column":4},"end":{"line":152,"column":29}},{"start":{},"end":{}}],"line":152},"6":{"loc":{"start":{"line":163,"column":4},"end":{"line":163,"column":28}},"type":"if","locations":[{"start":{"line":163,"column":4},"end":{"line":163,"column":28}},{"start":{},"end":{}}],"line":163},"7":{"loc":{"start":{"line":198,"column":72},"end":{"line":198,"column":84}},"type":"default-arg","locations":[{"start":{"line":198,"column":82},"end":{"line":198,"column":84}}],"line":198}},"s":{"0":9,"1":9,"2":9,"3":1,"4":1,"5":1,"6":32,"7":1,"8":9,"9":2,"10":136,"11":9,"12":0,"13":0,"14":9,"15":0,"16":0,"17":0,"18":0,"19":0,"20":0,"21":0,"22":0,"23":0,"24":9,"25":0,"26":0,"27":0,"28":0,"29":9,"30":0,"31":0,"32":0,"33":0,"34":0,"35":0,"36":0,"37":0,"38":0,"39":0,"40":0,"41":0,"42":9,"43":0,"44":0,"45":0,"46":0,"47":0,"48":0,"49":0,"50":9,"51":0,"52":9,"53":0,"54":0,"55":0,"56":0,"57":9,"58":0,"59":0,"60":0,"61":0,"62":0,"63":0,"64":1,"65":2,"66":0,"67":2,"68":2,"69":2,"70":2,"71":2,"72":4,"73":0,"74":4,"75":4,"76":4,"77":8,"78":1,"79":1,"80":8,"81":4,"82":8,"83":8,"84":4,"85":1,"86":9,"87":1,"88":1,"89":1,"90":1,"91":1,"92":1,"93":1,"94":1,"95":1,"96":9,"97":1,"98":1,"99":1,"100":1,"101":1,"102":1,"103":1,"104":1,"105":1},"f":{"0":1,"1":2,"2":136,"3":0,"4":0,"5":0,"6":0,"7":0,"8":0,"9":0,"10":0,"11":2,"12":4,"13":8,"14":4,"15":1,"16":1,"17":1},"b":{"0":[0,0],"1":[0,0],"2":[0,0],"3":[0,0],"4":[0,0],"5":[0,2],"6":[0,4],"7":[0]},"_coverageSchema":"1a1c01bbd47fc00a2c39e90264f33305004495a9","hash":"47974e6981fac5a587864f8a25991034d4175bfd"}
,"./src/utils/encryption.ts": {"path":"./src/utils/encryption.ts","statementMap":{"0":{"start":{"line":9,"column":23},"end":{"line":18,"column":1}},"1":{"start":{"line":10,"column":2},"end":{"line":10,"column":61}},"2":{"start":{"line":10,"column":14},"end":{"line":10,"column":61}},"3":{"start":{"line":11,"column":2},"end":{"line":11,"column":72}},"4":{"start":{"line":11,"column":17},"end":{"line":11,"column":72}},"5":{"start":{"line":13,"column":2},"end":{"line":17,"column":3}},"6":{"start":{"line":14,"column":4},"end":{"line":14,"column":60}},"7":{"start":{"line":16,"column":4},"end":{"line":16,"column":41}},"8":{"start":{"line":26,"column":23},"end":{"line":36,"column":1}},"9":{"start":{"line":27,"column":2},"end":{"line":27,"column":53}},"10":{"start":{"line":27,"column":36},"end":{"line":27,"column":53}},"11":{"start":{"line":29,"column":2},"end":{"line":35,"column":3}},"12":{"start":{"line":30,"column":22},"end":{"line":30,"column":68}},"13":{"start":{"line":31,"column":28},"end":{"line":31,"column":65}},"14":{"start":{"line":32,"column":4},"end":{"line":32,"column":40}},"15":{"start":{"line":34,"column":4},"end":{"line":34,"column":21}},"16":{"start":{"line":53,"column":32},"end":{"line":82,"column":1}},"17":{"start":{"line":54,"column":41},"end":{"line":62,"column":3}},"18":{"start":{"line":64,"column":2},"end":{"line":66,"column":3}},"19":{"start":{"line":65,"column":4},"end":{"line":65,"column":74}},"20":{"start":{"line":67,"column":2},"end":{"line":69,"column":3}},"21":{"start":{"line":68,"column":4},"end":{"line":68,"column":82}},"22":{"start":{"line":70,"column":2},"end":{"line":72,"column":3}},"23":{"start":{"line":71,"column":4},"end":{"line":71,"column":82}},"24":{"start":{"line":73,"column":2},"end":{"line":75,"column":3}},"25":{"start":{"line":74,"column":4},"end":{"line":74,"column":71}},"26":{"start":{"line":76,"column":2},"end":{"line":78,"column":3}},"27":{"start":{"line":77,"column":4},"end":{"line":77,"column":83}},"28":{"start":{"line":80,"column":2},"end":{"line":80,"column":54}},"29":{"start":{"line":81,"column":2},"end":{"line":81,"column":20}},"30":{"start":{"line":89,"column":25},"end":{"line":91,"column":1}},"31":{"start":{"line":90,"column":2},"end":{"line":90,"column":43}}},"fnMap":{"0":{"name":"(anonymous_0)","decl":{"start":{"line":9,"column":23},"end":{"line":9,"column":24}},"loc":{"start":{"line":9,"column":68},"end":{"line":18,"column":1}},"line":9},"1":{"name":"(anonymous_1)","decl":{"start":{"line":26,"column":23},"end":{"line":26,"column":24}},"loc":{"start":{"line":26,"column":89},"end":{"line":36,"column":1}},"line":26},"2":{"name":"(anonymous_2)","decl":{"start":{"line":53,"column":32},"end":{"line":53,"column":33}},"loc":{"start":{"line":53,"column":74},"end":{"line":82,"column":1}},"line":53},"3":{"name":"(anonymous_3)","decl":{"start":{"line":89,"column":25},"end":{"line":89,"column":26}},"loc":{"start":{"line":89,"column":52},"end":{"line":91,"column":1}},"line":89}},"branchMap":{"0":{"loc":{"start":{"line":10,"column":2},"end":{"line":10,"column":61}},"type":"if","locations":[{"start":{"line":10,"column":2},"end":{"line":10,"column":61}},{"start":{},"end":{}}],"line":10},"1":{"loc":{"start":{"line":11,"column":2},"end":{"line":11,"column":72}},"type":"if","locations":[{"start":{"line":11,"column":2},"end":{"line":11,"column":72}},{"start":{},"end":{}}],"line":11},"2":{"loc":{"start":{"line":27,"column":2},"end":{"line":27,"column":53}},"type":"if","locations":[{"start":{"line":27,"column":2},"end":{"line":27,"column":53}},{"start":{},"end":{}}],"line":27},"3":{"loc":{"start":{"line":27,"column":6},"end":{"line":27,"column":34}},"type":"binary-expr","locations":[{"start":{"line":27,"column":6},"end":{"line":27,"column":21}},{"start":{"line":27,"column":25},"end":{"line":27,"column":34}}],"line":27},"4":{"loc":{"start":{"line":32,"column":11},"end":{"line":32,"column":39}},"type":"binary-expr","locations":[{"start":{"line":32,"column":11},"end":{"line":32,"column":26}},{"start":{"line":32,"column":30},"end":{"line":32,"column":39}}],"line":32},"5":{"loc":{"start":{"line":64,"column":2},"end":{"line":66,"column":3}},"type":"if","locations":[{"start":{"line":64,"column":2},"end":{"line":66,"column":3}},{"start":{},"end":{}}],"line":64},"6":{"loc":{"start":{"line":67,"column":2},"end":{"line":69,"column":3}},"type":"if","locations":[{"start":{"line":67,"column":2},"end":{"line":69,"column":3}},{"start":{},"end":{}}],"line":67},"7":{"loc":{"start":{"line":70,"column":2},"end":{"line":72,"column":3}},"type":"if","locations":[{"start":{"line":70,"column":2},"end":{"line":72,"column":3}},{"start":{},"end":{}}],"line":70},"8":{"loc":{"start":{"line":73,"column":2},"end":{"line":75,"column":3}},"type":"if","locations":[{"start":{"line":73,"column":2},"end":{"line":75,"column":3}},{"start":{},"end":{}}],"line":73},"9":{"loc":{"start":{"line":76,"column":2},"end":{"line":78,"column":3}},"type":"if","locations":[{"start":{"line":76,"column":2},"end":{"line":78,"column":3}},{"start":{},"end":{}}],"line":76}},"s":{"0":5,"1":0,"2":0,"3":0,"4":0,"5":0,"6":0,"7":0,"8":5,"9":0,"10":0,"11":0,"12":0,"13":0,"14":0,"15":0,"16":5,"17":0,"18":0,"19":0,"20":0,"21":0,"22":0,"23":0,"24":0,"25":0,"26":0,"27":0,"28":0,"29":0,"30":5,"31":16},"f":{"0":0,"1":0,"2":0,"3":16},"b":{"0":[0,0],"1":[0,0],"2":[0,0],"3":[0,0],"4":[0,0],"5":[0,0],"6":[0,0],"7":[0,0],"8":[0,0],"9":[0,0]},"_coverageSchema":"1a1c01bbd47fc00a2c39e90264f33305004495a9","hash":"634f523adb709399b004a8b98b901fc6c4669171"}
}
