TN:
SF:src/App.tsx
FN:26,(anonymous_0)
FN:27,(anonymous_1)
FN:42,(anonymous_2)
FN:44,(anonymous_3)
FN:45,(anonymous_4)
FN:55,(anonymous_5)
FN:151,(anonymous_6)
FNF:7
FNH:7
FNDA:2,(anonymous_0)
FNDA:5,(anonymous_1)
FNDA:8,(anonymous_2)
FNDA:23,(anonymous_3)
FNDA:23,(anonymous_4)
FNDA:5,(anonymous_5)
FNDA:6,(anonymous_6)
DA:26,1
DA:27,5
DA:30,2
DA:31,2
DA:35,0
DA:36,0
DA:39,0
DA:42,1
DA:43,8
DA:44,23
DA:45,23
DA:46,7
DA:49,7
DA:52,7
DA:55,7
DA:56,5
DA:57,5
DA:58,5
DA:60,5
DA:63,7
DA:151,1
DA:152,6
LF:22
LH:19
BRDA:30,0,0,2
BRDA:30,0,1,0
BRDA:35,1,0,0
BRDA:35,1,1,0
BRDA:46,2,0,0
BRDA:46,2,1,7
BRDA:144,3,0,0
BRDA:144,3,1,7
BRF:8
BRH:3
end_of_record
TN:
SF:src/index.tsx
FN:8,(anonymous_0)
FN:21,(anonymous_1)
FN:33,(anonymous_2)
FN:49,(anonymous_3)
FN:58,(anonymous_4)
FN:67,(anonymous_5)
FN:94,(anonymous_6)
FN:97,(anonymous_7)
FN:101,(anonymous_8)
FN:105,(anonymous_9)
FNF:10
FNH:0
FNDA:0,(anonymous_0)
FNDA:0,(anonymous_1)
FNDA:0,(anonymous_2)
FNDA:0,(anonymous_3)
FNDA:0,(anonymous_4)
FNDA:0,(anonymous_5)
FNDA:0,(anonymous_6)
FNDA:0,(anonymous_7)
FNDA:0,(anonymous_8)
FNDA:0,(anonymous_9)
DA:7,0
DA:8,0
DA:9,0
DA:10,0
DA:13,0
DA:14,0
DA:16,0
DA:20,0
DA:21,0
DA:22,0
DA:23,0
DA:24,0
DA:26,0
DA:27,0
DA:29,0
DA:33,0
DA:34,0
DA:35,0
DA:36,0
DA:37,0
DA:38,0
DA:39,0
DA:45,0
DA:48,0
DA:49,0
DA:50,0
DA:51,0
DA:52,0
DA:54,0
DA:58,0
DA:60,0
DA:62,0
DA:66,0
DA:67,0
DA:68,0
DA:71,0
DA:72,0
DA:74,0
DA:78,0
DA:80,0
DA:84,0
DA:93,0
DA:94,0
DA:95,0
DA:98,0
DA:101,0
DA:102,0
DA:106,0
LF:48
LH:0
BRDA:10,0,0,0
BRDA:10,0,1,0
BRDA:10,1,0,0
BRDA:10,1,1,0
BRDA:10,1,2,0
BRDA:22,2,0,0
BRDA:22,2,1,0
BRDA:22,3,0,0
BRDA:22,3,1,0
BRDA:26,4,0,0
BRDA:26,4,1,0
BRDA:34,5,0,0
BRDA:34,5,1,0
BRDA:34,6,0,0
BRDA:34,6,1,0
BRDA:34,6,2,0
BRDA:36,7,0,0
BRDA:36,7,1,0
BRDA:50,8,0,0
BRDA:50,8,1,0
BRDA:50,9,0,0
BRDA:50,9,1,0
BRDA:68,10,0,0
BRDA:68,10,1,0
BRDA:68,11,0,0
BRDA:68,11,1,0
BRDA:68,11,2,0
BRDA:68,11,3,0
BRDA:93,12,0,0
BRDA:93,12,1,0
BRDA:93,13,0,0
BRDA:93,13,1,0
BRF:32
BRH:0
end_of_record
TN:
SF:src/components/ASILogo.tsx
FN:9,(anonymous_0)
FNF:1
FNH:0
FNDA:0,(anonymous_0)
DA:9,0
DA:14,0
LF:2
LH:0
BRDA:10,0,0,0
BRDA:11,1,0,0
BRDA:12,2,0,0
BRF:3
BRH:0
end_of_record
TN:
SF:src/components/ErrorBoundary.tsx
FN:13,(anonymous_0)
FN:18,(anonymous_1)
FN:30,(anonymous_2)
FN:42,(anonymous_3)
FN:56,(anonymous_4)
FNF:5
FNH:0
FNDA:0,(anonymous_0)
FNDA:0,(anonymous_1)
FNDA:0,(anonymous_2)
FNDA:0,(anonymous_3)
FNDA:0,(anonymous_4)
DA:14,0
DA:15,0
DA:20,0
DA:21,0
DA:23,0
DA:27,0
DA:32,0
DA:33,0
DA:35,0
DA:36,0
DA:39,0
DA:43,0
DA:44,0
DA:56,0
DA:72,0
LF:15
LH:0
BRDA:20,0,0,0
BRDA:20,0,1,0
BRDA:20,1,0,0
BRDA:20,1,1,0
BRDA:32,2,0,0
BRDA:32,2,1,0
BRDA:32,3,0,0
BRDA:32,3,1,0
BRDA:43,4,0,0
BRDA:43,4,1,0
BRF:10
BRH:0
end_of_record
TN:
SF:src/components/Switch.tsx
FN:35,(anonymous_0)
FN:52,(anonymous_1)
FN:60,(anonymous_2)
FN:65,(anonymous_3)
FN:66,(anonymous_4)
FNF:5
FNH:0
FNDA:0,(anonymous_0)
FNDA:0,(anonymous_1)
FNDA:0,(anonymous_2)
FNDA:0,(anonymous_3)
FNDA:0,(anonymous_4)
DA:10,4
DA:23,4
DA:29,4
DA:35,0
DA:52,0
DA:60,0
DA:65,4
DA:66,0
DA:67,0
DA:68,0
DA:72,0
LF:11
LH:4
BRDA:65,0,0,0
BRDA:67,1,0,0
BRDA:67,1,1,0
BRF:3
BRH:0
end_of_record
TN:
SF:src/components/index.ts
FNF:0
FNH:0
LF:0
LH:0
BRF:0
BRH:0
end_of_record
TN:
SF:src/components/AIHint/AIHint.tsx
FN:27,(anonymous_0)
FN:28,(anonymous_1)
FN:35,(anonymous_2)
FN:37,(anonymous_3)
FN:43,(anonymous_4)
FN:47,(anonymous_5)
FN:70,(anonymous_6)
FN:73,(anonymous_7)
FN:74,(anonymous_8)
FN:78,(anonymous_9)
FNF:10
FNH:0
FNDA:0,(anonymous_0)
FNDA:0,(anonymous_1)
FNDA:0,(anonymous_2)
FNDA:0,(anonymous_3)
FNDA:0,(anonymous_4)
FNDA:0,(anonymous_5)
FNDA:0,(anonymous_6)
FNDA:0,(anonymous_7)
FNDA:0,(anonymous_8)
FNDA:0,(anonymous_9)
DA:10,4
DA:22,4
DA:27,0
DA:28,0
DA:35,0
DA:38,0
DA:44,0
DA:47,0
DA:57,4
DA:70,0
DA:73,0
DA:74,0
DA:78,4
DA:79,0
LF:14
LH:4
BRDA:35,0,0,0
BRDA:35,0,1,0
BRDA:38,1,0,0
BRDA:38,1,1,0
BRDA:44,2,0,0
BRDA:44,2,1,0
BRDA:78,3,0,0
BRF:7
BRH:0
end_of_record
TN:
SF:src/components/AIHint/index.ts
FNF:0
FNH:0
LF:0
LH:0
BRF:0
BRH:0
end_of_record
TN:
SF:src/components/AccountSwitcher/AccountSwitcher.tsx
FN:17,(anonymous_0)
FN:19,(anonymous_1)
FN:20,(anonymous_2)
FN:32,(anonymous_3)
FN:33,(anonymous_4)
FN:38,(anonymous_5)
FN:52,(anonymous_6)
FN:57,(anonymous_7)
FN:64,(anonymous_8)
FN:71,(anonymous_9)
FN:84,(anonymous_10)
FN:92,(anonymous_11)
FN:93,(anonymous_12)
FN:95,(anonymous_13)
FN:99,(anonymous_14)
FN:109,(anonymous_15)
FN:111,(anonymous_16)
FN:121,(anonymous_17)
FN:126,(anonymous_18)
FN:133,(anonymous_19)
FN:137,(anonymous_20)
FN:142,(anonymous_21)
FN:149,(anonymous_22)
FN:151,(anonymous_23)
FN:157,(anonymous_24)
FN:158,(anonymous_25)
FN:165,(anonymous_26)
FN:168,(anonymous_27)
FN:173,(anonymous_28)
FN:179,(anonymous_29)
FN:192,(anonymous_30)
FN:199,(anonymous_31)
FN:205,(anonymous_32)
FN:242,(anonymous_33)
FN:246,(anonymous_34)
FNF:35
FNH:0
FNDA:0,(anonymous_0)
FNDA:0,(anonymous_1)
FNDA:0,(anonymous_2)
FNDA:0,(anonymous_3)
FNDA:0,(anonymous_4)
FNDA:0,(anonymous_5)
FNDA:0,(anonymous_6)
FNDA:0,(anonymous_7)
FNDA:0,(anonymous_8)
FNDA:0,(anonymous_9)
FNDA:0,(anonymous_10)
FNDA:0,(anonymous_11)
FNDA:0,(anonymous_12)
FNDA:0,(anonymous_13)
FNDA:0,(anonymous_14)
FNDA:0,(anonymous_15)
FNDA:0,(anonymous_16)
FNDA:0,(anonymous_17)
FNDA:0,(anonymous_18)
FNDA:0,(anonymous_19)
FNDA:0,(anonymous_20)
FNDA:0,(anonymous_21)
FNDA:0,(anonymous_22)
FNDA:0,(anonymous_23)
FNDA:0,(anonymous_24)
FNDA:0,(anonymous_25)
FNDA:0,(anonymous_26)
FNDA:0,(anonymous_27)
FNDA:0,(anonymous_28)
FNDA:0,(anonymous_29)
FNDA:0,(anonymous_30)
FNDA:0,(anonymous_31)
FNDA:0,(anonymous_32)
FNDA:0,(anonymous_33)
FNDA:0,(anonymous_34)
DA:7,4
DA:12,4
DA:17,0
DA:19,0
DA:20,0
DA:32,0
DA:33,0
DA:38,0
DA:42,4
DA:49,4
DA:52,0
DA:55,4
DA:57,0
DA:62,4
DA:64,0
DA:68,4
DA:71,0
DA:81,4
DA:84,0
DA:87,4
DA:92,0
DA:93,0
DA:95,0
DA:99,0
DA:103,4
DA:109,0
DA:111,0
DA:121,0
DA:126,0
DA:130,4
DA:133,0
DA:137,4
DA:138,0
DA:139,0
DA:142,4
DA:143,0
DA:144,0
DA:145,0
DA:146,0
DA:149,4
DA:150,0
DA:151,0
DA:152,0
DA:153,0
DA:154,0
DA:157,0
DA:158,0
DA:159,0
DA:160,0
DA:164,0
DA:165,0
DA:168,0
DA:169,0
DA:170,0
DA:173,0
DA:174,0
DA:176,0
DA:179,0
DA:180,0
DA:183,0
DA:184,0
DA:186,0
DA:188,0
DA:192,0
DA:193,0
DA:194,0
DA:197,0
DA:199,0
DA:200,0
DA:205,0
DA:206,0
DA:207,0
DA:208,0
DA:209,0
DA:210,0
DA:215,0
DA:216,0
DA:219,0
DA:243,0
DA:246,0
LF:80
LH:14
BRDA:84,0,0,0
BRDA:84,0,1,0
BRDA:99,1,0,0
BRDA:99,1,1,0
BRDA:109,2,0,0
BRDA:109,2,1,0
BRDA:138,3,0,0
BRDA:138,3,1,0
BRDA:144,4,0,0
BRDA:144,4,1,0
BRDA:145,5,0,0
BRDA:145,5,1,0
BRDA:159,6,0,0
BRDA:159,6,1,0
BRDA:159,7,0,0
BRDA:159,7,1,0
BRDA:174,8,0,0
BRDA:174,8,1,0
BRDA:174,9,0,0
BRDA:174,9,1,0
BRDA:197,10,0,0
BRDA:197,10,1,0
BRDA:206,11,0,0
BRDA:206,11,1,0
BRDA:206,12,0,0
BRDA:206,12,1,0
BRDA:209,13,0,0
BRDA:209,13,1,0
BRDA:215,14,0,0
BRDA:215,14,1,0
BRDA:223,15,0,0
BRDA:223,15,1,0
BRDA:232,16,0,0
BRDA:232,16,1,0
BRDA:234,17,0,0
BRDA:234,17,1,0
BRDA:241,18,0,0
BRDA:241,18,1,0
BRDA:253,19,0,0
BRDA:253,19,1,0
BRF:40
BRH:0
end_of_record
TN:
SF:src/components/AccountSwitcher/index.ts
FNF:0
FNH:0
LF:0
LH:0
BRF:0
BRH:0
end_of_record
TN:
SF:src/components/Button/Button.tsx
FN:28,(anonymous_0)
FN:31,(anonymous_1)
FN:35,(anonymous_2)
FN:44,(anonymous_3)
FN:67,(anonymous_4)
FN:73,(anonymous_5)
FN:144,(anonymous_6)
FN:201,(anonymous_7)
FN:213,(anonymous_8)
FN:223,(anonymous_9)
FN:224,(anonymous_10)
FN:224,(anonymous_11)
FN:243,(anonymous_12)
FNF:13
FNH:11
FNDA:1166,(anonymous_0)
FNDA:1166,(anonymous_1)
FNDA:1166,(anonymous_2)
FNDA:1166,(anonymous_3)
FNDA:1166,(anonymous_4)
FNDA:1166,(anonymous_5)
FNDA:1166,(anonymous_6)
FNDA:1166,(anonymous_7)
FNDA:27,(anonymous_8)
FNDA:11,(anonymous_9)
FNDA:0,(anonymous_10)
FNDA:0,(anonymous_11)
FNDA:119,(anonymous_12)
DA:11,4
DA:28,1166
DA:31,1166
DA:35,1166
DA:45,1166
DA:47,5
DA:53,0
DA:59,1161
DA:68,1166
DA:74,1166
DA:76,804
DA:96,0
DA:111,5
DA:127,357
DA:145,1166
DA:175,4
DA:186,4
DA:201,4
DA:211,1166
DA:213,1166
DA:214,27
DA:215,27
DA:216,27
DA:217,27
DA:218,27
DA:219,27
DA:221,27
DA:223,27
DA:224,11
DA:228,27
DA:231,1166
DA:244,119
LF:32
LH:30
BRDA:45,0,0,5
BRDA:45,0,1,0
BRDA:45,0,2,1161
BRDA:68,1,0,1166
BRDA:68,1,1,10
BRDA:74,2,0,804
BRDA:74,2,1,0
BRDA:74,2,2,5
BRDA:74,2,3,357
BRDA:145,3,0,1166
BRDA:145,3,1,0
BRDA:203,4,0,26
BRDA:204,5,0,1161
BRDA:205,6,0,1156
BRDA:206,7,0,1161
BRDA:214,8,0,27
BRDA:214,8,1,0
BRDA:214,9,0,27
BRDA:214,9,1,27
BRDA:237,10,0,1166
BRDA:237,10,1,1126
BRF:21
BRH:17
end_of_record
TN:
SF:src/components/Button/index.ts
FNF:0
FNH:0
LF:0
LH:0
BRF:0
BRH:0
end_of_record
TN:
SF:src/components/Card/Card.tsx
FN:10,(anonymous_0)
FN:16,(anonymous_1)
FN:17,(anonymous_2)
FN:18,(anonymous_3)
FN:27,(anonymous_4)
FN:34,(anonymous_5)
FN:41,(anonymous_6)
FN:46,(anonymous_7)
FN:57,(anonymous_8)
FN:65,(anonymous_9)
FN:75,(anonymous_10)
FN:91,(anonymous_11)
FNF:12
FNH:10
FNDA:835,(anonymous_0)
FNDA:835,(anonymous_1)
FNDA:835,(anonymous_2)
FNDA:835,(anonymous_3)
FNDA:835,(anonymous_4)
FNDA:835,(anonymous_5)
FNDA:0,(anonymous_6)
FNDA:0,(anonymous_7)
FNDA:819,(anonymous_8)
FNDA:819,(anonymous_9)
FNDA:835,(anonymous_10)
FNDA:835,(anonymous_11)
DA:9,4
DA:11,835
DA:16,835
DA:17,835
DA:19,835
DA:28,835
DA:35,835
DA:41,0
DA:46,0
DA:51,4
DA:57,819
DA:60,4
DA:65,819
DA:70,4
DA:75,835
DA:91,835
LF:16
LH:14
BRDA:11,0,0,0
BRDA:11,0,1,835
BRDA:16,1,0,0
BRDA:16,1,1,835
BRDA:19,2,0,0
BRDA:19,2,1,835
BRDA:28,3,0,835
BRDA:28,3,1,0
BRDA:35,4,0,835
BRDA:35,4,1,0
BRF:10
BRH:5
end_of_record
TN:
SF:src/components/Card/index.ts
FNF:0
FNH:0
LF:0
LH:0
BRF:0
BRH:0
end_of_record
TN:
SF:src/components/ConfirmationModal/ConfirmationModal.tsx
FN:19,(anonymous_0)
FN:30,(anonymous_1)
FN:37,(anonymous_2)
FN:43,(anonymous_3)
FN:47,(anonymous_4)
FN:55,(anonymous_5)
FN:64,(anonymous_6)
FN:70,(anonymous_7)
FN:78,(anonymous_8)
FN:95,(anonymous_9)
FN:96,(anonymous_10)
FN:102,(anonymous_11)
FN:117,(anonymous_12)
FN:130,(anonymous_13)
FN:137,(anonymous_14)
FN:145,(anonymous_15)
FNF:16
FNH:0
FNDA:0,(anonymous_0)
FNDA:0,(anonymous_1)
FNDA:0,(anonymous_2)
FNDA:0,(anonymous_3)
FNDA:0,(anonymous_4)
FNDA:0,(anonymous_5)
FNDA:0,(anonymous_6)
FNDA:0,(anonymous_7)
FNDA:0,(anonymous_8)
FNDA:0,(anonymous_9)
FNDA:0,(anonymous_10)
FNDA:0,(anonymous_11)
FNDA:0,(anonymous_12)
FNDA:0,(anonymous_13)
FNDA:0,(anonymous_14)
FNDA:0,(anonymous_15)
DA:5,4
DA:18,4
DA:19,0
DA:27,4
DA:30,0
DA:35,4
DA:37,0
DA:42,4
DA:43,0
DA:47,0
DA:50,4
DA:55,0
DA:62,4
DA:64,0
DA:68,4
DA:70,0
DA:77,4
DA:78,0
DA:83,4
DA:88,4
DA:94,4
DA:95,0
DA:96,0
DA:102,0
DA:117,4
DA:128,0
DA:130,0
DA:131,0
DA:132,0
DA:135,0
DA:137,0
DA:138,0
DA:139,0
DA:143,0
DA:145,0
LF:35
LH:13
BRDA:125,0,0,0
BRDA:126,1,0,0
BRDA:128,2,0,0
BRDA:128,2,1,0
BRDA:131,3,0,0
BRDA:131,3,1,0
BRDA:138,4,0,0
BRDA:138,4,1,0
BRF:8
BRH:0
end_of_record
TN:
SF:src/components/ConfirmationModal/index.ts
FNF:0
FNH:0
LF:0
LH:0
BRF:0
BRH:0
end_of_record
TN:
SF:src/components/DeployConfirmationModal/DeployConfirmationModal.tsx
FN:19,(anonymous_0)
FN:32,(anonymous_1)
FN:39,(anonymous_2)
FN:45,(anonymous_3)
FN:49,(anonymous_4)
FN:57,(anonymous_5)
FN:66,(anonymous_6)
FN:73,(anonymous_7)
FN:81,(anonymous_8)
FN:82,(anonymous_9)
FN:93,(anonymous_10)
FN:106,(anonymous_11)
FN:107,(anonymous_12)
FN:113,(anonymous_13)
FN:117,(anonymous_14)
FN:121,(anonymous_15)
FN:126,(anonymous_16)
FN:133,(anonymous_17)
FN:151,(anonymous_18)
FN:166,(anonymous_19)
FN:172,(anonymous_20)
FN:177,(anonymous_21)
FN:188,(anonymous_22)
FNF:23
FNH:0
FNDA:0,(anonymous_0)
FNDA:0,(anonymous_1)
FNDA:0,(anonymous_2)
FNDA:0,(anonymous_3)
FNDA:0,(anonymous_4)
FNDA:0,(anonymous_5)
FNDA:0,(anonymous_6)
FNDA:0,(anonymous_7)
FNDA:0,(anonymous_8)
FNDA:0,(anonymous_9)
FNDA:0,(anonymous_10)
FNDA:0,(anonymous_11)
FNDA:0,(anonymous_12)
FNDA:0,(anonymous_13)
FNDA:0,(anonymous_14)
FNDA:0,(anonymous_15)
FNDA:0,(anonymous_16)
FNDA:0,(anonymous_17)
FNDA:0,(anonymous_18)
FNDA:0,(anonymous_19)
FNDA:0,(anonymous_20)
FNDA:0,(anonymous_21)
FNDA:0,(anonymous_22)
DA:5,4
DA:18,4
DA:19,0
DA:29,4
DA:32,0
DA:37,4
DA:39,0
DA:44,4
DA:45,0
DA:49,0
DA:52,4
DA:57,0
DA:64,4
DA:66,0
DA:71,4
DA:73,0
DA:80,4
DA:81,0
DA:82,0
DA:90,4
DA:93,0
DA:99,4
DA:105,4
DA:106,0
DA:107,0
DA:113,0
DA:116,4
DA:117,0
DA:121,0
DA:124,4
DA:126,0
DA:130,4
DA:133,0
DA:151,4
DA:164,0
DA:166,0
DA:167,0
DA:168,0
DA:172,0
DA:173,0
DA:174,0
DA:177,0
DA:178,0
DA:179,0
DA:181,0
DA:184,0
DA:186,0
DA:188,0
LF:48
LH:16
BRDA:160,0,0,0
BRDA:162,1,0,0
BRDA:164,2,0,0
BRDA:164,2,1,0
BRDA:167,3,0,0
BRDA:167,3,1,0
BRDA:173,4,0,0
BRDA:173,4,1,0
BRDA:178,5,0,0
BRDA:178,5,1,0
BRDA:190,6,0,0
BRDA:190,6,1,0
BRDA:193,7,0,0
BRDA:193,7,1,0
BRDA:196,8,0,0
BRDA:196,8,1,0
BRDA:210,9,0,0
BRDA:210,9,1,0
BRDA:222,10,0,0
BRDA:222,10,1,0
BRDA:251,11,0,0
BRDA:251,11,1,0
BRF:22
BRH:0
end_of_record
TN:
SF:src/components/DeployConfirmationModal/index.ts
FNF:0
FNH:0
LF:0
LH:0
BRF:0
BRH:0
end_of_record
TN:
SF:src/components/Input/Input.tsx
FN:11,(anonymous_0)
FN:12,(anonymous_1)
FN:22,(anonymous_2)
FN:28,(anonymous_3)
FN:39,(anonymous_4)
FN:40,(anonymous_5)
FN:42,(anonymous_6)
FN:47,(anonymous_7)
FN:50,(anonymous_8)
FN:56,(anonymous_9)
FN:57,(anonymous_10)
FN:64,(anonymous_11)
FN:71,(anonymous_12)
FN:81,(anonymous_13)
FN:104,(anonymous_14)
FN:105,(anonymous_15)
FN:107,(anonymous_16)
FN:114,(anonymous_17)
FN:117,(anonymous_18)
FN:123,(anonymous_19)
FN:124,(anonymous_20)
FN:131,(anonymous_21)
FN:138,(anonymous_22)
FN:142,(anonymous_23)
FN:163,(anonymous_24)
FNF:25
FNH:14
FNDA:1447,(anonymous_0)
FNDA:1447,(anonymous_1)
FNDA:15,(anonymous_2)
FNDA:15,(anonymous_3)
FNDA:1447,(anonymous_4)
FNDA:1447,(anonymous_5)
FNDA:1447,(anonymous_6)
FNDA:1447,(anonymous_7)
FNDA:1447,(anonymous_8)
FNDA:1447,(anonymous_9)
FNDA:1447,(anonymous_10)
FNDA:1447,(anonymous_11)
FNDA:1447,(anonymous_12)
FNDA:0,(anonymous_13)
FNDA:0,(anonymous_14)
FNDA:0,(anonymous_15)
FNDA:0,(anonymous_16)
FNDA:0,(anonymous_17)
FNDA:0,(anonymous_18)
FNDA:0,(anonymous_19)
FNDA:0,(anonymous_20)
FNDA:0,(anonymous_21)
FNDA:0,(anonymous_22)
FNDA:1447,(anonymous_23)
FNDA:0,(anonymous_24)
DA:10,4
DA:11,1447
DA:12,1447
DA:16,4
DA:22,15
DA:28,15
DA:32,4
DA:39,1447
DA:40,1447
DA:42,1447
DA:47,1447
DA:51,1447
DA:56,1447
DA:58,1447
DA:64,1447
DA:71,1447
DA:75,4
DA:81,0
DA:97,4
DA:104,0
DA:105,0
DA:107,0
DA:114,0
DA:118,0
DA:123,0
DA:125,0
DA:131,0
DA:138,0
DA:142,4
DA:148,1447
DA:163,4
DA:169,0
LF:32
LH:21
BRDA:11,0,0,1447
BRDA:11,0,1,0
BRDA:12,1,0,1447
BRDA:12,1,1,0
BRDA:40,2,0,0
BRDA:40,2,1,1447
BRDA:51,3,0,0
BRDA:51,3,1,1447
BRDA:56,4,0,0
BRDA:56,4,1,1447
BRDA:58,5,0,0
BRDA:58,5,1,1447
BRDA:105,6,0,0
BRDA:105,6,1,0
BRDA:118,7,0,0
BRDA:118,7,1,0
BRDA:123,8,0,0
BRDA:123,8,1,0
BRDA:125,9,0,0
BRDA:125,9,1,0
BRDA:145,10,0,1447
BRDA:150,11,0,1447
BRDA:150,11,1,15
BRDA:152,12,0,1447
BRDA:152,12,1,0
BRDA:166,13,0,0
BRDA:171,14,0,0
BRDA:171,14,1,0
BRDA:173,15,0,0
BRDA:173,15,1,0
BRF:30
BRH:10
end_of_record
TN:
SF:src/components/Input/index.ts
FNF:0
FNH:0
LF:0
LH:0
BRF:0
BRH:0
end_of_record
TN:
SF:src/components/Layout/Layout.tsx
FN:18,(anonymous_0)
FN:19,(anonymous_1)
FN:55,(anonymous_2)
FN:62,(anonymous_3)
FN:74,(anonymous_4)
FN:76,(anonymous_5)
FN:77,(anonymous_6)
FN:83,(anonymous_7)
FN:85,(anonymous_8)
FN:86,(anonymous_9)
FN:92,(anonymous_10)
FN:99,(anonymous_11)
FN:100,(anonymous_12)
FN:106,(anonymous_13)
FN:107,(anonymous_14)
FN:117,(anonymous_15)
FN:118,(anonymous_16)
FN:119,(anonymous_17)
FN:124,(anonymous_18)
FN:129,(anonymous_19)
FN:133,(anonymous_20)
FN:142,(anonymous_21)
FN:146,(anonymous_22)
FN:147,(anonymous_23)
FN:148,(anonymous_24)
FN:151,(anonymous_25)
FN:155,(anonymous_26)
FN:159,(anonymous_27)
FN:168,(anonymous_28)
FN:187,(anonymous_29)
FN:206,(anonymous_30)
FN:212,(anonymous_31)
FN:218,(anonymous_32)
FN:224,(anonymous_33)
FN:230,(anonymous_34)
FN:236,(anonymous_35)
FN:242,(anonymous_36)
FN:248,(anonymous_37)
FN:254,(anonymous_38)
FNF:39
FNH:24
FNDA:5,(anonymous_0)
FNDA:5,(anonymous_1)
FNDA:5,(anonymous_2)
FNDA:5,(anonymous_3)
FNDA:5,(anonymous_4)
FNDA:5,(anonymous_5)
FNDA:5,(anonymous_6)
FNDA:5,(anonymous_7)
FNDA:5,(anonymous_8)
FNDA:5,(anonymous_9)
FNDA:5,(anonymous_10)
FNDA:5,(anonymous_11)
FNDA:5,(anonymous_12)
FNDA:5,(anonymous_13)
FNDA:5,(anonymous_14)
FNDA:45,(anonymous_15)
FNDA:45,(anonymous_16)
FNDA:45,(anonymous_17)
FNDA:45,(anonymous_18)
FNDA:0,(anonymous_19)
FNDA:0,(anonymous_20)
FNDA:5,(anonymous_21)
FNDA:19,(anonymous_22)
FNDA:19,(anonymous_23)
FNDA:19,(anonymous_24)
FNDA:0,(anonymous_25)
FNDA:0,(anonymous_26)
FNDA:0,(anonymous_27)
FNDA:0,(anonymous_28)
FNDA:20,(anonymous_29)
FNDA:0,(anonymous_30)
FNDA:0,(anonymous_31)
FNDA:0,(anonymous_32)
FNDA:0,(anonymous_33)
FNDA:0,(anonymous_34)
FNDA:0,(anonymous_35)
FNDA:0,(anonymous_36)
FNDA:0,(anonymous_37)
FNDA:0,(anonymous_38)
DA:11,4
DA:17,4
DA:18,5
DA:19,5
DA:27,4
DA:39,4
DA:46,4
DA:51,4
DA:55,5
DA:59,4
DA:62,5
DA:66,4
DA:72,4
DA:74,5
DA:76,5
DA:77,5
DA:81,4
DA:83,5
DA:85,5
DA:86,5
DA:92,5
DA:97,4
DA:99,5
DA:100,5
DA:105,4
DA:106,5
DA:107,5
DA:113,4
DA:117,45
DA:118,45
DA:119,45
DA:124,45
DA:128,4
DA:129,0
DA:133,0
DA:142,4
DA:143,5
DA:144,5
DA:145,5
DA:146,19
DA:147,19
DA:148,19
DA:151,5
DA:152,0
DA:155,5
DA:156,0
DA:159,5
DA:160,0
DA:161,0
DA:164,5
DA:168,0
DA:188,20
DA:206,0
DA:212,0
DA:218,0
DA:224,0
DA:230,0
DA:236,0
DA:242,0
DA:248,0
DA:254,0
LF:61
LH:45
BRDA:55,0,0,0
BRDA:55,0,1,5
BRDA:99,1,0,0
BRDA:99,1,1,5
BRDA:100,2,0,0
BRDA:100,2,1,5
BRDA:117,3,0,5
BRDA:117,3,1,40
BRDA:118,4,0,5
BRDA:118,4,1,40
BRDA:119,5,0,5
BRDA:119,5,1,40
BRDA:178,6,0,5
BRDA:178,6,1,0
BRDA:178,6,2,0
BRDA:194,7,0,0
BRDA:194,7,1,5
BRDA:196,8,0,5
BRDA:196,8,1,0
BRF:19
BRH:12
end_of_record
TN:
SF:src/components/Layout/index.ts
FNF:0
FNH:0
LF:0
LH:0
BRF:0
BRH:0
end_of_record
TN:
SF:src/components/PasswordModal/PasswordModal.tsx
FN:19,(anonymous_0)
FN:30,(anonymous_1)
FN:36,(anonymous_2)
FN:47,(anonymous_3)
FN:62,(anonymous_4)
FN:76,(anonymous_5)
FN:85,(anonymous_6)
FN:91,(anonymous_7)
FN:99,(anonymous_8)
FN:106,(anonymous_9)
FNF:10
FNH:0
FNDA:0,(anonymous_0)
FNDA:0,(anonymous_1)
FNDA:0,(anonymous_2)
FNDA:0,(anonymous_3)
FNDA:0,(anonymous_4)
FNDA:0,(anonymous_5)
FNDA:0,(anonymous_6)
FNDA:0,(anonymous_7)
FNDA:0,(anonymous_8)
FNDA:0,(anonymous_9)
DA:5,3
DA:18,3
DA:19,0
DA:27,3
DA:30,0
DA:34,3
DA:36,0
DA:40,3
DA:46,3
DA:47,0
DA:62,3
DA:71,0
DA:72,0
DA:74,0
DA:76,0
DA:77,0
DA:78,0
DA:79,0
DA:81,0
DA:82,0
DA:85,0
DA:86,0
DA:87,0
DA:91,0
DA:92,0
DA:93,0
DA:94,0
DA:97,0
DA:99,0
DA:106,0
LF:30
LH:7
BRDA:66,0,0,0
BRDA:67,1,0,0
BRDA:68,2,0,0
BRDA:74,3,0,0
BRDA:74,3,1,0
BRDA:77,4,0,0
BRDA:77,4,1,0
BRDA:86,5,0,0
BRDA:86,5,1,0
BRDA:86,6,0,0
BRDA:86,6,1,0
BRDA:112,7,0,0
BRDA:112,7,1,0
BRDA:112,7,2,0
BRDA:113,8,0,0
BRDA:113,8,1,0
BRF:16
BRH:0
end_of_record
TN:
SF:src/components/PasswordModal/index.ts
FNF:0
FNH:0
LF:0
LH:0
BRF:0
BRH:0
end_of_record
TN:
SF:src/components/PasswordSetup/PasswordSetup.tsx
FN:14,(anonymous_0)
FN:28,(anonymous_1)
FN:32,(anonymous_2)
FN:39,(anonymous_3)
FN:55,(anonymous_4)
FN:66,(anonymous_5)
FN:74,(anonymous_6)
FN:90,(anonymous_7)
FN:104,(anonymous_8)
FN:133,(anonymous_9)
FNF:10
FNH:0
FNDA:0,(anonymous_0)
FNDA:0,(anonymous_1)
FNDA:0,(anonymous_2)
FNDA:0,(anonymous_3)
FNDA:0,(anonymous_4)
FNDA:0,(anonymous_5)
FNDA:0,(anonymous_6)
FNDA:0,(anonymous_7)
FNDA:0,(anonymous_8)
FNDA:0,(anonymous_9)
DA:6,4
DA:11,4
DA:14,0
DA:18,4
DA:24,4
DA:28,0
DA:32,0
DA:38,4
DA:39,0
DA:44,4
DA:55,4
DA:61,0
DA:62,0
DA:63,0
DA:64,0
DA:66,0
DA:67,0
DA:68,0
DA:70,0
DA:74,0
DA:75,0
DA:77,0
DA:78,0
DA:79,0
DA:82,0
DA:83,0
DA:84,0
DA:87,0
DA:90,0
DA:91,0
DA:92,0
DA:96,0
DA:104,0
DA:133,0
LF:34
LH:7
BRDA:28,0,0,0
BRDA:28,0,1,0
BRDA:32,1,0,0
BRDA:32,1,1,0
BRDA:58,2,0,0
BRDA:59,3,0,0
BRDA:67,4,0,0
BRDA:67,4,1,0
BRDA:77,5,0,0
BRDA:77,5,1,0
BRDA:82,6,0,0
BRDA:82,6,1,0
BRDA:91,7,0,0
BRDA:91,7,1,0
BRDA:91,8,0,0
BRDA:91,8,1,0
BRDA:91,8,2,0
BRDA:109,9,0,0
BRDA:109,9,1,0
BRDA:138,10,0,0
BRDA:138,10,1,0
BRDA:143,11,0,0
BRDA:143,11,1,0
BRDA:148,12,0,0
BRDA:148,12,1,0
BRF:25
BRH:0
end_of_record
TN:
SF:src/components/PasswordSetup/index.ts
FNF:0
FNH:0
LF:0
LH:0
BRF:0
BRH:0
end_of_record
TN:
SF:src/components/WalletConnect/ConnectedDApps.tsx
FN:49,(anonymous_0)
FN:55,(anonymous_1)
FN:58,(anonymous_2)
FN:60,(anonymous_3)
FN:62,(anonymous_4)
FN:83,(anonymous_5)
FN:99,(anonymous_6)
FNF:7
FNH:0
FNDA:0,(anonymous_0)
FNDA:0,(anonymous_1)
FNDA:0,(anonymous_2)
FNDA:0,(anonymous_3)
FNDA:0,(anonymous_4)
FNDA:0,(anonymous_5)
FNDA:0,(anonymous_6)
DA:8,1
DA:12,1
DA:16,1
DA:22,1
DA:29,1
DA:35,1
DA:41,1
DA:43,1
DA:47,1
DA:49,0
DA:52,1
DA:55,0
DA:58,1
DA:59,0
DA:60,0
DA:62,0
DA:63,0
DA:64,0
DA:68,0
DA:69,0
DA:79,0
DA:84,0
DA:85,0
DA:87,0
DA:99,0
LF:25
LH:11
BRDA:63,0,0,0
BRDA:63,0,1,0
BRDA:68,1,0,0
BRDA:68,1,1,0
BRDA:85,2,0,0
BRDA:85,2,1,0
BRDA:90,3,0,0
BRDA:90,3,1,0
BRF:8
BRH:0
end_of_record
TN:
SF:src/components/WalletConnect/SessionProposalModal.tsx
FN:46,(anonymous_0)
FN:73,(anonymous_1)
FN:82,(anonymous_2)
FN:96,(anonymous_3)
FN:97,(anonymous_4)
FN:108,(anonymous_5)
FN:110,(anonymous_6)
FN:120,(anonymous_7)
FN:127,(anonymous_8)
FN:134,(anonymous_9)
FN:149,(anonymous_10)
FN:160,(anonymous_11)
FN:172,(anonymous_12)
FNF:13
FNH:0
FNDA:0,(anonymous_0)
FNDA:0,(anonymous_1)
FNDA:0,(anonymous_2)
FNDA:0,(anonymous_3)
FNDA:0,(anonymous_4)
FNDA:0,(anonymous_5)
FNDA:0,(anonymous_6)
FNDA:0,(anonymous_7)
FNDA:0,(anonymous_8)
FNDA:0,(anonymous_9)
FNDA:0,(anonymous_10)
FNDA:0,(anonymous_11)
FNDA:0,(anonymous_12)
DA:9,1
DA:22,1
DA:29,1
DA:34,1
DA:41,1
DA:45,1
DA:46,0
DA:50,1
DA:54,1
DA:58,1
DA:65,1
DA:71,1
DA:73,0
DA:82,0
DA:87,1
DA:93,1
DA:96,0
DA:97,0
DA:108,1
DA:109,0
DA:110,0
DA:112,0
DA:114,0
DA:115,0
DA:116,0
DA:117,0
DA:118,0
DA:120,0
DA:121,0
DA:122,0
DA:123,0
DA:127,0
DA:128,0
DA:129,0
DA:132,0
DA:134,0
DA:150,0
DA:161,0
DA:173,0
LF:39
LH:14
BRDA:112,0,0,0
BRDA:112,0,1,0
BRDA:116,1,0,0
BRDA:116,1,1,0
BRDA:117,2,0,0
BRDA:117,2,1,0
BRDA:118,3,0,0
BRDA:118,3,1,0
BRDA:121,4,0,0
BRDA:121,4,1,0
BRDA:136,5,0,0
BRDA:136,5,1,0
BRDA:141,6,0,0
BRDA:141,6,1,0
BRDA:168,7,0,0
BRDA:168,7,1,0
BRF:16
BRH:0
end_of_record
TN:
SF:src/components/WalletConnect/TransactionApprovalModal.tsx
FN:41,(anonymous_0)
FN:57,(anonymous_1)
FN:70,(anonymous_2)
FN:76,(anonymous_3)
FN:77,(anonymous_4)
FN:89,(anonymous_5)
FN:91,(anonymous_6)
FN:92,(anonymous_7)
FN:101,(anonymous_8)
FN:176,(anonymous_9)
FN:188,(anonymous_10)
FNF:11
FNH:0
FNDA:0,(anonymous_0)
FNDA:0,(anonymous_1)
FNDA:0,(anonymous_2)
FNDA:0,(anonymous_3)
FNDA:0,(anonymous_4)
FNDA:0,(anonymous_5)
FNDA:0,(anonymous_6)
FNDA:0,(anonymous_7)
FNDA:0,(anonymous_8)
FNDA:0,(anonymous_9)
FNDA:0,(anonymous_10)
DA:11,1
DA:24,1
DA:31,1
DA:36,1
DA:40,1
DA:41,0
DA:44,1
DA:48,1
DA:55,1
DA:57,0
DA:63,1
DA:69,1
DA:70,0
DA:75,1
DA:76,0
DA:77,0
DA:89,1
DA:90,0
DA:91,0
DA:92,0
DA:93,0
DA:94,0
DA:96,0
DA:98,0
DA:99,0
DA:101,0
DA:102,0
DA:103,0
DA:105,0
DA:108,0
DA:111,0
DA:114,0
DA:121,0
DA:122,0
DA:126,0
DA:127,0
DA:131,0
DA:132,0
DA:135,0
DA:137,0
DA:143,0
DA:148,0
DA:150,0
DA:155,0
DA:158,0
DA:161,0
DA:167,0
DA:168,0
DA:170,0
DA:172,0
DA:176,0
DA:177,0
DA:182,0
DA:183,0
DA:186,0
DA:188,0
LF:56
LH:12
BRDA:96,0,0,0
BRDA:96,0,1,0
BRDA:108,1,0,0
BRDA:108,1,1,0
BRDA:108,1,2,0
BRDA:108,1,3,0
BRDA:131,2,0,0
BRDA:131,2,1,0
BRDA:131,3,0,0
BRDA:131,3,1,0
BRDA:144,4,0,0
BRDA:144,4,1,0
BRDA:151,5,0,0
BRDA:151,5,1,0
BRDA:170,6,0,0
BRDA:170,6,1,0
BRDA:191,7,0,0
BRDA:191,7,1,0
BRDA:204,8,0,0
BRDA:204,8,1,0
BRDA:204,8,2,0
BRDA:206,9,0,0
BRDA:206,9,1,0
BRDA:212,10,0,0
BRDA:212,10,1,0
BRDA:218,11,0,0
BRDA:218,11,1,0
BRDA:227,12,0,0
BRDA:227,12,1,0
BRDA:227,12,2,0
BRDA:238,13,0,0
BRDA:238,13,1,0
BRDA:254,14,0,0
BRDA:254,14,1,0
BRF:34
BRH:0
end_of_record
TN:
SF:src/components/WalletConnect/WalletConnectModal.tsx
FN:39,(anonymous_0)
FN:80,(anonymous_1)
FN:84,(anonymous_2)
FN:91,(anonymous_3)
FN:99,(anonymous_4)
FN:107,(anonymous_5)
FN:109,(anonymous_6)
FN:113,(anonymous_7)
FN:115,(anonymous_8)
FN:118,(anonymous_9)
FN:122,(anonymous_10)
FN:131,(anonymous_11)
FN:150,(anonymous_12)
FN:177,(anonymous_13)
FN:189,(anonymous_14)
FN:204,(anonymous_15)
FNF:16
FNH:0
FNDA:0,(anonymous_0)
FNDA:0,(anonymous_1)
FNDA:0,(anonymous_2)
FNDA:0,(anonymous_3)
FNDA:0,(anonymous_4)
FNDA:0,(anonymous_5)
FNDA:0,(anonymous_6)
FNDA:0,(anonymous_7)
FNDA:0,(anonymous_8)
FNDA:0,(anonymous_9)
FNDA:0,(anonymous_10)
FNDA:0,(anonymous_11)
FNDA:0,(anonymous_12)
FNDA:0,(anonymous_13)
FNDA:0,(anonymous_14)
FNDA:0,(anonymous_15)
DA:10,1
DA:23,1
DA:31,1
DA:39,0
DA:48,1
DA:53,1
DA:62,1
DA:68,1
DA:80,0
DA:84,0
DA:90,1
DA:91,0
DA:96,1
DA:99,0
DA:107,1
DA:108,0
DA:109,0
DA:110,0
DA:111,0
DA:113,0
DA:114,0
DA:115,0
DA:116,0
DA:118,0
DA:122,0
DA:123,0
DA:124,0
DA:125,0
DA:126,0
DA:131,0
DA:132,0
DA:133,0
DA:134,0
DA:135,0
DA:136,0
DA:137,0
DA:138,0
DA:142,0
DA:146,0
DA:148,0
DA:150,0
DA:177,0
DA:189,0
DA:205,0
DA:206,0
LF:45
LH:10
BRDA:114,0,0,0
BRDA:114,0,1,0
BRDA:123,1,0,0
BRDA:123,1,1,0
BRDA:125,2,0,0
BRDA:125,2,1,0
BRDA:134,3,0,0
BRDA:134,3,1,0
BRDA:137,4,0,0
BRDA:137,4,1,0
BRDA:146,5,0,0
BRDA:146,5,1,0
BRDA:154,6,0,0
BRDA:154,6,1,0
BRDA:162,7,0,0
BRDA:162,7,1,0
BRDA:196,8,0,0
BRDA:196,8,1,0
BRDA:200,9,0,0
BRDA:200,9,1,0
BRDA:217,10,0,0
BRDA:217,10,1,0
BRDA:218,11,0,0
BRDA:218,11,1,0
BRF:24
BRH:0
end_of_record
TN:
SF:src/components/WalletConnect/WalletConnectModalV2.tsx
FN:39,(anonymous_0)
FN:62,(anonymous_1)
FN:63,(anonymous_2)
FN:64,(anonymous_3)
FN:72,(anonymous_4)
FN:106,(anonymous_5)
FN:115,(anonymous_6)
FN:134,(anonymous_7)
FN:142,(anonymous_8)
FN:155,(anonymous_9)
FN:156,(anonymous_10)
FN:165,(anonymous_11)
FN:176,(anonymous_12)
FN:178,(anonymous_13)
FN:187,(anonymous_14)
FN:189,(anonymous_15)
FN:192,(anonymous_16)
FN:196,(anonymous_17)
FN:203,(anonymous_18)
FN:208,(anonymous_19)
FN:216,(anonymous_20)
FN:237,(anonymous_21)
FN:246,(anonymous_22)
FN:257,(anonymous_23)
FN:261,(anonymous_24)
FN:275,(anonymous_25)
FN:291,(anonymous_26)
FN:302,(anonymous_27)
FN:307,(anonymous_28)
FN:310,(anonymous_29)
FN:323,(anonymous_30)
FN:365,(anonymous_31)
FNF:32
FNH:0
FNDA:0,(anonymous_0)
FNDA:0,(anonymous_1)
FNDA:0,(anonymous_2)
FNDA:0,(anonymous_3)
FNDA:0,(anonymous_4)
FNDA:0,(anonymous_5)
FNDA:0,(anonymous_6)
FNDA:0,(anonymous_7)
FNDA:0,(anonymous_8)
FNDA:0,(anonymous_9)
FNDA:0,(anonymous_10)
FNDA:0,(anonymous_11)
FNDA:0,(anonymous_12)
FNDA:0,(anonymous_13)
FNDA:0,(anonymous_14)
FNDA:0,(anonymous_15)
FNDA:0,(anonymous_16)
FNDA:0,(anonymous_17)
FNDA:0,(anonymous_18)
FNDA:0,(anonymous_19)
FNDA:0,(anonymous_20)
FNDA:0,(anonymous_21)
FNDA:0,(anonymous_22)
FNDA:0,(anonymous_23)
FNDA:0,(anonymous_24)
FNDA:0,(anonymous_25)
FNDA:0,(anonymous_26)
FNDA:0,(anonymous_27)
FNDA:0,(anonymous_28)
FNDA:0,(anonymous_29)
FNDA:0,(anonymous_30)
FNDA:0,(anonymous_31)
DA:10,1
DA:23,1
DA:31,1
DA:39,0
DA:48,1
DA:53,1
DA:59,1
DA:62,0
DA:63,0
DA:64,0
DA:72,0
DA:76,1
DA:82,1
DA:93,1
DA:99,1
DA:106,0
DA:115,0
DA:133,1
DA:134,0
DA:139,1
DA:142,0
DA:145,1
DA:149,1
DA:155,0
DA:156,0
DA:165,0
DA:176,1
DA:177,0
DA:178,0
DA:179,0
DA:180,0
DA:181,0
DA:182,0
DA:183,0
DA:184,0
DA:185,0
DA:187,0
DA:188,0
DA:189,0
DA:190,0
DA:192,0
DA:196,0
DA:197,0
DA:198,0
DA:199,0
DA:200,0
DA:203,0
DA:204,0
DA:208,0
DA:209,0
DA:210,0
DA:211,0
DA:213,0
DA:214,0
DA:217,0
DA:218,0
DA:219,0
DA:228,0
DA:229,0
DA:232,0
DA:233,0
DA:237,0
DA:238,0
DA:239,0
DA:240,0
DA:241,0
DA:243,0
DA:246,0
DA:247,0
DA:248,0
DA:249,0
DA:250,0
DA:253,0
DA:257,0
DA:258,0
DA:261,0
DA:262,0
DA:263,0
DA:264,0
DA:265,0
DA:266,0
DA:268,0
DA:271,0
DA:275,0
DA:276,0
DA:277,0
DA:278,0
DA:279,0
DA:280,0
DA:281,0
DA:283,0
DA:286,0
DA:291,0
DA:292,0
DA:293,0
DA:294,0
DA:295,0
DA:298,0
DA:300,0
DA:302,0
DA:307,0
DA:310,0
DA:323,0
DA:365,0
LF:104
LH:15
BRDA:62,0,0,0
BRDA:62,0,1,0
BRDA:63,1,0,0
BRDA:63,1,1,0
BRDA:72,2,0,0
BRDA:72,2,1,0
BRDA:188,3,0,0
BRDA:188,3,1,0
BRDA:197,4,0,0
BRDA:197,4,1,0
BRDA:197,5,0,0
BRDA:197,5,1,0
BRDA:197,5,2,0
BRDA:199,6,0,0
BRDA:199,6,1,0
BRDA:199,7,0,0
BRDA:199,7,1,0
BRDA:213,8,0,0
BRDA:213,8,1,0
BRDA:217,9,0,0
BRDA:217,9,1,0
BRDA:232,10,0,0
BRDA:232,10,1,0
BRDA:238,11,0,0
BRDA:238,11,1,0
BRDA:247,12,0,0
BRDA:247,12,1,0
BRDA:249,13,0,0
BRDA:249,13,1,0
BRDA:264,14,0,0
BRDA:264,14,1,0
BRDA:277,15,0,0
BRDA:277,15,1,0
BRDA:280,16,0,0
BRDA:280,16,1,0
BRDA:298,17,0,0
BRDA:298,17,1,0
BRDA:315,18,0,0
BRDA:315,18,1,0
BRDA:325,19,0,0
BRDA:325,19,1,0
BRDA:332,20,0,0
BRDA:332,20,1,0
BRDA:339,21,0,0
BRDA:339,21,1,0
BRDA:339,21,2,0
BRDA:342,22,0,0
BRDA:342,22,1,0
BRDA:351,23,0,0
BRDA:351,23,1,0
BRDA:354,24,0,0
BRDA:354,24,1,0
BRDA:369,25,0,0
BRDA:369,25,1,0
BRDA:377,26,0,0
BRDA:377,26,1,0
BRDA:378,27,0,0
BRDA:378,27,1,0
BRDA:379,28,0,0
BRDA:379,28,1,0
BRDA:379,28,2,0
BRDA:379,29,0,0
BRDA:379,29,1,0
BRF:63
BRH:0
end_of_record
TN:
SF:src/components/WalletConnect/index.ts
FNF:0
FNH:0
LF:0
LH:0
BRF:0
BRH:0
end_of_record
TN:
SF:src/hooks/index.ts
FNF:0
FNH:0
LF:0
LH:0
BRF:0
BRH:0
end_of_record
TN:
SF:src/hooks/useDeepLink.ts
FN:6,(anonymous_0)
FN:11,(anonymous_1)
FN:22,(anonymous_2)
FN:40,(anonymous_3)
FN:57,(anonymous_4)
FNF:5
FNH:2
FNDA:7,(anonymous_0)
FNDA:6,(anonymous_1)
FNDA:0,(anonymous_2)
FNDA:0,(anonymous_3)
FNDA:0,(anonymous_4)
DA:6,1
DA:7,7
DA:8,7
DA:9,7
DA:11,7
DA:13,6
DA:16,6
DA:17,6
DA:19,0
DA:22,0
DA:23,0
DA:27,0
DA:31,6
DA:32,6
DA:33,0
DA:36,0
DA:40,7
DA:42,0
DA:43,0
DA:45,0
DA:47,0
DA:53,0
DA:55,0
DA:57,0
DA:58,0
DA:59,0
DA:61,0
DA:63,0
LF:28
LH:11
BRDA:17,0,0,0
BRDA:17,0,1,6
BRDA:17,1,0,6
BRDA:17,1,1,0
BRDA:32,2,0,0
BRDA:32,2,1,6
BRDA:43,3,0,0
BRDA:43,3,1,0
BRDA:45,4,0,0
BRDA:45,4,1,0
BRDA:45,4,2,0
BRF:11
BRH:3
end_of_record
TN:
SF:src/hooks/useIdleTimer.ts
FN:10,(anonymous_0)
FN:13,(anonymous_1)
FN:18,(anonymous_2)
FN:26,(anonymous_3)
FN:32,(anonymous_4)
FN:51,(anonymous_5)
FN:59,(anonymous_6)
FN:60,(anonymous_7)
FNF:8
FNH:3
FNDA:7,(anonymous_0)
FNDA:23,(anonymous_1)
FNDA:7,(anonymous_2)
FNDA:0,(anonymous_3)
FNDA:0,(anonymous_4)
FNDA:0,(anonymous_5)
FNDA:0,(anonymous_6)
FNDA:0,(anonymous_7)
DA:10,1
DA:11,7
DA:12,7
DA:13,23
DA:15,7
DA:16,7
DA:18,7
DA:19,7
DA:20,7
DA:23,0
DA:26,0
DA:27,0
DA:28,0
DA:32,0
DA:33,0
DA:34,0
DA:36,0
DA:38,0
DA:39,0
DA:42,0
DA:43,0
DA:48,0
DA:51,0
DA:52,0
DA:56,0
DA:59,0
DA:60,0
DA:61,0
DA:64,0
DA:65,0
LF:30
LH:9
BRDA:19,0,0,7
BRDA:19,0,1,0
BRDA:19,1,0,7
BRDA:19,1,1,0
BRDA:36,2,0,0
BRDA:36,2,1,0
BRDA:64,3,0,0
BRDA:64,3,1,0
BRF:8
BRH:2
end_of_record
TN:
SF:src/pages/index.ts
FNF:0
FNH:0
LF:0
LH:0
BRF:0
BRH:0
end_of_record
TN:
SF:src/pages/Accounts/Accounts.tsx
FN:23,(anonymous_0)
FN:28,(anonymous_1)
FN:43,(anonymous_2)
FN:50,(anonymous_3)
FN:56,(anonymous_4)
FN:88,(anonymous_5)
FN:90,(anonymous_6)
FN:91,(anonymous_7)
FN:98,(anonymous_8)
FN:99,(anonymous_9)
FN:100,(anonymous_10)
FN:114,(anonymous_11)
FN:116,(anonymous_12)
FN:117,(anonymous_13)
FN:134,(anonymous_14)
FN:141,(anonymous_15)
FN:143,(anonymous_16)
FN:150,(anonymous_17)
FN:152,(anonymous_18)
FN:153,(anonymous_19)
FN:158,(anonymous_20)
FN:162,(anonymous_21)
FN:164,(anonymous_22)
FN:170,(anonymous_23)
FN:177,(anonymous_24)
FN:210,(anonymous_25)
FN:227,(anonymous_26)
FN:239,(anonymous_27)
FN:243,(anonymous_28)
FN:249,(anonymous_29)
FN:253,(anonymous_30)
FN:257,(anonymous_31)
FN:280,(anonymous_32)
FN:299,(anonymous_33)
FN:331,(anonymous_34)
FN:363,(anonymous_35)
FN:369,(anonymous_36)
FN:379,(anonymous_37)
FN:413,(anonymous_38)
FN:414,(anonymous_39)
FN:419,(anonymous_40)
FN:444,(anonymous_41)
FN:454,(anonymous_42)
FNF:43
FNH:10
FNDA:0,(anonymous_0)
FNDA:0,(anonymous_1)
FNDA:0,(anonymous_2)
FNDA:0,(anonymous_3)
FNDA:0,(anonymous_4)
FNDA:5,(anonymous_5)
FNDA:5,(anonymous_6)
FNDA:5,(anonymous_7)
FNDA:0,(anonymous_8)
FNDA:0,(anonymous_9)
FNDA:0,(anonymous_10)
FNDA:6,(anonymous_11)
FNDA:19,(anonymous_12)
FNDA:19,(anonymous_13)
FNDA:5,(anonymous_14)
FNDA:5,(anonymous_15)
FNDA:0,(anonymous_16)
FNDA:5,(anonymous_17)
FNDA:0,(anonymous_18)
FNDA:0,(anonymous_19)
FNDA:0,(anonymous_20)
FNDA:0,(anonymous_21)
FNDA:0,(anonymous_22)
FNDA:0,(anonymous_23)
FNDA:0,(anonymous_24)
FNDA:0,(anonymous_25)
FNDA:0,(anonymous_26)
FNDA:0,(anonymous_27)
FNDA:0,(anonymous_28)
FNDA:0,(anonymous_29)
FNDA:0,(anonymous_30)
FNDA:5,(anonymous_31)
FNDA:0,(anonymous_32)
FNDA:0,(anonymous_33)
FNDA:0,(anonymous_34)
FNDA:0,(anonymous_35)
FNDA:0,(anonymous_36)
FNDA:0,(anonymous_37)
FNDA:0,(anonymous_38)
FNDA:0,(anonymous_39)
FNDA:0,(anonymous_40)
FNDA:0,(anonymous_41)
FNDA:0,(anonymous_42)
DA:10,1
DA:15,1
DA:22,1
DA:23,0
DA:28,0
DA:33,1
DA:40,1
DA:43,0
DA:47,1
DA:50,0
DA:53,1
DA:56,0
DA:61,1
DA:67,1
DA:71,1
DA:75,1
DA:86,1
DA:88,5
DA:90,5
DA:91,5
DA:97,1
DA:98,0
DA:99,0
DA:100,0
DA:114,1
DA:115,6
DA:116,19
DA:117,19
DA:119,5
DA:120,5
DA:121,5
DA:122,5
DA:128,5
DA:129,5
DA:130,5
DA:131,5
DA:134,5
DA:135,5
DA:136,0
DA:141,5
DA:142,5
DA:143,0
DA:144,0
DA:150,5
DA:151,5
DA:152,0
DA:153,0
DA:154,0
DA:158,0
DA:162,5
DA:163,0
DA:164,0
DA:165,0
DA:170,5
DA:171,0
DA:172,0
DA:173,0
DA:177,5
DA:178,0
DA:179,0
DA:184,0
DA:186,0
DA:189,0
DA:190,0
DA:191,0
DA:192,0
DA:193,0
DA:198,0
DA:200,0
DA:203,0
DA:204,0
DA:205,0
DA:206,0
DA:210,5
DA:211,0
DA:213,0
DA:214,0
DA:219,0
DA:222,0
DA:228,0
DA:230,0
DA:233,0
DA:234,0
DA:239,5
DA:240,0
DA:243,5
DA:244,0
DA:245,0
DA:249,5
DA:250,0
DA:253,5
DA:254,0
DA:257,5
DA:258,5
DA:260,5
DA:262,0
DA:264,0
DA:266,0
DA:268,0
DA:272,5
DA:273,0
DA:281,0
DA:282,0
DA:291,5
DA:292,0
DA:300,0
DA:301,0
DA:310,5
DA:331,0
DA:363,0
DA:369,0
DA:379,0
DA:414,0
DA:415,0
DA:419,0
DA:445,0
DA:446,0
DA:455,0
DA:456,0
LF:119
LH:48
BRDA:23,0,0,0
BRDA:23,0,1,0
BRDA:135,1,0,0
BRDA:135,1,1,5
BRDA:142,2,0,0
BRDA:142,2,1,5
BRDA:142,3,0,5
BRDA:142,3,1,0
BRDA:151,4,0,0
BRDA:151,4,1,5
BRDA:151,5,0,5
BRDA:151,5,1,0
BRDA:163,6,0,0
BRDA:163,6,1,0
BRDA:163,7,0,0
BRDA:163,7,1,0
BRDA:171,8,0,0
BRDA:171,8,1,0
BRDA:178,9,0,0
BRDA:178,9,1,0
BRDA:184,10,0,0
BRDA:184,10,1,0
BRDA:192,11,0,0
BRDA:192,11,1,0
BRDA:198,12,0,0
BRDA:198,12,1,0
BRDA:211,13,0,0
BRDA:211,13,1,0
BRDA:211,14,0,0
BRDA:211,14,1,0
BRDA:213,15,0,0
BRDA:213,15,1,0
BRDA:228,16,0,0
BRDA:228,16,1,0
BRDA:244,17,0,0
BRDA:244,17,1,0
BRDA:258,18,0,5
BRDA:258,18,1,0
BRDA:258,18,2,0
BRDA:258,18,3,0
BRDA:258,18,4,0
BRDA:272,19,0,0
BRDA:272,19,1,5
BRDA:291,20,0,0
BRDA:291,20,1,5
BRDA:319,21,0,5
BRDA:319,21,1,0
BRDA:319,21,2,0
BRDA:351,22,0,5
BRDA:351,22,1,0
BRDA:351,22,2,0
BRDA:381,23,0,5
BRDA:381,23,1,0
BRDA:386,24,0,5
BRDA:386,24,1,0
BRDA:409,25,0,5
BRDA:409,25,1,0
BRDA:431,26,0,0
BRDA:431,26,1,0
BRDA:436,27,0,0
BRDA:436,27,1,0
BRF:61
BRH:13
end_of_record
TN:
SF:src/pages/Accounts/index.ts
FNF:0
FNH:0
LF:0
LH:0
BRF:0
BRH:0
end_of_record
TN:
SF:src/pages/Dashboard/Dashboard.tsx
FN:28,(anonymous_0)
FN:84,(anonymous_1)
FN:89,(anonymous_2)
FN:95,(anonymous_3)
FN:125,(anonymous_4)
FN:132,(anonymous_5)
FN:133,(anonymous_6)
FN:138,(anonymous_7)
FN:145,(anonymous_8)
FN:150,(anonymous_9)
FN:151,(anonymous_10)
FN:167,(anonymous_11)
FN:172,(anonymous_12)
FN:175,(anonymous_13)
FN:179,(anonymous_14)
FN:182,(anonymous_15)
FN:190,(anonymous_16)
FN:199,(anonymous_17)
FN:202,(anonymous_18)
FN:210,(anonymous_19)
FN:215,(anonymous_20)
FN:216,(anonymous_21)
FN:235,(anonymous_22)
FN:239,(anonymous_23)
FN:241,(anonymous_24)
FN:246,(anonymous_25)
FN:251,(anonymous_26)
FN:255,(anonymous_27)
FN:265,(anonymous_28)
FN:273,(anonymous_29)
FN:280,(anonymous_30)
FN:287,(anonymous_31)
FN:291,(anonymous_32)
FN:295,(anonymous_33)
FN:314,(anonymous_34)
FN:379,(anonymous_35)
FN:389,(anonymous_36)
FN:410,(anonymous_37)
FN:419,(anonymous_38)
FN:428,(anonymous_39)
FN:437,(anonymous_40)
FN:446,(anonymous_41)
FN:455,(anonymous_42)
FN:464,(anonymous_43)
FN:478,(anonymous_44)
FN:483,(anonymous_45)
FN:491,(anonymous_46)
FNF:47
FNH:0
FNDA:0,(anonymous_0)
FNDA:0,(anonymous_1)
FNDA:0,(anonymous_2)
FNDA:0,(anonymous_3)
FNDA:0,(anonymous_4)
FNDA:0,(anonymous_5)
FNDA:0,(anonymous_6)
FNDA:0,(anonymous_7)
FNDA:0,(anonymous_8)
FNDA:0,(anonymous_9)
FNDA:0,(anonymous_10)
FNDA:0,(anonymous_11)
FNDA:0,(anonymous_12)
FNDA:0,(anonymous_13)
FNDA:0,(anonymous_14)
FNDA:0,(anonymous_15)
FNDA:0,(anonymous_16)
FNDA:0,(anonymous_17)
FNDA:0,(anonymous_18)
FNDA:0,(anonymous_19)
FNDA:0,(anonymous_20)
FNDA:0,(anonymous_21)
FNDA:0,(anonymous_22)
FNDA:0,(anonymous_23)
FNDA:0,(anonymous_24)
FNDA:0,(anonymous_25)
FNDA:0,(anonymous_26)
FNDA:0,(anonymous_27)
FNDA:0,(anonymous_28)
FNDA:0,(anonymous_29)
FNDA:0,(anonymous_30)
FNDA:0,(anonymous_31)
FNDA:0,(anonymous_32)
FNDA:0,(anonymous_33)
FNDA:0,(anonymous_34)
FNDA:0,(anonymous_35)
FNDA:0,(anonymous_36)
FNDA:0,(anonymous_37)
FNDA:0,(anonymous_38)
FNDA:0,(anonymous_39)
FNDA:0,(anonymous_40)
FNDA:0,(anonymous_41)
FNDA:0,(anonymous_42)
FNDA:0,(anonymous_43)
FNDA:0,(anonymous_44)
FNDA:0,(anonymous_45)
FNDA:0,(anonymous_46)
DA:16,1
DA:27,1
DA:28,0
DA:58,1
DA:66,1
DA:73,1
DA:79,1
DA:84,0
DA:87,1
DA:89,0
DA:92,1
DA:95,0
DA:98,1
DA:104,1
DA:111,1
DA:120,1
DA:126,0
DA:131,1
DA:132,0
DA:133,0
DA:138,0
DA:141,1
DA:146,0
DA:149,1
DA:150,0
DA:151,0
DA:162,1
DA:167,0
DA:170,1
DA:172,0
DA:175,1
DA:176,0
DA:177,0
DA:178,0
DA:179,0
DA:181,0
DA:182,0
DA:184,0
DA:185,0
DA:186,0
DA:187,0
DA:188,0
DA:190,0
DA:192,0
DA:193,0
DA:194,0
DA:199,0
DA:201,0
DA:202,0
DA:204,0
DA:205,0
DA:206,0
DA:210,0
DA:215,0
DA:216,0
DA:217,0
DA:219,0
DA:220,0
DA:221,0
DA:226,0
DA:228,0
DA:232,0
DA:233,0
DA:235,0
DA:239,0
DA:241,0
DA:242,0
DA:243,0
DA:246,0
DA:247,0
DA:248,0
DA:251,0
DA:252,0
DA:255,0
DA:256,0
DA:260,0
DA:261,0
DA:262,0
DA:263,0
DA:265,0
DA:266,0
DA:267,0
DA:268,0
DA:269,0
DA:273,0
DA:275,0
DA:276,0
DA:280,0
DA:281,0
DA:282,0
DA:283,0
DA:287,0
DA:288,0
DA:291,0
DA:292,0
DA:295,0
DA:296,0
DA:298,0
DA:299,0
DA:300,0
DA:301,0
DA:304,0
DA:305,0
DA:314,0
DA:322,0
DA:379,0
DA:389,0
DA:410,0
DA:419,0
DA:428,0
DA:437,0
DA:446,0
DA:455,0
DA:464,0
DA:478,0
DA:484,0
DA:485,0
DA:491,0
LF:118
LH:18
BRDA:126,0,0,0
BRDA:126,0,1,0
BRDA:146,1,0,0
BRDA:146,1,1,0
BRDA:150,2,0,0
BRDA:150,2,1,0
BRDA:192,3,0,0
BRDA:192,3,1,0
BRDA:192,4,0,0
BRDA:192,4,1,0
BRDA:192,4,2,0
BRDA:201,5,0,0
BRDA:201,5,1,0
BRDA:201,6,0,0
BRDA:201,6,1,0
BRDA:201,6,2,0
BRDA:204,7,0,0
BRDA:204,7,1,0
BRDA:204,8,0,0
BRDA:204,8,1,0
BRDA:217,9,0,0
BRDA:217,9,1,0
BRDA:226,10,0,0
BRDA:226,10,1,0
BRDA:275,11,0,0
BRDA:275,11,1,0
BRDA:275,12,0,0
BRDA:275,12,1,0
BRDA:281,13,0,0
BRDA:281,13,1,0
BRDA:281,14,0,0
BRDA:281,14,1,0
BRDA:298,15,0,0
BRDA:298,15,1,0
BRDA:299,16,0,0
BRDA:299,16,1,0
BRDA:300,17,0,0
BRDA:300,17,1,0
BRDA:304,18,0,0
BRDA:304,18,1,0
BRDA:324,19,0,0
BRDA:324,19,1,0
BRDA:335,20,0,0
BRDA:335,20,1,0
BRDA:336,21,0,0
BRDA:336,21,1,0
BRDA:346,22,0,0
BRDA:346,22,1,0
BRF:48
BRH:0
end_of_record
TN:
SF:src/pages/Dashboard/index.ts
FNF:0
FNH:0
LF:0
LH:0
BRF:0
BRH:0
end_of_record
TN:
SF:src/pages/Deploy/Deploy.tsx
FN:21,(anonymous_0)
FN:22,(anonymous_1)
FN:24,(anonymous_2)
FN:29,(anonymous_3)
FN:34,(anonymous_4)
FN:40,(anonymous_5)
FN:43,(anonymous_6)
FN:72,(anonymous_7)
FN:74,(anonymous_8)
FN:79,(anonymous_9)
FN:86,(anonymous_10)
FN:92,(anonymous_11)
FN:100,(anonymous_12)
FN:101,(anonymous_13)
FN:109,(anonymous_14)
FN:117,(anonymous_15)
FN:118,(anonymous_16)
FN:129,(anonymous_17)
FN:131,(anonymous_18)
FN:132,(anonymous_19)
FN:145,(anonymous_20)
FN:146,(anonymous_21)
FN:155,(anonymous_22)
FN:160,(anonymous_23)
FN:172,(anonymous_24)
FN:241,(anonymous_25)
FN:246,(anonymous_26)
FN:263,(anonymous_27)
FN:267,(anonymous_28)
FN:277,(anonymous_29)
FN:305,(anonymous_30)
FN:323,(anonymous_31)
FN:330,(anonymous_32)
FN:338,(anonymous_33)
FN:374,(anonymous_34)
FN:387,(anonymous_35)
FNF:36
FNH:0
FNDA:0,(anonymous_0)
FNDA:0,(anonymous_1)
FNDA:0,(anonymous_2)
FNDA:0,(anonymous_3)
FNDA:0,(anonymous_4)
FNDA:0,(anonymous_5)
FNDA:0,(anonymous_6)
FNDA:0,(anonymous_7)
FNDA:0,(anonymous_8)
FNDA:0,(anonymous_9)
FNDA:0,(anonymous_10)
FNDA:0,(anonymous_11)
FNDA:0,(anonymous_12)
FNDA:0,(anonymous_13)
FNDA:0,(anonymous_14)
FNDA:0,(anonymous_15)
FNDA:0,(anonymous_16)
FNDA:0,(anonymous_17)
FNDA:0,(anonymous_18)
FNDA:0,(anonymous_19)
FNDA:0,(anonymous_20)
FNDA:0,(anonymous_21)
FNDA:0,(anonymous_22)
FNDA:0,(anonymous_23)
FNDA:0,(anonymous_24)
FNDA:0,(anonymous_25)
FNDA:0,(anonymous_26)
FNDA:0,(anonymous_27)
FNDA:0,(anonymous_28)
FNDA:0,(anonymous_29)
FNDA:0,(anonymous_30)
FNDA:0,(anonymous_31)
FNDA:0,(anonymous_32)
FNDA:0,(anonymous_33)
FNDA:0,(anonymous_34)
FNDA:0,(anonymous_35)
DA:10,1
DA:15,1
DA:21,0
DA:22,0
DA:24,0
DA:29,0
DA:34,0
DA:40,0
DA:43,0
DA:47,1
DA:51,1
DA:62,1
DA:69,1
DA:72,0
DA:74,0
DA:77,1
DA:79,0
DA:82,1
DA:86,0
DA:91,1
DA:92,0
DA:99,1
DA:100,0
DA:101,0
DA:109,0
DA:117,0
DA:118,0
DA:124,1
DA:129,1
DA:130,0
DA:131,0
DA:132,0
DA:134,0
DA:135,0
DA:136,0
DA:137,0
DA:138,0
DA:139,0
DA:140,0
DA:141,0
DA:142,0
DA:145,0
DA:146,0
DA:147,0
DA:152,0
DA:155,0
DA:156,0
DA:157,0
DA:160,0
DA:161,0
DA:163,0
DA:164,0
DA:165,0
DA:166,0
DA:168,0
DA:169,0
DA:172,0
DA:173,0
DA:175,0
DA:176,0
DA:179,0
DA:180,0
DA:183,0
DA:194,0
DA:195,0
DA:197,0
DA:198,0
DA:207,0
DA:212,0
DA:213,0
DA:214,0
DA:217,0
DA:218,0
DA:219,0
DA:223,0
DA:226,0
DA:228,0
DA:235,0
DA:237,0
DA:241,0
DA:242,0
DA:243,0
DA:246,0
DA:247,0
DA:248,0
DA:249,0
DA:250,0
DA:252,0
DA:253,0
DA:254,0
DA:255,0
DA:257,0
DA:259,0
DA:263,0
DA:264,0
DA:267,0
DA:268,0
DA:271,0
DA:272,0
DA:277,0
DA:284,0
DA:305,0
DA:323,0
DA:330,0
DA:338,0
DA:374,0
DA:387,0
LF:107
LH:12
BRDA:156,0,0,0
BRDA:156,0,1,0
BRDA:156,1,0,0
BRDA:156,1,1,0
BRDA:161,2,0,0
BRDA:161,2,1,0
BRDA:175,3,0,0
BRDA:175,3,1,0
BRDA:189,4,0,0
BRDA:189,4,1,0
BRDA:197,5,0,0
BRDA:197,5,1,0
BRDA:212,6,0,0
BRDA:212,6,1,0
BRDA:217,7,0,0
BRDA:217,7,1,0
BRDA:235,8,0,0
BRDA:235,8,1,0
BRDA:242,9,0,0
BRDA:242,9,1,0
BRDA:257,10,0,0
BRDA:257,10,1,0
BRDA:271,11,0,0
BRDA:271,11,1,0
BRDA:291,12,0,0
BRDA:291,12,1,0
BRDA:292,13,0,0
BRDA:292,13,1,0
BRDA:352,14,0,0
BRDA:352,14,1,0
BRDA:352,14,2,0
BRDA:358,15,0,0
BRDA:358,15,1,0
BRDA:361,16,0,0
BRDA:361,16,1,0
BRDA:364,17,0,0
BRDA:364,17,1,0
BRDA:379,18,0,0
BRDA:379,18,1,0
BRDA:380,19,0,0
BRDA:380,19,1,0
BRDA:392,20,0,0
BRDA:392,20,1,0
BRDA:393,21,0,0
BRDA:393,21,1,0
BRF:45
BRH:0
end_of_record
TN:
SF:src/pages/Deploy/index.ts
FNF:0
FNH:0
LF:0
LH:0
BRF:0
BRH:0
end_of_record
TN:
SF:src/pages/History/History.tsx
FN:30,(anonymous_0)
FN:35,(anonymous_1)
FN:37,(anonymous_2)
FN:38,(anonymous_3)
FN:57,(anonymous_4)
FN:63,(anonymous_5)
FN:76,(anonymous_6)
FN:77,(anonymous_7)
FN:83,(anonymous_8)
FN:86,(anonymous_9)
FN:92,(anonymous_10)
FN:98,(anonymous_11)
FN:101,(anonymous_12)
FN:109,(anonymous_13)
FN:114,(anonymous_14)
FN:126,(anonymous_15)
FN:131,(anonymous_16)
FN:139,(anonymous_17)
FN:152,(anonymous_18)
FN:165,(anonymous_19)
FN:171,(anonymous_20)
FN:176,(anonymous_21)
FN:189,(anonymous_22)
FN:193,(anonymous_23)
FN:194,(anonymous_24)
FN:200,(anonymous_25)
FN:209,(anonymous_26)
FN:212,(anonymous_27)
FN:221,(anonymous_28)
FN:233,(anonymous_29)
FN:238,(anonymous_30)
FN:239,(anonymous_31)
FN:245,(anonymous_32)
FN:248,(anonymous_33)
FN:252,(anonymous_34)
FN:256,(anonymous_35)
FN:263,(anonymous_36)
FN:264,(anonymous_37)
FN:292,(anonymous_38)
FN:318,(anonymous_39)
FN:330,(anonymous_40)
FN:377,(anonymous_41)
FN:390,(anonymous_42)
FN:397,(anonymous_43)
FNF:44
FNH:0
FNDA:0,(anonymous_0)
FNDA:0,(anonymous_1)
FNDA:0,(anonymous_2)
FNDA:0,(anonymous_3)
FNDA:0,(anonymous_4)
FNDA:0,(anonymous_5)
FNDA:0,(anonymous_6)
FNDA:0,(anonymous_7)
FNDA:0,(anonymous_8)
FNDA:0,(anonymous_9)
FNDA:0,(anonymous_10)
FNDA:0,(anonymous_11)
FNDA:0,(anonymous_12)
FNDA:0,(anonymous_13)
FNDA:0,(anonymous_14)
FNDA:0,(anonymous_15)
FNDA:0,(anonymous_16)
FNDA:0,(anonymous_17)
FNDA:0,(anonymous_18)
FNDA:0,(anonymous_19)
FNDA:0,(anonymous_20)
FNDA:0,(anonymous_21)
FNDA:0,(anonymous_22)
FNDA:0,(anonymous_23)
FNDA:0,(anonymous_24)
FNDA:0,(anonymous_25)
FNDA:0,(anonymous_26)
FNDA:0,(anonymous_27)
FNDA:0,(anonymous_28)
FNDA:0,(anonymous_29)
FNDA:0,(anonymous_30)
FNDA:0,(anonymous_31)
FNDA:0,(anonymous_32)
FNDA:0,(anonymous_33)
FNDA:0,(anonymous_34)
FNDA:0,(anonymous_35)
FNDA:0,(anonymous_36)
FNDA:0,(anonymous_37)
FNDA:0,(anonymous_38)
FNDA:0,(anonymous_39)
FNDA:0,(anonymous_40)
FNDA:0,(anonymous_41)
FNDA:0,(anonymous_42)
FNDA:0,(anonymous_43)
DA:8,1
DA:13,1
DA:21,1
DA:27,1
DA:30,0
DA:33,1
DA:35,0
DA:37,0
DA:38,0
DA:43,1
DA:50,1
DA:54,1
DA:57,0
DA:61,1
DA:63,0
DA:66,1
DA:70,1
DA:75,1
DA:76,0
DA:77,0
DA:80,1
DA:82,1
DA:83,0
DA:86,0
DA:90,1
DA:92,0
DA:96,1
DA:98,0
DA:101,0
DA:104,1
DA:110,0
DA:115,0
DA:121,1
DA:127,0
DA:132,0
DA:138,1
DA:139,0
DA:149,1
DA:152,0
DA:155,1
DA:163,1
DA:165,0
DA:171,1
DA:172,0
DA:173,0
DA:176,1
DA:177,0
DA:178,0
DA:180,0
DA:181,0
DA:182,0
DA:184,0
DA:185,0
DA:189,1
DA:190,0
DA:193,1
DA:194,0
DA:195,0
DA:196,0
DA:197,0
DA:198,0
DA:200,0
DA:204,0
DA:205,0
DA:208,0
DA:209,0
DA:211,0
DA:212,0
DA:216,0
DA:220,0
DA:221,0
DA:224,0
DA:227,0
DA:230,0
DA:233,0
DA:234,0
DA:238,0
DA:239,0
DA:240,0
DA:241,0
DA:242,0
DA:245,0
DA:248,0
DA:249,0
DA:252,0
DA:253,0
DA:256,0
DA:257,0
DA:258,0
DA:259,0
DA:263,0
DA:264,0
DA:270,0
DA:293,0
DA:294,0
DA:318,0
DA:330,0
DA:378,0
DA:390,0
DA:397,0
LF:100
LH:26
BRDA:92,0,0,0
BRDA:92,0,1,0
BRDA:98,1,0,0
BRDA:98,1,1,0
BRDA:110,2,0,0
BRDA:110,2,1,0
BRDA:111,3,0,0
BRDA:111,3,1,0
BRDA:115,4,0,0
BRDA:115,4,1,0
BRDA:116,5,0,0
BRDA:116,5,1,0
BRDA:127,6,0,0
BRDA:127,6,1,0
BRDA:128,7,0,0
BRDA:128,7,1,0
BRDA:132,8,0,0
BRDA:132,8,1,0
BRDA:133,9,0,0
BRDA:133,9,1,0
BRDA:172,10,0,0
BRDA:172,10,1,0
BRDA:177,11,0,0
BRDA:177,11,1,0
BRDA:204,12,0,0
BRDA:204,12,1,0
BRDA:208,13,0,0
BRDA:208,13,1,0
BRDA:211,14,0,0
BRDA:211,14,1,0
BRDA:220,15,0,0
BRDA:220,15,1,0
BRDA:257,16,0,0
BRDA:257,16,1,0
BRDA:266,17,0,0
BRDA:266,17,1,0
BRDA:276,18,0,0
BRDA:276,18,1,0
BRDA:317,19,0,0
BRDA:317,19,1,0
BRDA:329,20,0,0
BRDA:329,20,1,0
BRDA:343,21,0,0
BRDA:343,21,1,0
BRDA:349,22,0,0
BRDA:349,22,1,0
BRDA:355,23,0,0
BRDA:355,23,1,0
BRDA:361,24,0,0
BRDA:361,24,1,0
BRDA:387,25,0,0
BRDA:387,25,1,0
BRDA:396,26,0,0
BRDA:396,26,1,0
BRDA:404,27,0,0
BRDA:404,27,1,0
BRDA:407,28,0,0
BRDA:407,28,1,0
BRDA:408,29,0,0
BRDA:408,29,1,0
BRDA:413,30,0,0
BRDA:413,30,1,0
BRDA:426,31,0,0
BRDA:426,31,1,0
BRF:64
BRH:0
end_of_record
TN:
SF:src/pages/History/index.ts
FNF:0
FNH:0
LF:0
LH:0
BRF:0
BRH:0
end_of_record
TN:
SF:src/pages/IDE/IDE.tsx
FN:21,(anonymous_0)
FN:22,(anonymous_1)
FN:23,(anonymous_2)
FN:31,(anonymous_3)
FN:32,(anonymous_4)
FN:51,(anonymous_5)
FN:52,(anonymous_6)
FN:62,(anonymous_7)
FN:79,(anonymous_8)
FN:85,(anonymous_9)
FN:86,(anonymous_10)
FN:87,(anonymous_11)
FN:91,(anonymous_12)
FN:95,(anonymous_13)
FN:96,(anonymous_14)
FN:99,(anonymous_15)
FN:120,(anonymous_16)
FN:121,(anonymous_17)
FN:135,(anonymous_18)
FN:145,(anonymous_19)
FN:156,(anonymous_20)
FN:163,(anonymous_21)
FN:171,(anonymous_22)
FN:176,(anonymous_23)
FN:177,(anonymous_24)
FN:184,(anonymous_25)
FN:189,(anonymous_26)
FN:190,(anonymous_27)
FN:208,(anonymous_28)
FN:225,(anonymous_29)
FN:231,(anonymous_30)
FN:232,(anonymous_31)
FN:234,(anonymous_32)
FN:240,(anonymous_33)
FN:241,(anonymous_34)
FN:242,(anonymous_35)
FN:243,(anonymous_36)
FN:246,(anonymous_37)
FN:259,(anonymous_38)
FN:274,(anonymous_39)
FN:276,(anonymous_40)
FN:277,(anonymous_41)
FN:278,(anonymous_42)
FN:285,(anonymous_43)
FN:320,(anonymous_44)
FN:321,(anonymous_45)
FN:331,(anonymous_46)
FN:343,(anonymous_47)
FN:352,(anonymous_48)
FN:359,(anonymous_49)
FN:367,(anonymous_50)
FN:370,(anonymous_51)
FN:371,(anonymous_52)
FN:373,(anonymous_53)
FN:376,(anonymous_54)
FN:377,(anonymous_55)
FN:385,(anonymous_56)
FN:388,(anonymous_57)
FN:388,(anonymous_58)
FN:395,(anonymous_59)
FN:397,(anonymous_60)
FN:408,(anonymous_61)
FN:409,(anonymous_62)
FN:413,(anonymous_63)
FN:415,(anonymous_64)
FN:424,(anonymous_65)
FN:425,(anonymous_66)
FN:428,(anonymous_67)
FN:429,(anonymous_68)
FN:437,(anonymous_69)
FN:440,(anonymous_70)
FN:451,(anonymous_71)
FN:451,(anonymous_72)
FN:454,(anonymous_73)
FN:454,(anonymous_74)
FN:456,(anonymous_75)
FN:462,(anonymous_76)
FN:463,(anonymous_77)
FN:463,(anonymous_78)
FN:472,(anonymous_79)
FN:478,(anonymous_80)
FN:479,(anonymous_81)
FN:492,(anonymous_82)
FN:510,(anonymous_83)
FN:527,(anonymous_84)
FN:541,(anonymous_85)
FN:614,(anonymous_86)
FN:625,(anonymous_87)
FN:694,(anonymous_88)
FN:699,(anonymous_89)
FN:718,(anonymous_90)
FN:722,(anonymous_91)
FN:726,(anonymous_92)
FN:727,(anonymous_93)
FN:738,(anonymous_94)
FN:739,(anonymous_95)
FN:744,(anonymous_96)
FN:750,(anonymous_97)
FN:754,(anonymous_98)
FN:755,(anonymous_99)
FN:764,(anonymous_100)
FN:765,(anonymous_101)
FN:772,(anonymous_102)
FN:773,(anonymous_103)
FN:783,(anonymous_104)
FN:788,(anonymous_105)
FN:791,(anonymous_106)
FN:794,(anonymous_107)
FN:803,(anonymous_108)
FN:804,(anonymous_109)
FN:811,(anonymous_110)
FN:812,(anonymous_111)
FN:828,(anonymous_112)
FN:838,(anonymous_113)
FN:841,(anonymous_114)
FN:851,(anonymous_115)
FN:859,(anonymous_116)
FN:898,(anonymous_117)
FN:901,(anonymous_118)
FN:904,(anonymous_119)
FN:918,(anonymous_120)
FN:919,(anonymous_121)
FN:923,(anonymous_122)
FN:926,(anonymous_123)
FN:939,(anonymous_124)
FN:964,(anonymous_125)
FN:976,(anonymous_126)
FN:979,(anonymous_127)
FN:985,(anonymous_128)
FN:994,(anonymous_129)
FN:1001,(anonymous_130)
FN:1008,(anonymous_131)
FN:1020,(anonymous_132)
FN:1034,(anonymous_133)
FN:1048,(anonymous_134)
FNF:135
FNH:0
FNDA:0,(anonymous_0)
FNDA:0,(anonymous_1)
FNDA:0,(anonymous_2)
FNDA:0,(anonymous_3)
FNDA:0,(anonymous_4)
FNDA:0,(anonymous_5)
FNDA:0,(anonymous_6)
FNDA:0,(anonymous_7)
FNDA:0,(anonymous_8)
FNDA:0,(anonymous_9)
FNDA:0,(anonymous_10)
FNDA:0,(anonymous_11)
FNDA:0,(anonymous_12)
FNDA:0,(anonymous_13)
FNDA:0,(anonymous_14)
FNDA:0,(anonymous_15)
FNDA:0,(anonymous_16)
FNDA:0,(anonymous_17)
FNDA:0,(anonymous_18)
FNDA:0,(anonymous_19)
FNDA:0,(anonymous_20)
FNDA:0,(anonymous_21)
FNDA:0,(anonymous_22)
FNDA:0,(anonymous_23)
FNDA:0,(anonymous_24)
FNDA:0,(anonymous_25)
FNDA:0,(anonymous_26)
FNDA:0,(anonymous_27)
FNDA:0,(anonymous_28)
FNDA:0,(anonymous_29)
FNDA:0,(anonymous_30)
FNDA:0,(anonymous_31)
FNDA:0,(anonymous_32)
FNDA:0,(anonymous_33)
FNDA:0,(anonymous_34)
FNDA:0,(anonymous_35)
FNDA:0,(anonymous_36)
FNDA:0,(anonymous_37)
FNDA:0,(anonymous_38)
FNDA:0,(anonymous_39)
FNDA:0,(anonymous_40)
FNDA:0,(anonymous_41)
FNDA:0,(anonymous_42)
FNDA:0,(anonymous_43)
FNDA:0,(anonymous_44)
FNDA:0,(anonymous_45)
FNDA:0,(anonymous_46)
FNDA:0,(anonymous_47)
FNDA:0,(anonymous_48)
FNDA:0,(anonymous_49)
FNDA:0,(anonymous_50)
FNDA:0,(anonymous_51)
FNDA:0,(anonymous_52)
FNDA:0,(anonymous_53)
FNDA:0,(anonymous_54)
FNDA:0,(anonymous_55)
FNDA:0,(anonymous_56)
FNDA:0,(anonymous_57)
FNDA:0,(anonymous_58)
FNDA:0,(anonymous_59)
FNDA:0,(anonymous_60)
FNDA:0,(anonymous_61)
FNDA:0,(anonymous_62)
FNDA:0,(anonymous_63)
FNDA:0,(anonymous_64)
FNDA:0,(anonymous_65)
FNDA:0,(anonymous_66)
FNDA:0,(anonymous_67)
FNDA:0,(anonymous_68)
FNDA:0,(anonymous_69)
FNDA:0,(anonymous_70)
FNDA:0,(anonymous_71)
FNDA:0,(anonymous_72)
FNDA:0,(anonymous_73)
FNDA:0,(anonymous_74)
FNDA:0,(anonymous_75)
FNDA:0,(anonymous_76)
FNDA:0,(anonymous_77)
FNDA:0,(anonymous_78)
FNDA:0,(anonymous_79)
FNDA:0,(anonymous_80)
FNDA:0,(anonymous_81)
FNDA:0,(anonymous_82)
FNDA:0,(anonymous_83)
FNDA:0,(anonymous_84)
FNDA:0,(anonymous_85)
FNDA:0,(anonymous_86)
FNDA:0,(anonymous_87)
FNDA:0,(anonymous_88)
FNDA:0,(anonymous_89)
FNDA:0,(anonymous_90)
FNDA:0,(anonymous_91)
FNDA:0,(anonymous_92)
FNDA:0,(anonymous_93)
FNDA:0,(anonymous_94)
FNDA:0,(anonymous_95)
FNDA:0,(anonymous_96)
FNDA:0,(anonymous_97)
FNDA:0,(anonymous_98)
FNDA:0,(anonymous_99)
FNDA:0,(anonymous_100)
FNDA:0,(anonymous_101)
FNDA:0,(anonymous_102)
FNDA:0,(anonymous_103)
FNDA:0,(anonymous_104)
FNDA:0,(anonymous_105)
FNDA:0,(anonymous_106)
FNDA:0,(anonymous_107)
FNDA:0,(anonymous_108)
FNDA:0,(anonymous_109)
FNDA:0,(anonymous_110)
FNDA:0,(anonymous_111)
FNDA:0,(anonymous_112)
FNDA:0,(anonymous_113)
FNDA:0,(anonymous_114)
FNDA:0,(anonymous_115)
FNDA:0,(anonymous_116)
FNDA:0,(anonymous_117)
FNDA:0,(anonymous_118)
FNDA:0,(anonymous_119)
FNDA:0,(anonymous_120)
FNDA:0,(anonymous_121)
FNDA:0,(anonymous_122)
FNDA:0,(anonymous_123)
FNDA:0,(anonymous_124)
FNDA:0,(anonymous_125)
FNDA:0,(anonymous_126)
FNDA:0,(anonymous_127)
FNDA:0,(anonymous_128)
FNDA:0,(anonymous_129)
FNDA:0,(anonymous_130)
FNDA:0,(anonymous_131)
FNDA:0,(anonymous_132)
FNDA:0,(anonymous_133)
FNDA:0,(anonymous_134)
DA:16,0
DA:21,0
DA:22,0
DA:23,0
DA:26,0
DA:31,0
DA:32,0
DA:35,0
DA:41,0
DA:48,0
DA:51,0
DA:52,0
DA:58,0
DA:62,0
DA:68,0
DA:73,0
DA:77,0
DA:79,0
DA:85,0
DA:86,0
DA:87,0
DA:91,0
DA:95,0
DA:96,0
DA:99,0
DA:105,0
DA:110,0
DA:118,0
DA:120,0
DA:121,0
DA:133,0
DA:135,0
DA:145,0
DA:153,0
DA:156,0
DA:163,0
DA:167,0
DA:171,0
DA:174,0
DA:176,0
DA:177,0
DA:183,0
DA:184,0
DA:187,0
DA:189,0
DA:190,0
DA:198,0
DA:206,0
DA:209,0
DA:214,0
DA:220,0
DA:225,0
DA:228,0
DA:231,0
DA:232,0
DA:234,0
DA:238,0
DA:240,0
DA:241,0
DA:242,0
DA:243,0
DA:246,0
DA:251,0
DA:259,0
DA:263,0
DA:274,0
DA:275,0
DA:276,0
DA:277,0
DA:278,0
DA:279,0
DA:282,0
DA:285,0
DA:287,0
DA:288,0
DA:292,0
DA:293,0
DA:294,0
DA:295,0
DA:296,0
DA:297,0
DA:300,0
DA:301,0
DA:302,0
DA:305,0
DA:308,0
DA:309,0
DA:312,0
DA:313,0
DA:314,0
DA:317,0
DA:320,0
DA:321,0
DA:322,0
DA:327,0
DA:331,0
DA:332,0
DA:333,0
DA:336,0
DA:337,0
DA:338,0
DA:339,0
DA:340,0
DA:343,0
DA:344,0
DA:345,0
DA:346,0
DA:352,0
DA:353,0
DA:354,0
DA:359,0
DA:360,0
DA:367,0
DA:370,0
DA:371,0
DA:372,0
DA:373,0
DA:376,0
DA:377,0
DA:385,0
DA:386,0
DA:388,0
DA:389,0
DA:395,0
DA:396,0
DA:397,0
DA:398,0
DA:408,0
DA:409,0
DA:410,0
DA:413,0
DA:414,0
DA:415,0
DA:416,0
DA:424,0
DA:425,0
DA:428,0
DA:429,0
DA:430,0
DA:432,0
DA:433,0
DA:437,0
DA:438,0
DA:440,0
DA:441,0
DA:445,0
DA:446,0
DA:447,0
DA:451,0
DA:453,0
DA:454,0
DA:455,0
DA:456,0
DA:457,0
DA:462,0
DA:463,0
DA:464,0
DA:468,0
DA:469,0
DA:472,0
DA:473,0
DA:474,0
DA:476,0
DA:477,0
DA:478,0
DA:479,0
DA:480,0
DA:481,0
DA:483,0
DA:487,0
DA:488,0
DA:492,0
DA:493,0
DA:494,0
DA:496,0
DA:497,0
DA:498,0
DA:499,0
DA:501,0
DA:505,0
DA:506,0
DA:510,0
DA:511,0
DA:512,0
DA:513,0
DA:517,0
DA:519,0
DA:520,0
DA:524,0
DA:527,0
DA:528,0
DA:530,0
DA:531,0
DA:532,0
DA:534,0
DA:535,0
DA:536,0
DA:539,0
DA:540,0
DA:541,0
DA:542,0
DA:543,0
DA:544,0
DA:548,0
DA:549,0
DA:552,0
DA:558,0
DA:561,0
DA:573,0
DA:574,0
DA:575,0
DA:577,0
DA:578,0
DA:579,0
DA:580,0
DA:582,0
DA:583,0
DA:587,0
DA:592,0
DA:593,0
DA:594,0
DA:597,0
DA:598,0
DA:599,0
DA:604,0
DA:605,0
DA:608,0
DA:610,0
DA:614,0
DA:615,0
DA:617,0
DA:618,0
DA:619,0
DA:621,0
DA:622,0
DA:625,0
DA:626,0
DA:628,0
DA:629,0
DA:632,0
DA:638,0
DA:641,0
DA:653,0
DA:654,0
DA:655,0
DA:657,0
DA:658,0
DA:659,0
DA:660,0
DA:662,0
DA:663,0
DA:667,0
DA:672,0
DA:673,0
DA:674,0
DA:677,0
DA:678,0
DA:679,0
DA:684,0
DA:685,0
DA:688,0
DA:690,0
DA:694,0
DA:695,0
DA:696,0
DA:699,0
DA:700,0
DA:702,0
DA:703,0
DA:704,0
DA:706,0
DA:707,0
DA:708,0
DA:710,0
DA:712,0
DA:714,0
DA:718,0
DA:719,0
DA:722,0
DA:723,0
DA:726,0
DA:727,0
DA:728,0
DA:729,0
DA:730,0
DA:732,0
DA:734,0
DA:738,0
DA:739,0
DA:740,0
DA:744,0
DA:745,0
DA:749,0
DA:751,0
DA:754,0
DA:756,0
DA:757,0
DA:764,0
DA:766,0
DA:767,0
DA:768,0
DA:769,0
DA:772,0
DA:773,0
DA:784,0
DA:789,0
DA:790,0
DA:791,0
DA:795,0
DA:796,0
DA:803,0
DA:805,0
DA:806,0
DA:807,0
DA:808,0
DA:811,0
DA:812,0
DA:823,0
DA:824,0
DA:828,0
DA:834,0
DA:838,0
DA:841,0
DA:851,0
DA:859,0
DA:898,0
DA:901,0
DA:904,0
DA:919,0
DA:920,0
DA:921,0
DA:923,0
DA:926,0
DA:940,0
DA:965,0
DA:976,0
DA:980,0
DA:981,0
DA:986,0
DA:987,0
DA:995,0
DA:996,0
DA:1002,0
DA:1003,0
DA:1004,0
DA:1009,0
DA:1010,0
DA:1020,0
DA:1034,0
DA:1048,0
LF:350
LH:0
BRDA:85,0,0,0
BRDA:85,0,1,0
BRDA:86,1,0,0
BRDA:86,1,1,0
BRDA:87,2,0,0
BRDA:87,2,1,0
BRDA:135,3,0,0
BRDA:135,3,1,0
BRDA:171,4,0,0
BRDA:171,4,1,0
BRDA:209,5,0,0
BRDA:209,5,1,0
BRDA:210,6,0,0
BRDA:210,6,1,0
BRDA:337,7,0,0
BRDA:337,7,1,0
BRDA:338,8,0,0
BRDA:338,8,1,0
BRDA:339,9,0,0
BRDA:339,9,1,0
BRDA:340,10,0,0
BRDA:340,10,1,0
BRDA:344,11,0,0
BRDA:344,11,1,0
BRDA:353,12,0,0
BRDA:353,12,1,0
BRDA:367,13,0,0
BRDA:367,13,1,0
BRDA:386,14,0,0
BRDA:386,14,1,0
BRDA:386,15,0,0
BRDA:386,15,1,0
BRDA:389,16,0,0
BRDA:389,16,1,0
BRDA:389,17,0,0
BRDA:389,17,1,0
BRDA:432,18,0,0
BRDA:432,18,1,0
BRDA:432,19,0,0
BRDA:432,19,1,0
BRDA:438,20,0,0
BRDA:438,20,1,0
BRDA:441,21,0,0
BRDA:441,21,1,0
BRDA:441,21,2,0
BRDA:441,21,3,0
BRDA:445,22,0,0
BRDA:445,22,1,0
BRDA:453,23,0,0
BRDA:453,23,1,0
BRDA:455,24,0,0
BRDA:455,24,1,0
BRDA:456,25,0,0
BRDA:456,25,1,0
BRDA:464,26,0,0
BRDA:464,26,1,0
BRDA:474,27,0,0
BRDA:474,27,1,0
BRDA:487,28,0,0
BRDA:487,28,1,0
BRDA:494,29,0,0
BRDA:494,29,1,0
BRDA:505,30,0,0
BRDA:505,30,1,0
BRDA:511,31,0,0
BRDA:511,31,1,0
BRDA:511,32,0,0
BRDA:511,32,1,0
BRDA:517,33,0,0
BRDA:517,33,1,0
BRDA:528,34,0,0
BRDA:528,34,1,0
BRDA:528,35,0,0
BRDA:528,35,1,0
BRDA:539,36,0,0
BRDA:539,36,1,0
BRDA:539,37,0,0
BRDA:539,37,1,0
BRDA:542,38,0,0
BRDA:542,38,1,0
BRDA:544,39,0,0
BRDA:544,39,1,0
BRDA:548,40,0,0
BRDA:548,40,1,0
BRDA:567,41,0,0
BRDA:567,41,1,0
BRDA:577,42,0,0
BRDA:577,42,1,0
BRDA:579,43,0,0
BRDA:579,43,1,0
BRDA:582,44,0,0
BRDA:582,44,1,0
BRDA:592,45,0,0
BRDA:592,45,1,0
BRDA:597,46,0,0
BRDA:597,46,1,0
BRDA:615,47,0,0
BRDA:615,47,1,0
BRDA:615,48,0,0
BRDA:615,48,1,0
BRDA:628,49,0,0
BRDA:628,49,1,0
BRDA:647,50,0,0
BRDA:647,50,1,0
BRDA:657,51,0,0
BRDA:657,51,1,0
BRDA:659,52,0,0
BRDA:659,52,1,0
BRDA:662,53,0,0
BRDA:662,53,1,0
BRDA:672,54,0,0
BRDA:672,54,1,0
BRDA:677,55,0,0
BRDA:677,55,1,0
BRDA:695,56,0,0
BRDA:695,56,1,0
BRDA:700,57,0,0
BRDA:700,57,1,0
BRDA:729,58,0,0
BRDA:729,58,1,0
BRDA:738,59,0,0
BRDA:740,60,0,0
BRDA:740,60,1,0
BRDA:741,61,0,0
BRDA:741,61,1,0
BRDA:745,62,0,0
BRDA:745,62,1,0
BRDA:746,63,0,0
BRDA:746,63,1,0
BRDA:760,64,0,0
BRDA:760,64,1,0
BRDA:761,65,0,0
BRDA:761,65,1,0
BRDA:766,66,0,0
BRDA:766,66,1,0
BRDA:767,67,0,0
BRDA:767,67,1,0
BRDA:780,68,0,0
BRDA:780,68,1,0
BRDA:790,69,0,0
BRDA:790,69,1,0
BRDA:800,70,0,0
BRDA:800,70,1,0
BRDA:805,71,0,0
BRDA:805,71,1,0
BRDA:806,72,0,0
BRDA:806,72,1,0
BRDA:823,73,0,0
BRDA:823,73,1,0
BRDA:919,74,0,0
BRDA:919,74,1,0
BRDA:920,75,0,0
BRDA:920,75,1,0
BRDA:924,76,0,0
BRDA:924,76,1,0
BRDA:932,77,0,0
BRDA:932,77,1,0
BRDA:932,77,2,0
BRDA:938,78,0,0
BRDA:938,78,1,0
BRDA:969,79,0,0
BRDA:969,79,1,0
BRDA:975,80,0,0
BRDA:975,80,1,0
BRDA:977,81,0,0
BRDA:977,81,1,0
BRDA:993,82,0,0
BRDA:993,82,1,0
BRDA:1022,83,0,0
BRDA:1022,83,1,0
BRDA:1025,84,0,0
BRDA:1025,84,1,0
BRDA:1026,85,0,0
BRDA:1026,85,1,0
BRDA:1036,86,0,0
BRDA:1036,86,1,0
BRDA:1039,87,0,0
BRDA:1039,87,1,0
BRDA:1040,88,0,0
BRDA:1040,88,1,0
BRF:180
BRH:0
end_of_record
TN:
SF:src/pages/IDE/index.ts
FNF:0
FNH:0
LF:0
LH:0
BRF:0
BRH:0
end_of_record
TN:
SF:src/pages/IDE/rholangLanguage.ts
FN:134,registerRholangLanguage
FN:152,(anonymous_1)
FNF:2
FNH:0
FNDA:0,registerRholangLanguage
FNDA:0,(anonymous_1)
DA:3,0
DA:5,0
DA:76,0
DA:105,0
DA:136,0
DA:139,0
DA:142,0
DA:143,0
DA:144,0
DA:147,0
DA:151,0
DA:153,0
DA:154,0
DA:161,0
DA:204,0
LF:15
LH:0
BRF:0
BRH:0
end_of_record
TN:
SF:src/pages/KeyGenerator/KeyGenerator.tsx
FN:18,(anonymous_0)
FN:20,(anonymous_1)
FN:34,(anonymous_2)
FN:49,(anonymous_3)
FN:50,(anonymous_4)
FN:52,(anonymous_5)
FN:58,(anonymous_6)
FN:64,(anonymous_7)
FN:89,(anonymous_8)
FN:97,(anonymous_9)
FN:98,(anonymous_10)
FN:105,(anonymous_11)
FN:111,(anonymous_12)
FN:122,(anonymous_13)
FN:129,(anonymous_14)
FN:141,(anonymous_15)
FN:166,(anonymous_16)
FN:170,(anonymous_17)
FN:176,(anonymous_18)
FN:186,(anonymous_19)
FN:188,(anonymous_20)
FN:200,(anonymous_21)
FN:202,(anonymous_22)
FN:214,(anonymous_23)
FN:216,(anonymous_24)
FN:228,(anonymous_25)
FN:230,(anonymous_26)
FN:287,(anonymous_27)
FNF:28
FNH:0
FNDA:0,(anonymous_0)
FNDA:0,(anonymous_1)
FNDA:0,(anonymous_2)
FNDA:0,(anonymous_3)
FNDA:0,(anonymous_4)
FNDA:0,(anonymous_5)
FNDA:0,(anonymous_6)
FNDA:0,(anonymous_7)
FNDA:0,(anonymous_8)
FNDA:0,(anonymous_9)
FNDA:0,(anonymous_10)
FNDA:0,(anonymous_11)
FNDA:0,(anonymous_12)
FNDA:0,(anonymous_13)
FNDA:0,(anonymous_14)
FNDA:0,(anonymous_15)
FNDA:0,(anonymous_16)
FNDA:0,(anonymous_17)
FNDA:0,(anonymous_18)
FNDA:0,(anonymous_19)
FNDA:0,(anonymous_20)
FNDA:0,(anonymous_21)
FNDA:0,(anonymous_22)
FNDA:0,(anonymous_23)
FNDA:0,(anonymous_24)
FNDA:0,(anonymous_25)
FNDA:0,(anonymous_26)
FNDA:0,(anonymous_27)
DA:6,1
DA:11,1
DA:15,1
DA:18,0
DA:20,0
DA:23,1
DA:30,1
DA:34,0
DA:38,1
DA:44,1
DA:49,0
DA:50,0
DA:52,0
DA:58,0
DA:62,1
DA:64,0
DA:82,1
DA:88,1
DA:89,0
DA:96,1
DA:97,0
DA:98,0
DA:105,0
DA:111,0
DA:122,1
DA:123,0
DA:124,0
DA:125,0
DA:126,0
DA:127,0
DA:129,0
DA:130,0
DA:131,0
DA:132,0
DA:133,0
DA:134,0
DA:136,0
DA:137,0
DA:141,0
DA:142,0
DA:143,0
DA:145,0
DA:146,0
DA:147,0
DA:151,0
DA:154,0
DA:155,0
DA:158,0
DA:159,0
DA:160,0
DA:162,0
DA:166,0
DA:167,0
DA:168,0
DA:169,0
DA:170,0
DA:172,0
DA:176,0
DA:177,0
DA:186,0
DA:188,0
DA:200,0
DA:202,0
DA:214,0
DA:216,0
DA:228,0
DA:230,0
DA:238,0
DA:287,0
LF:69
LH:12
BRDA:136,0,0,0
BRDA:136,0,1,0
BRDA:146,1,0,0
BRDA:146,1,1,0
BRDA:154,2,0,0
BRDA:154,2,1,0
BRDA:162,3,0,0
BRDA:162,3,1,0
BRDA:189,4,0,0
BRDA:189,4,1,0
BRDA:203,5,0,0
BRDA:203,5,1,0
BRDA:217,6,0,0
BRDA:217,6,1,0
BRDA:231,7,0,0
BRDA:231,7,1,0
BRDA:261,8,0,0
BRDA:261,8,1,0
BRDA:261,8,2,0
BRDA:267,9,0,0
BRDA:267,9,1,0
BRDA:282,10,0,0
BRDA:282,10,1,0
BRDA:296,11,0,0
BRDA:296,11,1,0
BRF:25
BRH:0
end_of_record
TN:
SF:src/pages/KeyGenerator/index.ts
FNF:0
FNH:0
LF:0
LH:0
BRF:0
BRH:0
end_of_record
TN:
SF:src/pages/Login/Login.tsx
FN:19,(anonymous_0)
FN:28,(anonymous_1)
FN:45,(anonymous_2)
FN:49,(anonymous_3)
FN:55,(anonymous_4)
FN:62,(anonymous_5)
FN:67,(anonymous_6)
FN:68,(anonymous_7)
FN:72,(anonymous_8)
FN:88,(anonymous_9)
FN:94,(anonymous_10)
FN:136,(anonymous_11)
FNF:12
FNH:0
FNDA:0,(anonymous_0)
FNDA:0,(anonymous_1)
FNDA:0,(anonymous_2)
FNDA:0,(anonymous_3)
FNDA:0,(anonymous_4)
FNDA:0,(anonymous_5)
FNDA:0,(anonymous_6)
FNDA:0,(anonymous_7)
FNDA:0,(anonymous_8)
FNDA:0,(anonymous_9)
FNDA:0,(anonymous_10)
FNDA:0,(anonymous_11)
DA:10,1
DA:15,1
DA:19,0
DA:23,1
DA:27,1
DA:28,0
DA:36,1
DA:40,1
DA:45,1
DA:46,0
DA:47,0
DA:48,0
DA:49,0
DA:52,0
DA:53,0
DA:55,0
DA:57,0
DA:58,0
DA:62,0
DA:64,0
DA:65,0
DA:67,0
DA:68,0
DA:72,0
DA:73,0
DA:75,0
DA:76,0
DA:78,0
DA:80,0
DA:81,0
DA:84,0
DA:88,0
DA:89,0
DA:90,0
DA:94,0
DA:95,0
DA:98,0
DA:99,0
DA:119,0
DA:136,0
LF:40
LH:7
BRDA:57,0,0,0
BRDA:57,0,1,0
BRDA:64,1,0,0
BRDA:64,1,1,0
BRDA:73,2,0,0
BRDA:73,2,1,0
BRDA:78,3,0,0
BRDA:78,3,1,0
BRDA:89,4,0,0
BRDA:89,4,1,0
BRDA:89,5,0,0
BRDA:89,5,1,0
BRDA:98,6,0,0
BRDA:98,6,1,0
BRDA:127,7,0,0
BRDA:127,7,1,0
BRDA:127,7,2,0
BRF:17
BRH:0
end_of_record
TN:
SF:src/pages/Login/index.ts
FNF:0
FNH:0
LF:0
LH:0
BRF:0
BRH:0
end_of_record
TN:
SF:src/pages/Receive/Receive.tsx
FN:15,(anonymous_0)
FN:25,(anonymous_1)
FN:33,(anonymous_2)
FN:36,(anonymous_3)
FN:37,(anonymous_4)
FN:55,(anonymous_5)
FN:61,(anonymous_6)
FN:69,(anonymous_7)
FN:70,(anonymous_8)
FN:71,(anonymous_9)
FN:76,(anonymous_10)
FN:81,(anonymous_11)
FN:82,(anonymous_12)
FN:92,(anonymous_13)
FN:94,(anonymous_14)
FN:100,(anonymous_15)
FN:108,(anonymous_16)
FN:115,(anonymous_17)
FN:117,(anonymous_18)
FN:121,(anonymous_19)
FN:122,(anonymous_20)
FN:124,(anonymous_21)
FN:134,(anonymous_22)
FN:156,(anonymous_23)
FN:162,(anonymous_24)
FN:185,(anonymous_25)
FN:193,(anonymous_26)
FN:221,(anonymous_27)
FNF:28
FNH:0
FNDA:0,(anonymous_0)
FNDA:0,(anonymous_1)
FNDA:0,(anonymous_2)
FNDA:0,(anonymous_3)
FNDA:0,(anonymous_4)
FNDA:0,(anonymous_5)
FNDA:0,(anonymous_6)
FNDA:0,(anonymous_7)
FNDA:0,(anonymous_8)
FNDA:0,(anonymous_9)
FNDA:0,(anonymous_10)
FNDA:0,(anonymous_11)
FNDA:0,(anonymous_12)
FNDA:0,(anonymous_13)
FNDA:0,(anonymous_14)
FNDA:0,(anonymous_15)
FNDA:0,(anonymous_16)
FNDA:0,(anonymous_17)
FNDA:0,(anonymous_18)
FNDA:0,(anonymous_19)
FNDA:0,(anonymous_20)
FNDA:0,(anonymous_21)
FNDA:0,(anonymous_22)
FNDA:0,(anonymous_23)
FNDA:0,(anonymous_24)
FNDA:0,(anonymous_25)
FNDA:0,(anonymous_26)
FNDA:0,(anonymous_27)
DA:9,1
DA:14,1
DA:15,0
DA:22,1
DA:25,0
DA:29,1
DA:33,0
DA:36,0
DA:37,0
DA:41,1
DA:45,1
DA:55,0
DA:58,1
DA:61,0
DA:64,1
DA:69,0
DA:70,0
DA:71,0
DA:76,0
DA:80,1
DA:81,0
DA:82,0
DA:89,1
DA:92,0
DA:94,0
DA:97,1
DA:100,0
DA:103,1
DA:108,0
DA:115,1
DA:116,0
DA:117,0
DA:118,0
DA:119,0
DA:121,0
DA:122,0
DA:123,0
DA:124,0
DA:128,0
DA:129,0
DA:134,0
DA:141,0
DA:142,0
DA:144,0
DA:156,0
DA:162,0
DA:185,0
DA:194,0
DA:195,0
DA:196,0
DA:197,0
DA:198,0
DA:199,0
DA:200,0
DA:221,0
LF:55
LH:13
BRDA:69,0,0,0
BRDA:69,0,1,0
BRDA:70,1,0,0
BRDA:70,1,1,0
BRDA:71,2,0,0
BRDA:71,2,1,0
BRDA:128,3,0,0
BRDA:128,3,1,0
BRDA:141,4,0,0
BRDA:141,4,1,0
BRDA:142,5,0,0
BRDA:142,5,1,0
BRDA:151,6,0,0
BRDA:151,6,1,0
BRDA:195,7,0,0
BRDA:195,7,1,0
BRF:16
BRH:0
end_of_record
TN:
SF:src/pages/Receive/index.ts
FNF:0
FNH:0
LF:0
LH:0
BRF:0
BRH:0
end_of_record
TN:
SF:src/pages/Send/Send.tsx
FN:20,(anonymous_0)
FN:30,(anonymous_1)
FN:35,(anonymous_2)
FN:47,(anonymous_3)
FN:55,(anonymous_4)
FN:56,(anonymous_5)
FN:61,(anonymous_6)
FN:65,(anonymous_7)
FN:73,(anonymous_8)
FN:74,(anonymous_9)
FN:80,(anonymous_10)
FN:81,(anonymous_11)
FN:89,(anonymous_12)
FN:90,(anonymous_13)
FN:100,(anonymous_14)
FN:114,(anonymous_15)
FN:127,(anonymous_16)
FN:145,(anonymous_17)
FN:153,(anonymous_18)
FN:156,(anonymous_19)
FN:167,(anonymous_20)
FN:195,(anonymous_21)
FN:199,(anonymous_22)
FN:202,(anonymous_23)
FN:219,(anonymous_24)
FN:226,(anonymous_25)
FN:229,(anonymous_26)
FN:233,(anonymous_27)
FN:237,(anonymous_28)
FN:241,(anonymous_29)
FN:255,(anonymous_30)
FN:261,(anonymous_31)
FN:271,(anonymous_32)
FN:278,(anonymous_33)
FN:306,(anonymous_34)
FN:310,(anonymous_35)
FN:315,(anonymous_36)
FN:335,(anonymous_37)
FN:343,(anonymous_38)
FN:346,(anonymous_39)
FN:371,(anonymous_40)
FN:376,(anonymous_41)
FN:409,(anonymous_42)
FN:439,(anonymous_43)
FN:452,(anonymous_44)
FN:509,(anonymous_45)
FN:528,(anonymous_46)
FN:557,(anonymous_47)
FN:579,(anonymous_48)
FN:586,(anonymous_49)
FN:605,(anonymous_50)
FN:627,(anonymous_51)
FNF:52
FNH:7
FNDA:0,(anonymous_0)
FNDA:0,(anonymous_1)
FNDA:0,(anonymous_2)
FNDA:0,(anonymous_3)
FNDA:0,(anonymous_4)
FNDA:0,(anonymous_5)
FNDA:0,(anonymous_6)
FNDA:0,(anonymous_7)
FNDA:0,(anonymous_8)
FNDA:0,(anonymous_9)
FNDA:0,(anonymous_10)
FNDA:0,(anonymous_11)
FNDA:0,(anonymous_12)
FNDA:0,(anonymous_13)
FNDA:0,(anonymous_14)
FNDA:0,(anonymous_15)
FNDA:0,(anonymous_16)
FNDA:0,(anonymous_17)
FNDA:0,(anonymous_18)
FNDA:0,(anonymous_19)
FNDA:0,(anonymous_20)
FNDA:17,(anonymous_21)
FNDA:32,(anonymous_22)
FNDA:32,(anonymous_23)
FNDA:16,(anonymous_24)
FNDA:16,(anonymous_25)
FNDA:0,(anonymous_26)
FNDA:0,(anonymous_27)
FNDA:16,(anonymous_28)
FNDA:0,(anonymous_29)
FNDA:0,(anonymous_30)
FNDA:16,(anonymous_31)
FNDA:0,(anonymous_32)
FNDA:0,(anonymous_33)
FNDA:0,(anonymous_34)
FNDA:0,(anonymous_35)
FNDA:0,(anonymous_36)
FNDA:0,(anonymous_37)
FNDA:0,(anonymous_38)
FNDA:0,(anonymous_39)
FNDA:0,(anonymous_40)
FNDA:0,(anonymous_41)
FNDA:0,(anonymous_42)
FNDA:0,(anonymous_43)
FNDA:0,(anonymous_44)
FNDA:0,(anonymous_45)
FNDA:0,(anonymous_46)
FNDA:0,(anonymous_47)
FNDA:0,(anonymous_48)
FNDA:0,(anonymous_49)
FNDA:0,(anonymous_50)
FNDA:0,(anonymous_51)
DA:10,2
DA:15,2
DA:19,2
DA:20,0
DA:27,2
DA:30,0
DA:33,2
DA:35,0
DA:39,2
DA:46,2
DA:47,0
DA:54,2
DA:55,0
DA:56,0
DA:61,0
DA:65,0
DA:73,0
DA:74,0
DA:79,2
DA:80,0
DA:81,0
DA:88,2
DA:89,0
DA:90,0
DA:100,0
DA:113,2
DA:114,0
DA:126,2
DA:127,0
DA:136,2
DA:143,2
DA:145,0
DA:148,2
DA:153,0
DA:156,0
DA:160,2
DA:167,0
DA:170,2
DA:176,2
DA:182,2
DA:189,2
DA:195,2
DA:196,17
DA:197,16
DA:198,16
DA:199,32
DA:201,16
DA:202,32
DA:205,16
DA:206,16
DA:207,16
DA:208,16
DA:209,16
DA:210,16
DA:211,16
DA:212,16
DA:213,16
DA:215,16
DA:216,16
DA:219,16
DA:220,16
DA:221,0
DA:226,16
DA:227,16
DA:229,0
DA:230,0
DA:233,0
DA:237,16
DA:238,16
DA:239,0
DA:242,0
DA:243,0
DA:244,0
DA:245,0
DA:254,0
DA:255,0
DA:256,0
DA:257,0
DA:261,16
DA:262,16
DA:263,0
DA:264,0
DA:265,0
DA:271,16
DA:272,0
DA:273,0
DA:276,0
DA:277,0
DA:278,0
DA:279,0
DA:282,0
DA:284,0
DA:285,0
DA:286,0
DA:287,0
DA:289,0
DA:290,0
DA:294,0
DA:295,0
DA:296,0
DA:299,0
DA:305,0
DA:306,0
DA:308,0
DA:309,0
DA:310,0
DA:315,16
DA:316,0
DA:317,0
DA:319,0
DA:320,0
DA:321,0
DA:322,0
DA:323,0
DA:324,0
DA:325,0
DA:329,0
DA:330,0
DA:333,0
DA:334,0
DA:335,0
DA:343,16
DA:344,16
DA:346,16
DA:347,0
DA:348,0
DA:349,0
DA:352,0
DA:353,0
DA:354,0
DA:357,0
DA:358,0
DA:359,0
DA:362,0
DA:363,0
DA:364,0
DA:367,0
DA:368,0
DA:371,16
DA:372,0
DA:373,0
DA:376,16
DA:377,0
DA:379,0
DA:382,0
DA:383,0
DA:385,0
DA:386,0
DA:396,0
DA:397,0
DA:398,0
DA:399,0
DA:400,0
DA:401,0
DA:402,0
DA:405,0
DA:406,0
DA:407,0
DA:409,0
DA:410,0
DA:412,0
DA:416,0
DA:417,0
DA:420,0
DA:421,0
DA:422,0
DA:424,0
DA:426,0
DA:428,0
DA:435,0
DA:439,16
DA:440,0
DA:441,0
DA:442,0
DA:443,0
DA:446,16
DA:447,16
DA:452,0
DA:459,0
DA:509,0
DA:528,0
DA:557,0
DA:579,0
DA:586,0
DA:605,0
DA:627,0
LF:186
LH:56
BRDA:114,0,0,0
BRDA:114,0,1,0
BRDA:220,1,0,0
BRDA:220,1,1,16
BRDA:220,2,0,16
BRDA:220,2,1,0
BRDA:227,3,0,16
BRDA:227,3,1,0
BRDA:227,4,0,16
BRDA:227,4,1,0
BRDA:238,5,0,0
BRDA:238,5,1,16
BRDA:238,6,0,16
BRDA:238,6,1,0
BRDA:262,7,0,0
BRDA:262,7,1,16
BRDA:276,8,0,0
BRDA:276,8,1,0
BRDA:276,9,0,0
BRDA:276,9,1,0
BRDA:286,10,0,0
BRDA:286,10,1,0
BRDA:294,11,0,0
BRDA:294,11,1,0
BRDA:317,12,0,0
BRDA:317,12,1,0
BRDA:320,13,0,0
BRDA:320,13,1,0
BRDA:323,14,0,0
BRDA:323,14,1,0
BRDA:329,15,0,0
BRDA:329,15,1,0
BRDA:343,16,0,16
BRDA:343,16,1,0
BRDA:344,17,0,16
BRDA:344,17,1,0
BRDA:347,18,0,0
BRDA:347,18,1,0
BRDA:352,19,0,0
BRDA:352,19,1,0
BRDA:352,20,0,0
BRDA:352,20,1,0
BRDA:352,20,2,0
BRDA:357,21,0,0
BRDA:357,21,1,0
BRDA:357,22,0,0
BRDA:357,22,1,0
BRDA:362,23,0,0
BRDA:362,23,1,0
BRDA:362,24,0,0
BRDA:362,24,1,0
BRDA:372,25,0,0
BRDA:372,25,1,0
BRDA:372,26,0,0
BRDA:372,26,1,0
BRDA:377,27,0,0
BRDA:377,27,1,0
BRDA:391,28,0,0
BRDA:391,28,1,0
BRDA:396,29,0,0
BRDA:396,29,1,0
BRDA:416,30,0,0
BRDA:416,30,1,0
BRDA:420,31,0,0
BRDA:420,31,1,0
BRDA:420,32,0,0
BRDA:420,32,1,0
BRDA:424,33,0,0
BRDA:424,33,1,0
BRDA:440,34,0,0
BRDA:440,34,1,0
BRDA:446,35,0,16
BRDA:446,35,1,0
BRDA:466,36,0,0
BRDA:466,36,1,0
BRDA:466,36,2,0
BRDA:473,37,0,0
BRDA:473,37,1,0
BRDA:473,37,2,0
BRDA:485,38,0,0
BRDA:485,38,1,0
BRDA:485,38,2,0
BRDA:486,39,0,0
BRDA:486,39,1,0
BRDA:494,40,0,0
BRDA:494,40,1,0
BRDA:517,41,0,0
BRDA:517,41,1,0
BRDA:517,42,0,0
BRDA:517,42,1,0
BRDA:542,43,0,0
BRDA:542,43,1,0
BRDA:573,44,0,0
BRDA:573,44,1,0
BRDA:576,45,0,0
BRDA:576,45,1,0
BRDA:592,46,0,0
BRDA:592,46,1,0
BRDA:592,46,2,0
BRDA:592,46,3,0
BRDA:610,47,0,0
BRDA:610,47,1,0
BRDA:631,48,0,0
BRDA:631,48,1,0
BRDA:632,49,0,0
BRDA:632,49,1,0
BRF:106
BRH:10
end_of_record
TN:
SF:src/pages/Send/index.ts
FNF:0
FNH:0
LF:0
LH:0
BRF:0
BRH:0
end_of_record
TN:
SF:src/pages/Settings/CustomNetworkConfig.tsx
FN:17,(anonymous_0)
FN:35,(anonymous_1)
FN:42,(anonymous_2)
FN:44,(anonymous_3)
FN:50,(anonymous_4)
FN:57,(anonymous_5)
FN:74,(anonymous_6)
FN:75,(anonymous_7)
FN:82,(anonymous_8)
FN:88,(anonymous_9)
FN:92,(anonymous_10)
FN:94,(anonymous_11)
FN:108,(anonymous_12)
FN:116,(anonymous_13)
FN:138,(anonymous_14)
FN:150,(anonymous_15)
FN:192,(anonymous_16)
FN:201,(anonymous_17)
FN:213,(anonymous_18)
FN:223,(anonymous_19)
FN:226,(anonymous_20)
FN:241,(anonymous_21)
FN:250,(anonymous_22)
FN:262,(anonymous_23)
FN:272,(anonymous_24)
FN:275,(anonymous_25)
FN:284,(anonymous_26)
FN:295,(anonymous_27)
FNF:28
FNH:26
FNDA:278,(anonymous_0)
FNDA:834,(anonymous_1)
FNDA:278,(anonymous_2)
FNDA:278,(anonymous_3)
FNDA:278,(anonymous_4)
FNDA:556,(anonymous_5)
FNDA:139,(anonymous_6)
FNDA:139,(anonymous_7)
FNDA:139,(anonymous_8)
FNDA:139,(anonymous_9)
FNDA:149,(anonymous_10)
FNDA:171,(anonymous_11)
FNDA:294,(anonymous_12)
FNDA:22,(anonymous_13)
FNDA:2,(anonymous_14)
FNDA:1,(anonymous_15)
FNDA:67,(anonymous_16)
FNDA:5,(anonymous_17)
FNDA:9,(anonymous_18)
FNDA:1,(anonymous_19)
FNDA:1,(anonymous_20)
FNDA:21,(anonymous_21)
FNDA:6,(anonymous_22)
FNDA:0,(anonymous_23)
FNDA:0,(anonymous_24)
FNDA:1,(anonymous_25)
FNDA:7,(anonymous_26)
FNDA:1,(anonymous_27)
DA:9,2
DA:13,2
DA:17,278
DA:20,2
DA:27,2
DA:32,2
DA:35,834
DA:39,2
DA:42,278
DA:44,278
DA:47,2
DA:50,278
DA:54,2
DA:57,556
DA:66,2
DA:73,2
DA:74,139
DA:75,139
DA:82,139
DA:88,139
DA:92,2
DA:93,149
DA:94,171
DA:97,148
DA:98,148
DA:99,148
DA:101,148
DA:102,148
DA:103,148
DA:105,148
DA:108,294
DA:116,148
DA:117,22
DA:118,22
DA:119,22
DA:120,22
DA:121,22
DA:127,22
DA:128,22
DA:129,22
DA:130,22
DA:131,22
DA:138,148
DA:139,2
DA:146,2
DA:147,2
DA:150,148
DA:152,1
DA:154,1
DA:157,148
DA:158,148
DA:159,148
DA:160,148
DA:162,148
DA:192,67
DA:201,5
DA:213,9
DA:223,1
DA:226,1
DA:241,21
DA:250,6
DA:262,0
DA:272,0
DA:275,1
DA:284,7
DA:295,1
LF:66
LH:64
BRDA:108,0,0,148
BRDA:108,0,1,0
BRDA:117,1,0,22
BRDA:117,1,1,0
BRDA:121,2,0,22
BRDA:121,2,1,0
BRDA:127,3,0,22
BRDA:127,3,1,0
BRDA:131,4,0,22
BRDA:131,4,1,0
BRDA:167,5,0,148
BRDA:167,5,1,5
BRDA:282,6,0,26
BRDA:282,6,1,122
BRDA:287,7,0,26
BRDA:287,7,1,21
BRF:16
BRH:11
end_of_record
TN:
SF:src/pages/Settings/Settings.tsx
FN:27,(anonymous_0)
FN:33,(anonymous_1)
FN:49,(anonymous_2)
FN:63,(anonymous_3)
FN:65,(anonymous_4)
FN:69,(anonymous_5)
FN:74,(anonymous_6)
FN:76,(anonymous_7)
FN:88,(anonymous_8)
FN:101,(anonymous_9)
FN:106,(anonymous_10)
FN:121,(anonymous_11)
FN:121,(anonymous_12)
FN:140,(anonymous_13)
FN:153,(anonymous_14)
FN:168,(anonymous_15)
FN:185,(anonymous_16)
FN:224,(anonymous_17)
FN:251,(anonymous_18)
FN:261,(anonymous_19)
FN:273,(anonymous_20)
FN:285,(anonymous_21)
FNF:22
FNH:18
FNDA:1775,(anonymous_0)
FNDA:425,(anonymous_1)
FNDA:191,(anonymous_2)
FNDA:197,(anonymous_3)
FNDA:217,(anonymous_4)
FNDA:9,(anonymous_5)
FNDA:2,(anonymous_6)
FNDA:4,(anonymous_7)
FNDA:4,(anonymous_8)
FNDA:2,(anonymous_9)
FNDA:160,(anonymous_10)
FNDA:782,(anonymous_11)
FNDA:587,(anonymous_12)
FNDA:48,(anonymous_13)
FNDA:38,(anonymous_14)
FNDA:0,(anonymous_15)
FNDA:0,(anonymous_16)
FNDA:9,(anonymous_17)
FNDA:26,(anonymous_18)
FNDA:48,(anonymous_19)
FNDA:0,(anonymous_20)
FNDA:0,(anonymous_21)
DA:10,2
DA:15,2
DA:19,2
DA:23,2
DA:27,1775
DA:31,2
DA:33,425
DA:37,2
DA:43,2
DA:50,191
DA:56,2
DA:63,2
DA:64,197
DA:65,217
DA:66,196
DA:67,196
DA:69,196
DA:70,9
DA:71,9
DA:74,196
DA:75,2
DA:76,4
DA:78,1
DA:81,1
DA:83,2
DA:84,2
DA:88,196
DA:89,4
DA:91,4
DA:101,196
DA:102,2
DA:103,2
DA:106,196
DA:107,160
DA:108,160
DA:112,196
DA:121,782
DA:122,587
DA:140,48
DA:153,38
DA:168,0
DA:185,0
DA:224,9
DA:251,26
DA:261,48
DA:273,0
DA:285,0
LF:47
LH:43
BRDA:50,0,0,0
BRDA:50,0,1,191
BRDA:51,1,0,0
BRDA:51,1,1,191
BRDA:75,2,0,2
BRDA:75,2,1,0
BRDA:76,3,0,1
BRDA:76,3,1,1
BRDA:76,4,0,2
BRDA:76,4,1,1
BRDA:107,5,0,160
BRDA:107,5,1,0
BRDA:126,6,0,587
BRDA:126,6,1,196
BRDA:134,7,0,95
BRDA:134,7,1,492
BRDA:167,8,0,95
BRDA:167,8,1,0
BRDA:177,9,0,95
BRDA:177,9,1,1
BRDA:184,10,0,1
BRDA:184,10,1,0
BRDA:210,11,0,492
BRDA:210,11,1,491
BRDA:216,12,0,492
BRDA:216,12,1,194
BRDA:235,13,0,196
BRDA:235,13,1,118
BRDA:235,13,2,23
BRDA:241,14,0,196
BRDA:241,14,1,78
BRDA:241,14,2,78
BRDA:272,15,0,78
BRDA:272,15,1,78
BRDA:284,16,0,78
BRDA:284,16,1,78
BRDA:301,17,0,78
BRDA:301,17,1,74
BRF:38
BRH:32
end_of_record
TN:
SF:src/pages/Settings/index.ts
FNF:0
FNH:0
LF:0
LH:0
BRF:0
BRH:0
end_of_record
TN:
SF:src/services/balancePolling.ts
FN:25,(anonymous_0)
FN:38,(anonymous_1)
FN:47,(anonymous_2)
FN:58,(anonymous_3)
FN:66,(anonymous_4)
FN:84,(anonymous_5)
FN:90,(anonymous_6)
FN:99,(anonymous_7)
FN:121,(anonymous_8)
FN:142,(anonymous_9)
FN:162,(anonymous_10)
FN:189,(anonymous_11)
FN:193,(anonymous_12)
FN:200,(anonymous_13)
FN:212,(anonymous_14)
FN:217,(anonymous_15)
FNF:16
FNH:0
FNDA:0,(anonymous_0)
FNDA:0,(anonymous_1)
FNDA:0,(anonymous_2)
FNDA:0,(anonymous_3)
FNDA:0,(anonymous_4)
FNDA:0,(anonymous_5)
FNDA:0,(anonymous_6)
FNDA:0,(anonymous_7)
FNDA:0,(anonymous_8)
FNDA:0,(anonymous_9)
FNDA:0,(anonymous_10)
FNDA:0,(anonymous_11)
FNDA:0,(anonymous_12)
FNDA:0,(anonymous_13)
FNDA:0,(anonymous_14)
FNDA:0,(anonymous_15)
DA:14,0
DA:15,0
DA:16,0
DA:19,0
DA:26,0
DA:27,0
DA:28,0
DA:29,0
DA:32,0
DA:34,0
DA:39,0
DA:40,0
DA:42,0
DA:48,0
DA:49,0
DA:50,0
DA:51,0
DA:53,0
DA:54,0
DA:59,0
DA:60,0
DA:61,0
DA:62,0
DA:67,0
DA:69,0
DA:70,0
DA:71,0
DA:75,0
DA:77,0
DA:80,0
DA:83,0
DA:84,0
DA:85,0
DA:91,0
DA:92,0
DA:93,0
DA:94,0
DA:100,0
DA:101,0
DA:102,0
DA:105,0
DA:106,0
DA:107,0
DA:108,0
DA:111,0
DA:112,0
DA:113,0
DA:116,0
DA:118,0
DA:120,0
DA:121,0
DA:122,0
DA:123,0
DA:124,0
DA:128,0
DA:129,0
DA:130,0
DA:133,0
DA:135,0
DA:136,0
DA:137,0
DA:138,0
DA:142,0
DA:144,0
DA:149,0
DA:150,0
DA:151,0
DA:153,0
DA:155,0
DA:157,0
DA:163,0
DA:165,0
DA:166,0
DA:169,0
DA:170,0
DA:171,0
DA:172,0
DA:174,0
DA:175,0
DA:178,0
DA:179,0
DA:181,0
DA:182,0
DA:184,0
DA:190,0
DA:191,0
DA:193,0
DA:194,0
DA:201,0
DA:202,0
DA:203,0
DA:206,0
DA:207,0
DA:213,0
DA:218,0
LF:95
LH:0
BRDA:28,0,0,0
BRDA:28,0,1,0
BRDA:50,1,0,0
BRDA:50,1,1,0
BRDA:69,2,0,0
BRDA:69,2,1,0
BRDA:91,3,0,0
BRDA:91,3,1,0
BRDA:100,4,0,0
BRDA:100,4,1,0
BRDA:111,5,0,0
BRDA:111,5,1,0
BRDA:111,6,0,0
BRDA:111,6,1,0
BRDA:122,7,0,0
BRDA:122,7,1,0
BRDA:135,8,0,0
BRDA:135,8,1,0
BRDA:137,9,0,0
BRDA:137,9,1,0
BRDA:165,10,0,0
BRDA:165,10,1,0
BRDA:165,11,0,0
BRDA:165,11,1,0
BRDA:174,12,0,0
BRDA:174,12,1,0
BRDA:181,13,0,0
BRDA:181,13,1,0
BRDA:191,14,0,0
BRDA:191,14,1,0
BRDA:206,15,0,0
BRDA:206,15,1,0
BRF:32
BRH:0
end_of_record
TN:
SF:src/services/ideStorage.ts
FN:30,(anonymous_0)
FN:32,(anonymous_1)
FN:44,(anonymous_2)
FN:57,(anonymous_3)
FN:71,(anonymous_4)
FN:104,(anonymous_5)
FN:116,(anonymous_6)
FN:117,(anonymous_7)
FN:119,(anonymous_8)
FN:138,(anonymous_9)
FN:142,(anonymous_10)
FN:143,(anonymous_11)
FN:157,(anonymous_12)
FN:158,(anonymous_13)
FN:160,(anonymous_14)
FN:170,(anonymous_15)
FN:175,(anonymous_16)
FN:192,(anonymous_17)
FN:196,(anonymous_18)
FNF:19
FNH:0
FNDA:0,(anonymous_0)
FNDA:0,(anonymous_1)
FNDA:0,(anonymous_2)
FNDA:0,(anonymous_3)
FNDA:0,(anonymous_4)
FNDA:0,(anonymous_5)
FNDA:0,(anonymous_6)
FNDA:0,(anonymous_7)
FNDA:0,(anonymous_8)
FNDA:0,(anonymous_9)
FNDA:0,(anonymous_10)
FNDA:0,(anonymous_11)
FNDA:0,(anonymous_12)
FNDA:0,(anonymous_13)
FNDA:0,(anonymous_14)
FNDA:0,(anonymous_15)
FNDA:0,(anonymous_16)
FNDA:0,(anonymous_17)
FNDA:0,(anonymous_18)
DA:26,0
DA:27,0
DA:28,0
DA:31,0
DA:32,0
DA:33,0
DA:34,0
DA:36,0
DA:38,0
DA:40,0
DA:45,0
DA:46,0
DA:47,0
DA:50,0
DA:51,0
DA:52,0
DA:53,0
DA:54,0
DA:57,0
DA:58,0
DA:59,0
DA:61,0
DA:64,0
DA:66,0
DA:67,0
DA:72,0
DA:73,0
DA:105,0
DA:106,0
DA:107,0
DA:108,0
DA:109,0
DA:110,0
DA:111,0
DA:112,0
DA:113,0
DA:117,0
DA:118,0
DA:119,0
DA:120,0
DA:121,0
DA:122,0
DA:131,0
DA:133,0
DA:134,0
DA:139,0
DA:142,0
DA:143,0
DA:146,0
DA:147,0
DA:148,0
DA:149,0
DA:150,0
DA:151,0
DA:152,0
DA:153,0
DA:154,0
DA:158,0
DA:159,0
DA:160,0
DA:161,0
DA:162,0
DA:163,0
DA:165,0
DA:166,0
DA:169,0
DA:170,0
DA:175,0
DA:182,0
DA:184,0
DA:187,0
DA:188,0
DA:193,0
DA:197,0
DA:198,0
DA:199,0
DA:201,0
LF:77
LH:0
BRDA:33,0,0,0
BRDA:33,0,1,0
BRDA:50,1,0,0
BRDA:50,1,1,0
BRDA:50,2,0,0
BRDA:50,2,1,0
BRDA:58,3,0,0
BRDA:58,3,1,0
BRDA:58,4,0,0
BRDA:58,4,1,0
BRDA:165,5,0,0
BRDA:165,5,1,0
BRDA:165,6,0,0
BRDA:165,6,1,0
BRDA:199,7,0,0
BRDA:199,7,1,0
BRF:16
BRH:0
end_of_record
TN:
SF:src/services/rchain.ts
FN:28,(anonymous_0)
FN:65,(anonymous_1)
FN:115,(anonymous_2)
FN:130,(anonymous_3)
FN:174,(anonymous_4)
FN:217,(anonymous_5)
FN:281,(anonymous_6)
FN:300,(anonymous_7)
FN:311,(anonymous_8)
FN:328,(anonymous_9)
FN:384,(anonymous_10)
FN:391,(anonymous_11)
FN:415,(anonymous_12)
FNF:13
FNH:7
FNDA:13,(anonymous_0)
FNDA:5,(anonymous_1)
FNDA:2,(anonymous_2)
FNDA:3,(anonymous_3)
FNDA:1,(anonymous_4)
FNDA:1,(anonymous_5)
FNDA:3,(anonymous_6)
FNDA:0,(anonymous_7)
FNDA:0,(anonymous_8)
FNDA:0,(anonymous_9)
FNDA:0,(anonymous_10)
FNDA:0,(anonymous_11)
FNDA:0,(anonymous_12)
DA:29,13
DA:30,13
DA:31,13
DA:32,13
DA:35,13
DA:44,13
DA:53,13
DA:54,0
DA:66,5
DA:67,5
DA:68,5
DA:69,5
DA:75,5
DA:77,0
DA:78,0
DA:79,5
DA:82,3
DA:83,3
DA:86,2
DA:87,2
DA:90,5
DA:92,5
DA:94,5
DA:102,2
DA:104,3
DA:105,3
DA:106,0
DA:107,0
DA:109,0
DA:116,2
DA:126,2
DA:131,3
DA:146,3
DA:147,3
DA:149,0
DA:151,0
DA:154,0
DA:155,0
DA:159,0
DA:160,0
DA:161,0
DA:165,0
DA:166,0
DA:168,3
DA:169,3
DA:175,1
DA:213,1
DA:218,1
DA:220,1
DA:221,1
DA:224,1
DA:234,1
DA:237,1
DA:252,1
DA:253,1
DA:254,1
DA:257,1
DA:259,1
DA:263,1
DA:265,1
DA:266,1
DA:267,1
DA:270,0
DA:273,0
DA:275,0
DA:276,0
DA:282,3
DA:283,3
DA:286,3
DA:288,0
DA:289,0
DA:291,3
DA:292,3
DA:293,0
DA:295,3
DA:301,0
DA:302,0
DA:303,0
DA:305,0
DA:306,0
DA:312,0
DA:314,0
DA:315,0
DA:317,0
DA:319,0
DA:320,0
DA:323,0
DA:324,0
DA:326,0
DA:328,0
DA:330,0
DA:332,0
DA:333,0
DA:341,0
DA:342,0
DA:351,0
DA:361,0
DA:365,0
DA:375,0
DA:376,0
DA:379,0
DA:384,0
DA:387,0
DA:392,0
DA:395,0
DA:397,0
DA:398,0
DA:400,0
DA:401,0
DA:402,0
DA:404,0
DA:407,0
DA:408,0
DA:410,0
DA:416,0
DA:417,0
DA:420,0
DA:421,0
DA:423,0
LF:119
LH:53
BRDA:28,0,0,13
BRDA:30,1,0,13
BRDA:30,1,1,13
BRDA:53,2,0,0
BRDA:53,2,1,13
BRDA:67,3,0,5
BRDA:67,3,1,4
BRDA:68,4,0,4
BRDA:68,4,1,1
BRDA:75,5,0,0
BRDA:75,5,1,5
BRDA:75,6,0,5
BRDA:75,6,1,0
BRDA:79,7,0,3
BRDA:79,7,1,2
BRDA:79,8,0,5
BRDA:79,8,1,2
BRDA:79,8,2,1
BRDA:92,9,0,5
BRDA:92,9,1,3
BRDA:97,10,0,4
BRDA:97,10,1,1
BRDA:98,11,0,3
BRDA:98,11,1,2
BRDA:104,12,0,3
BRDA:104,12,1,0
BRDA:106,13,0,0
BRDA:106,13,1,0
BRDA:149,14,0,0
BRDA:149,14,1,0
BRDA:149,15,0,0
BRDA:149,15,1,0
BRDA:154,16,0,0
BRDA:154,16,1,0
BRDA:159,17,0,0
BRDA:159,17,1,0
BRDA:217,18,0,1
BRDA:221,19,0,1
BRDA:221,19,1,0
BRDA:221,20,0,1
BRDA:221,20,1,1
BRDA:263,21,0,1
BRDA:263,21,1,0
BRDA:266,22,0,1
BRDA:266,22,1,0
BRDA:273,23,0,0
BRDA:273,23,1,0
BRDA:273,23,2,0
BRDA:292,24,0,0
BRDA:292,24,1,3
BRDA:303,25,0,0
BRDA:303,25,1,0
BRDA:303,26,0,0
BRDA:303,26,1,0
BRDA:311,27,0,0
BRDA:319,28,0,0
BRDA:319,28,1,0
BRDA:319,29,0,0
BRDA:319,29,1,0
[...]
DA:201,0
DA:216,0
DA:217,0
DA:218,0
DA:231,0
DA:234,0
DA:239,0
DA:240,0
DA:243,0
DA:244,0
DA:245,0
DA:246,0
DA:247,0
DA:248,0
DA:249,0
DA:250,0
DA:255,0
DA:260,0
DA:261,0
DA:262,0
DA:264,0
DA:265,0
DA:268,0
DA:269,0
DA:270,0
DA:273,0
DA:283,0
DA:284,0
DA:286,0
DA:287,0
DA:288,0
DA:291,0
DA:292,0
DA:293,0
DA:296,0
DA:297,0
DA:301,0
DA:302,0
DA:304,0
DA:305,0
DA:306,0
DA:309,0
DA:310,0
DA:311,0
DA:315,0
DA:327,0
DA:333,0
DA:338,0
DA:339,0
DA:343,0
DA:345,0
DA:347,0
DA:348,0
DA:349,0
DA:355,0
LF:120
LH:3
BRDA:49,0,0,0
BRDA:49,0,1,0
BRDA:65,1,0,0
BRDA:65,1,1,0
BRDA:80,2,0,0
BRDA:80,2,1,0
BRDA:85,3,0,0
BRDA:85,3,1,0
BRDA:106,4,0,0
BRDA:106,4,1,0
BRDA:106,5,0,0
BRDA:106,5,1,0
BRDA:107,6,0,0
BRDA:107,6,1,0
BRDA:107,7,0,0
BRDA:107,7,1,0
BRDA:108,8,0,0
BRDA:108,8,1,0
BRDA:108,9,0,0
BRDA:108,9,1,0
BRDA:109,10,0,0
BRDA:109,10,1,0
BRDA:109,11,0,0
BRDA:109,11,1,0
BRDA:110,12,0,0
BRDA:110,12,1,0
BRDA:110,13,0,0
BRDA:110,13,1,0
BRDA:113,14,0,0
BRDA:113,14,1,0
BRDA:113,15,0,0
BRDA:113,15,1,0
BRDA:114,16,0,0
BRDA:114,16,1,0
BRDA:114,17,0,0
BRDA:114,17,1,0
BRDA:124,18,0,0
BRDA:124,18,1,0
BRDA:124,18,2,0
BRDA:133,19,0,0
BRDA:133,19,1,0
BRDA:141,20,0,0
BRDA:141,20,1,0
BRDA:146,21,0,0
BRDA:146,21,1,0
BRDA:165,22,0,0
BRDA:165,22,1,0
BRDA:166,23,0,0
BRDA:166,23,1,0
BRDA:167,24,0,0
BRDA:167,24,1,0
BRDA:170,25,0,0
BRDA:170,25,1,0
BRDA:171,26,0,0
BRDA:171,26,1,0
BRDA:172,27,0,0
BRDA:172,27,1,0
BRDA:175,28,0,0
BRDA:175,28,1,0
BRDA:175,29,0,0
BRDA:175,29,1,0
BRDA:176,30,0,0
BRDA:176,30,1,0
BRDA:178,31,0,0
BRDA:178,31,1,0
BRDA:184,32,0,0
BRDA:184,32,1,0
BRDA:193,33,0,0
BRDA:196,34,0,0
BRDA:196,34,1,0
BRDA:224,35,0,0
BRDA:224,35,1,0
BRDA:225,36,0,0
BRDA:225,36,1,0
BRDA:226,37,0,0
BRDA:226,37,1,0
BRDA:227,38,0,0
BRDA:227,38,1,0
BRDA:228,39,0,0
BRDA:228,39,1,0
BRDA:230,40,0,0
BRDA:230,40,1,0
BRDA:238,41,0,0
BRDA:241,42,0,0
BRDA:241,42,1,0
BRDA:259,43,0,0
BRDA:269,44,0,0
BRDA:269,44,1,0
BRDA:291,45,0,0
BRDA:291,45,1,0
BRDA:302,46,0,0
BRDA:302,46,1,0
BRDA:310,47,0,0
BRDA:310,47,1,0
BRDA:347,48,0,0
BRDA:347,48,1,0
BRDA:347,49,0,0
BRDA:347,49,1,0
BRF:98
BRH:0
end_of_record
TN:
SF:src/services/walletConnect.ts
FN:41,(anonymous_0)
FN:57,(anonymous_1)
FN:105,(anonymous_2)
FN:121,(anonymous_3)
FN:126,(anonymous_4)
FN:130,(anonymous_5)
FN:134,(anonymous_6)
FN:142,(anonymous_7)
FN:146,(anonymous_8)
FN:157,(anonymous_9)
FN:162,(anonymous_10)
FN:166,(anonymous_11)
FN:172,(anonymous_12)
FN:176,(anonymous_13)
FN:200,(anonymous_14)
FN:236,(anonymous_15)
FN:250,(anonymous_16)
FN:268,(anonymous_17)
FN:289,(anonymous_18)
FN:295,(anonymous_19)
FN:315,(anonymous_20)
FN:320,(anonymous_21)
FN:337,(anonymous_22)
FN:344,(anonymous_23)
FN:362,(anonymous_24)
FN:371,(anonymous_25)
FN:380,(anonymous_26)
FN:387,(anonymous_27)
FN:394,(anonymous_28)
FN:400,(anonymous_29)
FN:410,(anonymous_30)
FNF:31
FNH:0
FNDA:0,(anonymous_0)
FNDA:0,(anonymous_1)
FNDA:0,(anonymous_2)
FNDA:0,(anonymous_3)
FNDA:0,(anonymous_4)
FNDA:0,(anonymous_5)
FNDA:0,(anonymous_6)
FNDA:0,(anonymous_7)
FNDA:0,(anonymous_8)
FNDA:0,(anonymous_9)
FNDA:0,(anonymous_10)
FNDA:0,(anonymous_11)
FNDA:0,(anonymous_12)
FNDA:0,(anonymous_13)
FNDA:0,(anonymous_14)
FNDA:0,(anonymous_15)
FNDA:0,(anonymous_16)
FNDA:0,(anonymous_17)
FNDA:0,(anonymous_18)
FNDA:0,(anonymous_19)
FNDA:0,(anonymous_20)
FNDA:0,(anonymous_21)
FNDA:0,(anonymous_22)
FNDA:0,(anonymous_23)
FNDA:0,(anonymous_24)
FNDA:0,(anonymous_25)
FNDA:0,(anonymous_26)
FNDA:0,(anonymous_27)
FNDA:0,(anonymous_28)
FNDA:0,(anonymous_29)
FNDA:0,(anonymous_30)
DA:34,0
DA:35,0
DA:36,0
DA:37,0
DA:38,0
DA:39,0
DA:43,0
DA:44,0
DA:48,0
DA:49,0
DA:53,0
DA:54,0
DA:58,0
DA:60,0
DA:63,0
DA:65,0
DA:67,0
DA:69,0
DA:74,0
DA:75,0
DA:76,0
DA:78,0
DA:88,0
DA:90,0
DA:91,0
DA:92,0
DA:93,0
DA:96,0
DA:98,0
DA:99,0
DA:100,0
DA:101,0
DA:106,0
DA:109,0
DA:112,0
DA:115,0
DA:118,0
DA:121,0
DA:122,0
DA:134,0
DA:135,0
DA:136,0
DA:137,0
DA:139,0
DA:142,0
DA:143,0
DA:146,0
DA:147,0
DA:148,0
DA:149,0
DA:150,0
DA:152,0
DA:153,0
DA:157,0
DA:158,0
DA:159,0
DA:163,0
DA:167,0
DA:168,0
DA:169,0
DA:170,0
DA:172,0
DA:177,0
DA:178,0
DA:179,0
DA:180,0
DA:183,0
DA:184,0
DA:186,0
DA:187,0
DA:188,0
DA:189,0
DA:191,0
DA:196,0
DA:201,0
DA:203,0
DA:204,0
DA:205,0
DA:209,0
DA:221,0
DA:227,0
DA:229,0
DA:231,0
DA:232,0
DA:237,0
DA:239,0
DA:240,0
DA:245,0
DA:246,0
DA:251,0
DA:253,0
DA:254,0
DA:263,0
DA:264,0
DA:269,0
DA:271,0
DA:272,0
DA:284,0
DA:285,0
DA:290,0
DA:292,0
DA:294,0
DA:295,0
DA:297,0
DA:298,0
DA:303,0
DA:307,0
DA:309,0
DA:311,0
DA:316,0
DA:317,0
DA:321,0
DA:322,0
DA:325,0
DA:326,0
DA:327,0
DA:329,0
DA:330,0
DA:335,0
DA:336,0
DA:337,0
DA:340,0
DA:345,0
DA:348,0
DA:349,0
DA:350,0
DA:352,0
DA:353,0
DA:354,0
DA:355,0
DA:356,0
DA:360,0
DA:361,0
DA:362,0
DA:363,0
DA:366,0
DA:372,0
DA:373,0
DA:374,0
DA:375,0
DA:376,0
DA:381,0
DA:382,0
DA:383,0
DA:384,0
DA:388,0
DA:389,0
DA:390,0
DA:391,0
DA:395,0
DA:396,0
DA:397,0
DA:403,0
DA:404,0
DA:405,0
DA:411,0
DA:415,0
DA:418,0
DA:419,0
LF:159
LH:0
BRDA:38,0,0,0
BRDA:38,0,1,0
BRDA:43,1,0,0
BRDA:43,1,1,0
BRDA:48,2,0,0
BRDA:48,2,1,0
BRDA:58,3,0,0
BRDA:58,3,1,0
BRDA:58,4,0,0
BRDA:58,4,1,0
BRDA:106,5,0,0
BRDA:106,5,1,0
BRDA:163,6,0,0
BRDA:163,6,1,0
BRDA:166,7,0,0
BRDA:169,8,0,0
BRDA:169,8,1,0
BRDA:178,9,0,0
BRDA:178,9,1,0
BRDA:201,10,0,0
BRDA:201,10,1,0
BRDA:237,11,0,0
BRDA:237,11,1,0
BRDA:251,12,0,0
BRDA:251,12,1,0
BRDA:269,13,0,0
BRDA:269,13,1,0
BRDA:279,14,0,0
BRDA:279,14,1,0
BRDA:290,15,0,0
BRDA:290,15,1,0
BRDA:297,16,0,0
BRDA:297,16,1,0
BRDA:316,17,0,0
BRDA:316,17,1,0
BRDA:327,18,0,0
BRDA:327,18,1,0
BRDA:327,19,0,0
BRDA:327,19,1,0
BRDA:329,20,0,0
BRDA:329,20,1,0
BRDA:329,21,0,0
BRDA:329,21,1,0
BRDA:335,22,0,0
BRDA:335,22,1,0
BRDA:355,23,0,0
BRDA:355,23,1,0
BRDA:355,24,0,0
BRDA:355,24,1,0
BRDA:355,24,2,0
BRDA:355,24,3,0
BRDA:360,25,0,0
BRDA:360,25,1,0
BRDA:397,26,0,0
BRDA:397,26,1,0
BRDA:404,27,0,0
BRDA:404,27,1,0
BRDA:418,28,0,0
BRDA:418,28,1,0
BRF:59
BRH:0
end_of_record
TN:
SF:src/store/authSlice.ts
FN:31,(anonymous_0)
FN:63,(anonymous_1)
FN:122,(anonymous_2)
FN:131,(anonymous_3)
FN:156,(anonymous_4)
FN:168,(anonymous_5)
FN:193,(anonymous_6)
FN:200,(anonymous_7)
FN:204,(anonymous_8)
FN:216,(anonymous_9)
FN:219,(anonymous_10)
FN:227,(anonymous_11)
FN:230,(anonymous_12)
FN:234,(anonymous_13)
FN:243,(anonymous_14)
FN:248,(anonymous_15)
FN:252,(anonymous_16)
FN:261,(anonymous_17)
FN:266,(anonymous_18)
FN:270,(anonymous_19)
FN:274,(anonymous_20)
FN:279,(anonymous_21)
FN:283,(anonymous_22)
FN:288,(anonymous_23)
FN:293,(anonymous_24)
FN:297,(anonymous_25)
FN:299,(anonymous_26)
FN:304,(anonymous_27)
FN:309,(anonymous_28)
FN:312,(anonymous_29)
FN:315,(anonymous_30)
FNF:31
FNH:15
FNDA:2,(anonymous_0)
FNDA:3,(anonymous_1)
FNDA:0,(anonymous_2)
FNDA:2,(anonymous_3)
FNDA:0,(anonymous_4)
FNDA:0,(anonymous_5)
FNDA:1,(anonymous_6)
FNDA:0,(anonymous_7)
FNDA:0,(anonymous_8)
FNDA:1,(anonymous_9)
FNDA:7,(anonymous_10)
FNDA:3,(anonymous_11)
FNDA:2,(anonymous_12)
FNDA:1,(anonymous_13)
FNDA:1,(anonymous_14)
FNDA:3,(anonymous_15)
FNDA:0,(anonymous_16)
FNDA:3,(anonymous_17)
FNDA:0,(anonymous_18)
FNDA:0,(anonymous_19)
FNDA:0,(anonymous_20)
FNDA:2,(anonymous_21)
FNDA:2,(anonymous_22)
FNDA:3,(anonymous_23)
FNDA:0,(anonymous_24)
FNDA:0,(anonymous_25)
FNDA:0,(anonymous_26)
FNDA:0,(anonymous_27)
FNDA:0,(anonymous_28)
FNDA:0,(anonymous_29)
FNDA:0,(anonymous_30)
DA:17,5
DA:29,5
DA:32,2
DA:33,1
DA:46,1
DA:49,1
DA:52,1
DA:53,1
DA:56,1
DA:61,5
DA:76,3
DA:78,0
DA:79,0
DA:81,0
DA:82,0
DA:84,0
DA:85,0
DA:87,3
DA:90,0
DA:103,0
DA:106,0
DA:107,0
DA:111,0
DA:112,0
DA:115,0
DA:120,5
DA:123,0
DA:124,0
DA:129,5
DA:132,2
DA:133,2
DA:134,2
DA:136,2
DA:137,1
DA:138,1
DA:139,0
DA:140,0
DA:144,1
DA:145,1
DA:148,0
DA:149,0
DA:154,5
DA:157,0
DA:158,0
DA:159,0
DA:161,0
DA:166,5
DA:169,0
DA:170,0
DA:171,0
DA:175,0
DA:176,0
DA:177,0
DA:178,0
DA:179,0
DA:180,0
DA:181,0
DA:182,0
DA:183,0
DA:185,0
DA:189,5
DA:194,1
DA:195,1
DA:196,1
DA:197,1
DA:198,1
DA:201,0
DA:202,0
DA:208,0
DA:209,0
DA:211,0
DA:212,0
DA:214,0
DA:217,1
DA:220,7
DA:221,7
DA:222,7
DA:223,0
DA:228,3
DA:231,2
DA:232,2
DA:235,1
DA:236,1
DA:238,1
DA:239,1
DA:241,1
DA:244,1
DA:245,1
DA:249,3
DA:250,3
DA:253,0
DA:254,0
DA:256,0
DA:257,0
DA:259,0
DA:262,3
DA:263,3
DA:267,0
DA:268,0
DA:271,0
DA:272,0
DA:275,0
DA:276,0
DA:280,2
DA:281,2
DA:284,2
DA:285,2
DA:286,2
DA:289,3
DA:290,3
DA:294,0
DA:295,0
DA:298,0
DA:299,0
DA:300,0
DA:301,0
DA:305,0
DA:306,0
DA:310,0
DA:313,0
DA:316,0
DA:317,0
DA:328,5
LF:123
LH:56
BRDA:52,0,0,1
BRDA:52,0,1,0
BRDA:76,1,0,0
BRDA:76,1,1,0
BRDA:76,1,2,0
BRDA:76,1,3,3
BRDA:96,2,0,0
BRDA:96,2,1,0
BRDA:106,3,0,0
BRDA:106,3,1,0
BRDA:111,4,0,0
BRDA:111,4,1,0
BRDA:138,5,0,0
BRDA:138,5,1,1
BRDA:144,6,0,1
BRDA:144,6,1,0
BRDA:158,7,0,0
BRDA:158,7,1,0
BRDA:170,8,0,0
BRDA:170,8,1,0
BRDA:208,9,0,0
BRDA:208,9,1,0
BRDA:211,10,0,0
BRDA:211,10,1,0
BRDA:222,11,0,0
BRDA:222,11,1,7
BRDA:238,12,0,1
BRDA:238,12,1,0
BRDA:245,13,0,1
BRDA:245,13,1,0
BRDA:256,14,0,0
BRDA:256,14,1,0
BRDA:263,15,0,3
BRDA:263,15,1,0
BRDA:276,16,0,0
BRDA:276,16,1,0
BRDA:290,17,0,3
BRDA:290,17,1,0
BRDA:300,18,0,0
BRDA:300,18,1,0
BRDA:306,19,0,0
BRDA:306,19,1,0
BRDA:317,20,0,0
BRDA:317,20,1,0
BRF:44
BRH:9
end_of_record
TN:
SF:src/store/hooks.ts
FN:4,(anonymous_0)
FNF:1
FNH:1
FNDA:7,(anonymous_0)
DA:4,7
DA:5,1
LF:2
LH:2
BRF:0
BRH:0
end_of_record
TN:
SF:src/store/index.ts
FN:14,(anonymous_0)
FNF:1
FNH:1
FNDA:1,(anonymous_0)
DA:7,1
DA:15,1
LF:2
LH:2
BRF:0
BRH:0
end_of_record
TN:
SF:src/store/themeSlice.ts
FN:15,(anonymous_0)
FNF:1
FNH:0
FNDA:0,(anonymous_0)
DA:7,4
DA:11,4
DA:16,0
DA:17,0
DA:22,4
LF:5
LH:3
BRF:0
BRH:0
end_of_record
TN:
SF:src/store/walletConnectSlice.ts
FN:42,(anonymous_0)
FN:64,(anonymous_1)
FN:83,(anonymous_2)
FN:97,(anonymous_3)
FN:106,(anonymous_4)
FN:113,(anonymous_5)
FN:121,(anonymous_6)
FN:129,(anonymous_7)
FN:144,(anonymous_8)
FN:147,(anonymous_9)
FN:150,(anonymous_10)
FN:151,(anonymous_11)
FN:153,(anonymous_12)
FN:157,(anonymous_13)
FN:160,(anonymous_14)
FN:164,(anonymous_15)
FN:170,(anonymous_16)
FN:181,(anonymous_17)
FN:188,(anonymous_18)
FN:193,(anonymous_19)
FN:196,(anonymous_20)
FN:204,(anonymous_21)
FN:208,(anonymous_22)
FN:219,(anonymous_23)
FN:225,(anonymous_24)
FN:231,(anonymous_25)
FN:232,(anonymous_26)
FN:237,(anonymous_27)
FN:238,(anonymous_28)
FN:243,(anonymous_29)
FN:244,(anonymous_30)
FNF:31
FNH:19
FNDA:5,(anonymous_0)
FNDA:1,(anonymous_1)
FNDA:1,(anonymous_2)
FNDA:1,(anonymous_3)
FNDA:1,(anonymous_4)
FNDA:1,(anonymous_5)
FNDA:1,(anonymous_6)
FNDA:1,(anonymous_7)
FNDA:4,(anonymous_8)
FNDA:3,(anonymous_9)
FNDA:1,(anonymous_10)
FNDA:2,(anonymous_11)
FNDA:0,(anonymous_12)
FNDA:2,(anonymous_13)
FNDA:5,(anonymous_14)
FNDA:0,(anonymous_15)
FNDA:0,(anonymous_16)
FNDA:5,(anonymous_17)
FNDA:1,(anonymous_18)
FNDA:0,(anonymous_19)
FNDA:1,(anonymous_20)
FNDA:0,(anonymous_21)
FNDA:0,(anonymous_22)
FNDA:1,(anonymous_23)
FNDA:0,(anonymous_24)
FNDA:0,(anonymous_25)
FNDA:0,(anonymous_26)
FNDA:0,(anonymous_27)
FNDA:0,(anonymous_28)
FNDA:1,(anonymous_29)
FNDA:0,(anonymous_30)
DA:24,2
DA:38,2
DA:40,2
DA:43,5
DA:46,5
DA:47,4
DA:48,4
DA:52,1
DA:53,1
DA:58,1
DA:59,0
DA:60,0
DA:64,1
DA:65,1
DA:66,1
DA:67,1
DA:68,0
DA:69,0
DA:70,0
DA:73,1
DA:77,1
DA:81,2
DA:84,1
DA:86,1
DA:87,0
DA:88,0
DA:90,1
DA:95,2
DA:98,1
DA:99,0
DA:100,0
DA:104,2
DA:107,1
DA:111,2
DA:114,1
DA:115,0
DA:119,2
DA:122,1
DA:123,0
DA:127,2
DA:130,1
DA:131,1
DA:133,1
DA:136,1
DA:140,2
DA:145,4
DA:148,3
DA:151,2
DA:154,0
DA:159,2
DA:161,5
DA:162,5
DA:165,0
DA:166,0
DA:167,0
DA:169,0
DA:170,0
DA:171,0
DA:172,0
DA:182,5
DA:183,5
DA:187,2
DA:189,1
DA:190,1
DA:191,1
DA:194,0
DA:197,1
DA:198,1
DA:199,1
DA:203,2
DA:205,0
DA:206,0
DA:208,0
DA:209,0
DA:210,0
DA:220,1
DA:224,2
DA:226,0
DA:230,2
DA:232,0
DA:236,2
DA:238,0
DA:242,2
DA:244,1
DA:245,1
DA:250,2
LF:86
LH:58
BRDA:46,0,0,4
BRDA:46,0,1,1
BRDA:58,1,0,0
BRDA:58,1,1,1
BRDA:90,2,0,1
BRDA:90,2,1,0
BRDA:171,3,0,0
BRDA:171,3,1,0
BRDA:183,4,0,5
BRDA:183,4,1,0
BRDA:199,5,0,1
BRDA:199,5,1,0
BRDA:209,6,0,0
BRDA:209,6,1,0
BRDA:220,7,0,1
BRDA:220,7,1,0
BRF:16
BRH:7
end_of_record
TN:
SF:src/store/walletSlice.ts
FN:43,(anonymous_0)
FN:57,(anonymous_1)
FN:60,(anonymous_2)
FN:75,(anonymous_3)
FN:89,(anonymous_4)
FN:98,(anonymous_5)
FN:106,(anonymous_6)
FN:117,(anonymous_7)
FN:119,(anonymous_8)
FN:136,(anonymous_9)
FN:149,(anonymous_10)
FN:211,(anonymous_11)
FN:223,(anonymous_12)
FN:236,(anonymous_13)
FN:237,(anonymous_14)
FN:244,(anonymous_15)
FN:254,(anonymous_16)
FN:255,(anonymous_17)
FN:260,(anonymous_18)
FN:261,(anonymous_19)
FN:266,(anonymous_20)
FN:271,(anonymous_21)
FN:276,(anonymous_22)
FN:277,(anonymous_23)
FN:285,(anonymous_24)
FN:288,(anonymous_25)
FN:291,(anonymous_26)
FN:292,(anonymous_27)
FN:303,(anonymous_28)
FN:314,(anonymous_29)
FN:318,(anonymous_30)
FN:322,(anonymous_31)
FN:326,(anonymous_32)
FN:328,(anonymous_33)
FN:331,(anonymous_34)
FN:332,(anonymous_35)
FN:341,(anonymous_36)
FN:345,(anonymous_37)
FN:348,(anonymous_38)
FN:352,(anonymous_39)
FNF:40
FNH:30
FNDA:6,(anonymous_0)
FNDA:2,(anonymous_1)
FNDA:4,(anonymous_2)
FNDA:8,(anonymous_3)
FNDA:6,(anonymous_4)
FNDA:0,(anonymous_5)
FNDA:0,(anonymous_6)
FNDA:6,(anonymous_7)
FNDA:6,(anonymous_8)
FNDA:2,(anonymous_9)
FNDA:3,(anonymous_10)
FNDA:0,(anonymous_11)
FNDA:0,(anonymous_12)
FNDA:3,(anonymous_13)
FNDA:4,(anonymous_14)
FNDA:0,(anonymous_15)
FNDA:1,(anonymous_16)
FNDA:1,(anonymous_17)
FNDA:3,(anonymous_18)
FNDA:8,(anonymous_19)
FNDA:0,(anonymous_20)
FNDA:0,(anonymous_21)
FNDA:2,(anonymous_22)
FNDA:2,(anonymous_23)
FNDA:5,(anonymous_24)
FNDA:0,(anonymous_25)
FNDA:6,(anonymous_26)
FNDA:13,(anonymous_27)
FNDA:2,(anonymous_28)
FNDA:6,(anonymous_29)
FNDA:6,(anonymous_30)
FNDA:0,(anonymous_31)
FNDA:6,(anonymous_32)
FNDA:2,(anonymous_33)
FNDA:1,(anonymous_34)
FNDA:0,(anonymous_35)
FNDA:1,(anonymous_36)
FNDA:3,(anonymous_37)
FNDA:1,(anonymous_38)
FNDA:3,(anonymous_39)
DA:7,6
DA:40,6
DA:43,6
DA:45,6
DA:46,0
DA:49,6
DA:50,6
DA:51,6
DA:52,1
DA:54,1
DA:57,2
DA:60,1
DA:61,4
DA:62,3
DA:66,1
DA:69,0
DA:71,5
DA:75,6
DA:77,8
DA:78,0
DA:81,8
DA:82,8
DA:84,1
DA:89,6
DA:92,6
DA:95,6
DA:98,6
DA:100,0
DA:101,0
DA:104,0
DA:105,0
DA:106,0
DA:111,0
DA:112,0
DA:117,6
DA:118,6
DA:119,6
DA:121,6
DA:132,6
DA:134,6
DA:137,2
DA:138,2
DA:141,1
DA:143,1
DA:147,6
DA:166,3
DA:167,3
DA:168,1
DA:169,2
DA:171,1
DA:172,1
DA:173,1
DA:177,3
DA:178,1
DA:181,2
DA:184,2
DA:186,2
DA:188,2
DA:199,2
DA:211,2
DA:212,0
DA:213,0
DA:218,0
DA:219,0
DA:224,0
DA:227,0
DA:231,6
DA:237,4
DA:243,3
DA:244,0
DA:245,0
DA:246,0
DA:248,0
DA:250,3
DA:251,3
DA:255,1
DA:256,1
DA:257,1
DA:261,8
DA:262,3
DA:263,3
DA:268,0
DA:271,0
DA:272,0
DA:273,0
DA:277,2
DA:278,2
DA:279,2
DA:281,2
DA:282,2
DA:286,5
DA:289,0
DA:292,13
DA:293,6
DA:294,6
DA:296,6
DA:297,2
DA:301,6
DA:305,2
DA:306,2
DA:310,2
DA:312,2
DA:315,6
DA:316,6
DA:318,6
DA:319,6
DA:320,6
DA:322,0
DA:327,6
DA:329,2
DA:332,1
DA:333,1
DA:334,0
DA:336,1
DA:337,0
DA:339,1
DA:342,1
DA:343,1
DA:346,3
DA:349,1
DA:350,1
DA:353,3
DA:354,3
DA:370,6
LF:124
LH:96
BRDA:18,0,0,6
BRDA:18,0,1,6
BRDA:19,1,0,6
BRDA:19,1,1,6
BRDA:25,2,0,6
BRDA:25,2,1,6
BRDA:26,3,0,6
BRDA:26,3,1,6
BRDA:32,4,0,6
BRDA:32,4,1,6
BRDA:33,5,0,6
BRDA:33,5,1,6
BRDA:34,6,0,6
BRDA:34,6,1,6
BRDA:45,7,0,0
BRDA:45,7,1,6
BRDA:45,8,0,6
BRDA:45,8,1,6
BRDA:51,9,0,1
BRDA:51,9,1,5
BRDA:61,10,0,3
BRDA:61,10,1,1
BRDA:77,11,0,0
BRDA:77,11,1,8
BRDA:77,12,0,8
BRDA:77,12,1,8
BRDA:100,13,0,0
BRDA:100,13,1,0
BRDA:100,14,0,0
BRDA:100,14,1,0
BRDA:119,15,0,6
BRDA:119,15,1,0
BRDA:167,16,0,1
BRDA:167,16,1,2
BRDA:169,17,0,1
BRDA:169,17,1,1
BRDA:172,18,0,1
BRDA:172,18,1,0
BRDA:177,19,0,1
BRDA:177,19,1,2
BRDA:212,20,0,0
BRDA:212,20,1,0
BRDA:218,21,0,0
BRDA:218,21,1,0
BRDA:218,22,0,0
BRDA:218,22,1,0
BRDA:243,23,0,0
BRDA:243,23,1,3
BRDA:245,24,0,0
BRDA:245,24,1,0
BRDA:248,25,0,0
BRDA:248,25,1,0
BRDA:250,26,0,3
BRDA:250,26,1,0
BRDA:256,27,0,1
BRDA:256,27,1,0
BRDA:262,28,0,3
BRDA:262,28,1,0
BRDA:272,29,0,0
BRDA:272,29,1,0
BRDA:273,30,0,0
BRDA:273,30,1,0
BRDA:278,31,0,2
BRDA:278,31,1,0
BRDA:281,32,0,2
BRDA:281,32,1,0
BRDA:293,33,0,6
BRDA:293,33,1,0
BRDA:296,34,0,2
BRDA:296,34,1,4
BRDA:319,35,0,6
BRDA:319,35,1,0
BRDA:322,36,0,0
BRDA:322,36,1,0
BRDA:333,37,0,0
BRDA:333,37,1,1
BRDA:336,38,0,0
BRDA:336,38,1,1
BRDA:342,39,0,1
BRDA:342,39,1,0
BRDA:353,40,0,3
BRDA:353,40,1,0
BRF:82
BRH:46
end_of_record
TN:
SF:src/styles/GlobalStyles.ts
FN:24,(anonymous_0)
FN:25,(anonymous_1)
FN:66,(anonymous_2)
FN:71,(anonymous_3)
FN:78,(anonymous_4)
FN:108,(anonymous_5)
FN:109,(anonymous_6)
FN:110,(anonymous_7)
FN:115,(anonymous_8)
FN:116,(anonymous_9)
FN:120,(anonymous_10)
FN:131,(anonymous_11)
FN:135,(anonymous_12)
FN:139,(anonymous_13)
FN:145,(anonymous_14)
FN:146,(anonymous_15)
FN:155,(anonymous_16)
FN:249,(anonymous_17)
FN:250,(anonymous_18)
FN:251,(anonymous_19)
FNF:20
FNH:0
FNDA:0,(anonymous_0)
FNDA:0,(anonymous_1)
FNDA:0,(anonymous_2)
FNDA:0,(anonymous_3)
FNDA:0,(anonymous_4)
FNDA:0,(anonymous_5)
FNDA:0,(anonymous_6)
FNDA:0,(anonymous_7)
FNDA:0,(anonymous_8)
FNDA:0,(anonymous_9)
FNDA:0,(anonymous_10)
FNDA:0,(anonymous_11)
FNDA:0,(anonymous_12)
FNDA:0,(anonymous_13)
FNDA:0,(anonymous_14)
FNDA:0,(anonymous_15)
FNDA:0,(anonymous_16)
FNDA:0,(anonymous_17)
FNDA:0,(anonymous_18)
FNDA:0,(anonymous_19)
DA:4,1
DA:24,0
DA:25,0
DA:66,0
DA:71,0
DA:78,0
DA:108,0
DA:109,0
DA:110,0
DA:115,0
DA:116,0
DA:120,0
DA:131,0
DA:135,0
DA:139,0
DA:145,0
DA:146,0
DA:155,0
DA:249,0
DA:250,0
DA:251,0
LF:21
LH:1
BRF:0
BRH:0
end_of_record
TN:
SF:src/styles/theme.ts
FNF:0
FNH:0
DA:2,4
DA:47,4
LF:2
LH:2
BRF:0
BRH:0
end_of_record
TN:
SF:src/types/wallet.ts
FNF:0
FNH:0
LF:0
LH:0
BRF:0
BRH:0
end_of_record
TN:
SF:src/utils/crypto.ts
FN:21,(anonymous_0)
FN:29,(anonymous_1)
FN:30,(anonymous_2)
FN:33,(anonymous_3)
FN:39,(anonymous_4)
FN:60,(anonymous_5)
FN:71,(anonymous_6)
FN:96,(anonymous_7)
FN:115,(anonymous_8)
FN:119,(anonymous_9)
FN:132,(anonymous_10)
FN:151,(anonymous_11)
FN:162,(anonymous_12)
FN:170,(anonymous_13)
FN:178,(anonymous_14)
FN:191,(anonymous_15)
FN:197,(anonymous_16)
FN:217,(anonymous_17)
FNF:18
FNH:10
FNDA:1,(anonymous_0)
FNDA:2,(anonymous_1)
FNDA:136,(anonymous_2)
FNDA:0,(anonymous_3)
FNDA:0,(anonymous_4)
FNDA:0,(anonymous_5)
FNDA:0,(anonymous_6)
FNDA:0,(anonymous_7)
FNDA:0,(anonymous_8)
FNDA:0,(anonymous_9)
FNDA:0,(anonymous_10)
FNDA:2,(anonymous_11)
FNDA:4,(anonymous_12)
FNDA:8,(anonymous_13)
FNDA:4,(anonymous_14)
FNDA:1,(anonymous_15)
FNDA:1,(anonymous_16)
FNDA:1,(anonymous_17)
DA:8,9
DA:18,9
DA:21,9
DA:22,1
DA:23,1
DA:24,32
DA:26,1
DA:29,9
DA:30,136
DA:33,9
DA:34,0
DA:35,0
DA:39,9
DA:40,0
DA:41,0
DA:42,0
DA:43,0
DA:44,0
DA:45,0
DA:47,0
DA:54,0
DA:55,0
DA:60,9
DA:62,0
DA:64,0
DA:66,0
DA:67,0
DA:71,9
DA:72,0
DA:73,0
DA:74,0
DA:75,0
DA:79,0
DA:80,0
DA:83,0
DA:84,0
DA:85,0
DA:88,0
DA:90,0
DA:91,0
DA:96,9
DA:97,0
DA:98,0
DA:99,0
DA:100,0
DA:101,0
DA:103,0
DA:110,0
DA:115,9
DA:116,0
DA:119,9
DA:120,0
DA:121,0
DA:124,0
DA:125,0
DA:132,9
DA:133,0
DA:134,0
DA:135,0
DA:136,0
DA:138,0
DA:143,0
DA:149,1
DA:152,2
DA:154,2
DA:155,2
DA:157,2
DA:158,2
DA:159,2
DA:163,4
DA:165,4
DA:166,4
DA:167,4
DA:171,8
DA:172,1
DA:173,1
DA:175,8
DA:183,4
DA:184,8
DA:186,8
DA:188,4
DA:192,1
DA:197,9
DA:198,1
DA:200,1
DA:206,1
DA:207,1
DA:208,1
DA:209,1
DA:210,1
DA:211,1
DA:213,1
DA:217,9
DA:218,1
DA:221,1
DA:224,1
DA:225,1
DA:228,1
DA:229,1
DA:232,1
DA:233,1
DA:235,1
LF:102
LH:57
BRDA:55,0,0,0
BRDA:55,0,1,0
BRDA:74,1,0,0
BRDA:74,1,1,0
BRDA:74,2,0,0
BRDA:74,2,1,0
BRDA:91,3,0,0
BRDA:91,3,1,0
BRDA:120,4,0,0
BRDA:120,4,1,0
BRDA:152,5,0,0
BRDA:152,5,1,2
BRDA:163,6,0,0
BRDA:163,6,1,4
BRDA:198,7,0,0
BRF:15
BRH:2
end_of_record
TN:
SF:src/utils/encryption.ts
FN:9,(anonymous_0)
FN:26,(anonymous_1)
FN:53,(anonymous_2)
FN:89,(anonymous_3)
FNF:4
FNH:1
FNDA:0,(anonymous_0)
FNDA:0,(anonymous_1)
FNDA:0,(anonymous_2)
FNDA:16,(anonymous_3)
DA:9,5
DA:10,0
DA:11,0
DA:13,0
DA:14,0
DA:16,0
DA:26,5
DA:27,0
DA:29,0
DA:30,0
DA:31,0
DA:32,0
DA:34,0
DA:53,5
DA:54,0
DA:64,0
DA:65,0
DA:67,0
DA:68,0
DA:70,0
DA:71,0
DA:73,0
DA:74,0
DA:76,0
DA:77,0
DA:80,0
DA:81,0
DA:89,5
DA:90,16
LF:29
LH:5
BRDA:10,0,0,0
BRDA:10,0,1,0
BRDA:11,1,0,0
BRDA:11,1,1,0
BRDA:27,2,0,0
BRDA:27,2,1,0
BRDA:27,3,0,0
BRDA:27,3,1,0
BRDA:32,4,0,0
BRDA:32,4,1,0
BRDA:64,5,0,0
BRDA:64,5,1,0
BRDA:67,6,0,0
BRDA:67,6,1,0
BRDA:70,7,0,0
BRDA:70,7,1,0
BRDA:73,8,0,0
BRDA:73,8,1,0
BRDA:76,9,0,0
BRDA:76,9,1,0
BRF:20
BRH:0
end_of_record
